
2019-01-26 11:50:38 INFO  [RMI TCP Connection(5)-127.0.0.1:ContextLoader.java:285]: Root WebApplicationContext: initialization started

2019-01-26 11:50:38 INFO  [RMI TCP Connection(5)-127.0.0.1:AbstractApplicationContext.java:513]: Refreshing Root WebApplicationContext: startup date [Sat Jan 26 11:50:38 EET 2019];
root of context hierarchy

2019-01-26 11:50:38 INFO  [RMI TCP Connection(5)-127.0.0.1:XmlBeanDefinitionReader.java:316]: Loading XML bean definitions from ServletContext resource [/WEB-INF/spring/root-context.xml]

2019-01-26 11:50:38 INFO  [RMI TCP Connection(5)-127.0.0.1:XmlBeanDefinitionReader.java:316]: Loading XML bean definitions from class path resource [META-INF/spring/datasource-tx-jpa.xml]

2019-01-26 11:50:39 INFO  [RMI TCP Connection(5)-127.0.0.1:DefaultListableBeanFactory.java:746]: Overriding bean definition for bean 'actorRepository':
replacing [Root bean: class [org.springframework.data.jpa.repository.support.JpaRepositoryFactoryBean]; scope=; abstract=false; lazyInit=false; autowireMode=0;
dependencyCheck=0; autowireCandidate=true; primary=false; factoryBeanName=null; factoryMethodName=null; initMethodName=null; destroyMethodName=null] with
[Root bean: class [org.springframework.data.jpa.repository.support.JpaRepositoryFactoryBean]; scope=; abstract=false; lazyInit=false; autowireMode=0; dependencyCheck=0;
autowireCandidate=true; primary=false; factoryBeanName=null; factoryMethodName=null; initMethodName=null; destroyMethodName=null]

2019-01-26 11:50:39 INFO  [RMI TCP Connection(5)-127.0.0.1:DriverManagerDataSource.java:133]: Loaded JDBC driver: org.postgresql.Driver

2019-01-26 11:50:39 INFO  [RMI TCP Connection(5)-127.0.0.1:LocalContainerEntityManagerFactoryBean.java:332]: Building JPA container EntityManagerFactory for persistence unit 'default'

2019-01-26 11:50:39 INFO  [RMI TCP Connection(5)-127.0.0.1:LogHelper.java:31]: HHH000204: Processing PersistenceUnitInfo [name: default]

2019-01-26 11:50:40 INFO  [RMI TCP Connection(5)-127.0.0.1:Version.java:46]: HHH000412: Hibernate Core {5.4.1.Final}

2019-01-26 11:50:40 INFO  [RMI TCP Connection(5)-127.0.0.1:JavaReflectionManager.java:49]: HCANN000001: Hibernate Commons Annotations {5.1.0.Final}

2019-01-26 11:50:41 INFO  [RMI TCP Connection(5)-127.0.0.1:Dialect.java:158]: HHH000400: Using dialect: org.hibernate.dialect.PostgreSQL9Dialect

2019-01-26 11:50:42 ERROR [RMI TCP Connection(5)-127.0.0.1:ContextLoader.java:331]: Context initialization failed

org.springframework.beans.factory.BeanCreationException: Error creating bean with name 'emf' defined in class path resource [META-INF/spring/datasource-tx-jpa.xml]:
Invocation of init method failed;
nested exception is org.hibernate.AnnotationException: @Column(s) not allowed on a @ManyToOne property: ua.dp.moviesManager.entity.Movie.codec
	at org.springframework.beans.factory.support.AbstractAutowireCapableBeanFactory.initializeBean(AbstractAutowireCapableBeanFactory.java:1553)
	~[spring-beans-4.0.2.RELEASE.jar:4.0.2.RELEASE]
	at org.springframework.beans.factory.support.AbstractAutowireCapableBeanFactory.doCreateBean(AbstractAutowireCapableBeanFactory.java:539) ~[spring-beans-4.0.2.RELEASE.jar:4.0.2.RELEASE]
	at org.springframework.beans.factory.support.AbstractAutowireCapableBeanFactory.createBean(AbstractAutowireCapableBeanFactory.java:475) ~[spring-beans-4.0.2.RELEASE.jar:4.0.2.RELEASE]
	at org.springframework.beans.factory.support.AbstractBeanFactory$1.getObject(AbstractBeanFactory.java:304) ~[spring-beans-4.0.2.RELEASE.jar:4.0.2.RELEASE]
	at org.springframework.beans.factory.support.DefaultSingletonBeanRegistry.getSingleton(DefaultSingletonBeanRegistry.java:228) ~[spring-beans-4.0.2.RELEASE.jar:4.0.2.RELEASE]
	at org.springframework.beans.factory.support.AbstractBeanFactory.doGetBean(AbstractBeanFactory.java:300) ~[spring-beans-4.0.2.RELEASE.jar:4.0.2.RELEASE]
	at org.springframework.beans.factory.support.AbstractBeanFactory.getBean(AbstractBeanFactory.java:195) ~[spring-beans-4.0.2.RELEASE.jar:4.0.2.RELEASE]
	at org.springframework.context.support.AbstractApplicationContext.getBean(AbstractApplicationContext.java:973) ~[spring-context-4.0.2.RELEASE.jar:4.0.2.RELEASE]
	at org.springframework.context.support.AbstractApplicationContext.finishBeanFactoryInitialization(AbstractApplicationContext.java:750) ~[spring-context-4.0.2.RELEASE.jar:4.0.2.RELEASE]
	at org.springframework.context.support.AbstractApplicationContext.refresh(AbstractApplicationContext.java:482) ~[spring-context-4.0.2.RELEASE.jar:4.0.2.RELEASE]
	at org.springframework.web.context.ContextLoader.configureAndRefreshWebApplicationContext(ContextLoader.java:403) ~[spring-web-4.0.2.RELEASE.jar:4.0.2.RELEASE]
	at org.springframework.web.context.ContextLoader.initWebApplicationContext(ContextLoader.java:306) ~[spring-web-4.0.2.RELEASE.jar:4.0.2.RELEASE]
	at org.springframework.web.context.ContextLoaderListener.contextInitialized(ContextLoaderListener.java:106) [spring-web-4.0.2.RELEASE.jar:4.0.2.RELEASE]
	at org.apache.catalina.core.StandardContext.listenerStart(StandardContext.java:4812) [catalina.jar:8.0.30]
	at org.apache.catalina.core.StandardContext.startInternal(StandardContext.java:5255) [catalina.jar:8.0.30]
	at org.apache.catalina.util.LifecycleBase.start(LifecycleBase.java:150) [catalina.jar:8.0.30]
	at org.apache.catalina.core.ContainerBase.addChildInternal(ContainerBase.java:725) [catalina.jar:8.0.30]
	at org.apache.catalina.core.ContainerBase.addChild(ContainerBase.java:701) [catalina.jar:8.0.30]
	at org.apache.catalina.core.StandardHost.addChild(StandardHost.java:717) [catalina.jar:8.0.30]
	at org.apache.catalina.startup.HostConfig.manageApp(HostConfig.java:1675) [catalina.jar:8.0.30]
	at sun.reflect.NativeMethodAccessorImpl.invoke0(Native Method) ~[na:1.8.0_45]
	at sun.reflect.NativeMethodAccessorImpl.invoke(NativeMethodAccessorImpl.java:62) ~[na:1.8.0_45]
	at sun.reflect.DelegatingMethodAccessorImpl.invoke(DelegatingMethodAccessorImpl.java:43) ~[na:1.8.0_45]
	at java.lang.reflect.Method.invoke(Method.java:497) ~[na:1.8.0_45]
	at org.apache.tomcat.util.modeler.BaseModelMBean.invoke(BaseModelMBean.java:300) [tomcat-coyote.jar:8.0.30]
	at com.sun.jmx.interceptor.DefaultMBeanServerInterceptor.invoke(DefaultMBeanServerInterceptor.java:819) [na:1.8.0_45]
	at com.sun.jmx.mbeanserver.JmxMBeanServer.invoke(JmxMBeanServer.java:801) [na:1.8.0_45]
	at org.apache.catalina.mbeans.MBeanFactory.createStandardContext(MBeanFactory.java:465) [catalina.jar:8.0.30]
	at org.apache.catalina.mbeans.MBeanFactory.createStandardContext(MBeanFactory.java:415) [catalina.jar:8.0.30]
	at sun.reflect.NativeMethodAccessorImpl.invoke0(Native Method) ~[na:1.8.0_45]
	at sun.reflect.NativeMethodAccessorImpl.invoke(NativeMethodAccessorImpl.java:62) ~[na:1.8.0_45]
	at sun.reflect.DelegatingMethodAccessorImpl.invoke(DelegatingMethodAccessorImpl.java:43) ~[na:1.8.0_45]
	at java.lang.reflect.Method.invoke(Method.java:497) ~[na:1.8.0_45]
	at org.apache.tomcat.util.modeler.BaseModelMBean.invoke(BaseModelMBean.java:300) [tomcat-coyote.jar:8.0.30]
	at com.sun.jmx.interceptor.DefaultMBeanServerInterceptor.invoke(DefaultMBeanServerInterceptor.java:819) [na:1.8.0_45]
	at com.sun.jmx.mbeanserver.JmxMBeanServer.invoke(JmxMBeanServer.java:801) [na:1.8.0_45]
	at javax.management.remote.rmi.RMIConnectionImpl.doOperation(RMIConnectionImpl.java:1466) [na:1.8.0_45]
	at javax.management.remote.rmi.RMIConnectionImpl.access$300(RMIConnectionImpl.java:76) [na:1.8.0_45]
	at javax.management.remote.rmi.RMIConnectionImpl$PrivilegedOperation.run(RMIConnectionImpl.java:1307) [na:1.8.0_45]
	at javax.management.remote.rmi.RMIConnectionImpl.doPrivilegedOperation(RMIConnectionImpl.java:1399) [na:1.8.0_45]
	at javax.management.remote.rmi.RMIConnectionImpl.invoke(RMIConnectionImpl.java:828) [na:1.8.0_45]
	at sun.reflect.NativeMethodAccessorImpl.invoke0(Native Method) ~[na:1.8.0_45]
	at sun.reflect.NativeMethodAccessorImpl.invoke(NativeMethodAccessorImpl.java:62) ~[na:1.8.0_45]
	at sun.reflect.DelegatingMethodAccessorImpl.invoke(DelegatingMethodAccessorImpl.java:43) ~[na:1.8.0_45]
	at java.lang.reflect.Method.invoke(Method.java:497) ~[na:1.8.0_45]
	at sun.rmi.server.UnicastServerRef.dispatch(UnicastServerRef.java:323) [na:1.8.0_45]
	at sun.rmi.transport.Transport$1.run(Transport.java:200) [na:1.8.0_45]
	at sun.rmi.transport.Transport$1.run(Transport.java:197) [na:1.8.0_45]
	at java.security.AccessController.doPrivileged(Native Method) [na:1.8.0_45]
	at sun.rmi.transport.Transport.serviceCall(Transport.java:196) [na:1.8.0_45]
	at sun.rmi.transport.tcp.TCPTransport.handleMessages(TCPTransport.java:568) [na:1.8.0_45]
	at sun.rmi.transport.tcp.TCPTransport$ConnectionHandler.run0(TCPTransport.java:826) [na:1.8.0_45]
	at sun.rmi.transport.tcp.TCPTransport$ConnectionHandler.lambda$run$254(TCPTransport.java:683) [na:1.8.0_45]
	at sun.rmi.transport.tcp.TCPTransport$ConnectionHandler$$Lambda$1/1280386181.run(Unknown Source) [na:1.8.0_45]
	at java.security.AccessController.doPrivileged(Native Method) [na:1.8.0_45]
	at sun.rmi.transport.tcp.TCPTransport$ConnectionHandler.run(TCPTransport.java:682) [na:1.8.0_45]
	at java.util.concurrent.ThreadPoolExecutor.runWorker(ThreadPoolExecutor.java:1142) [na:1.8.0_45]
	at java.util.concurrent.ThreadPoolExecutor$Worker.run(ThreadPoolExecutor.java:617) [na:1.8.0_45]
	at java.lang.Thread.run(Thread.java:745) [na:1.8.0_45]
Caused by: org.hibernate.AnnotationException: @Column(s) not allowed on a @ManyToOne property: ua.dp.moviesManager.entity.Movie.codec
	at org.hibernate.cfg.AnnotationBinder.processElementAnnotations(AnnotationBinder.java:1762) ~[hibernate-core-5.4.1.Final.jar:5.4.1.Final]
	at org.hibernate.cfg.AnnotationBinder.processIdPropertiesIfNotAlready(AnnotationBinder.java:976) ~[hibernate-core-5.4.1.Final.jar:5.4.1.Final]
	at org.hibernate.cfg.AnnotationBinder.bindClass(AnnotationBinder.java:803) ~[hibernate-core-5.4.1.Final.jar:5.4.1.Final]
	at org.hibernate.boot.model.source.internal.annotations.AnnotationMetadataSourceProcessorImpl.processEntityHierarchies(AnnotationMetadataSourceProcessorImpl.java:254)
	~[hibernate-core-5.4.1.Final.jar:5.4.1.Final]
	at org.hibernate.boot.model.process.spi.MetadataBuildingProcess$1.processEntityHierarchies(MetadataBuildingProcess.java:230) ~[hibernate-core-5.4.1.Final.jar:5.4.1.Final]
	at org.hibernate.boot.model.process.spi.MetadataBuildingProcess.complete(MetadataBuildingProcess.java:273) ~[hibernate-core-5.4.1.Final.jar:5.4.1.Final]
	at org.hibernate.jpa.boot.internal.EntityManagerFactoryBuilderImpl.metadata(EntityManagerFactoryBuilderImpl.java:903) ~[hibernate-core-5.4.1.Final.jar:5.4.1.Final]
	at org.hibernate.jpa.boot.internal.EntityManagerFactoryBuilderImpl.build(EntityManagerFactoryBuilderImpl.java:934) ~[hibernate-core-5.4.1.Final.jar:5.4.1.Final]
	at org.hibernate.jpa.HibernatePersistenceProvider.createContainerEntityManagerFactory(HibernatePersistenceProvider.java:141) ~[hibernate-core-5.4.1.Final.jar:5.4.1.Final]
	at org.springframework.orm.jpa.LocalContainerEntityManagerFactoryBean.createNativeEntityManagerFactory(LocalContainerEntityManagerFactoryBean.java:336) ~[spring-orm-4.0.2.RELEASE.jar:4.0.2.RELEASE]
	at org.springframework.orm.jpa.AbstractEntityManagerFactoryBean.afterPropertiesSet(AbstractEntityManagerFactoryBean.java:318) ~[spring-orm-4.0.2.RELEASE.jar:4.0.2.RELEASE]
	at org.springframework.beans.factory.support.AbstractAutowireCapableBeanFactory.invokeInitMethods(AbstractAutowireCapableBeanFactory.java:1612) ~[spring-beans-4.0.2.RELEASE.jar:4.0.2.RELEASE]
	at org.springframework.beans.factory.support.AbstractAutowireCapableBeanFactory.initializeBean(AbstractAutowireCapableBeanFactory.java:1549) ~[spring-beans-4.0.2.RELEASE.jar:4.0.2.RELEASE]
	... 58 common frames omitted
2019-01-26 11:55:43 INFO  [RMI TCP Connection(3)-127.0.0.1:ContextLoader.java:285]: Root WebApplicationContext: initialization started

2019-01-26 11:55:43 INFO  [RMI TCP Connection(3)-127.0.0.1:AbstractApplicationContext.java:513]: Refreshing Root WebApplicationContext: startup date [Sat Jan 26 11:55:43 EET 2019];
root of context hierarchy

2019-01-26 11:55:43 INFO  [RMI TCP Connection(3)-127.0.0.1:XmlBeanDefinitionReader.java:316]: Loading XML bean definitions from ServletContext resource [/WEB-INF/spring/root-context.xml]

2019-01-26 11:55:43 INFO  [RMI TCP Connection(3)-127.0.0.1:XmlBeanDefinitionReader.java:316]: Loading XML bean definitions from class path resource [META-INF/spring/datasource-tx-jpa.xml]

2019-01-26 11:55:44 INFO  [RMI TCP Connection(3)-127.0.0.1:DefaultListableBeanFactory.java:746]: Overriding bean definition for bean 'actorRepository':
replacing [Root bean: class [org.springframework.data.jpa.repository.support.JpaRepositoryFactoryBean]; scope=; abstract=false; lazyInit=false; autowireMode=0;
dependencyCheck=0; autowireCandidate=true; primary=false; factoryBeanName=null; factoryMethodName=null; initMethodName=null; destroyMethodName=null]
with [Root bean: class [org.springframework.data.jpa.repository.support.JpaRepositoryFactoryBean]; scope=; abstract=false; lazyInit=false; autowireMode=0; dependencyCheck=0;
autowireCandidate=true; primary=false; factoryBeanName=null; factoryMethodName=null; initMethodName=null; destroyMethodName=null]

2019-01-26 11:55:44 INFO  [RMI TCP Connection(3)-127.0.0.1:DriverManagerDataSource.java:133]: Loaded JDBC driver: org.postgresql.Driver

2019-01-26 11:55:44 INFO  [RMI TCP Connection(3)-127.0.0.1:LocalContainerEntityManagerFactoryBean.java:332]: Building JPA container EntityManagerFactory for persistence unit 'default'

2019-01-26 11:55:44 INFO  [RMI TCP Connection(3)-127.0.0.1:LogHelper.java:31]: HHH000204: Processing PersistenceUnitInfo [name: default]

2019-01-26 11:55:45 INFO  [RMI TCP Connection(3)-127.0.0.1:Version.java:46]: HHH000412: Hibernate Core {5.4.1.Final}

2019-01-26 11:55:45 INFO  [RMI TCP Connection(3)-127.0.0.1:JavaReflectionManager.java:49]: HCANN000001: Hibernate Commons Annotations {5.1.0.Final}

2019-01-26 11:55:46 INFO  [RMI TCP Connection(3)-127.0.0.1:Dialect.java:158]: HHH000400: Using dialect: org.hibernate.dialect.PostgreSQL9Dialect

2019-01-26 11:55:47 ERROR [RMI TCP Connection(3)-127.0.0.1:ContextLoader.java:331]: Context initialization failed

org.springframework.beans.factory.BeanCreationException: Error creating bean with name 'emf' defined in class path resource [META-INF/spring/datasource-tx-jpa.xml]:
Invocation of init method failed; nested exception is org.hibernate.AnnotationException: @OneToOne or @ManyToOne on ua.dp.moviesManager.entity.Box.location references an
unknown entity: java.lang.Long
	at org.springframework.beans.factory.support.AbstractAutowireCapableBeanFactory.initializeBean(AbstractAutowireCapableBeanFactory.java:1553)
	~[spring-beans-4.0.2.RELEASE.jar:4.0.2.RELEASE]
	at org.springframework.beans.factory.support.AbstractAutowireCapableBeanFactory.doCreateBean(AbstractAutowireCapableBeanFactory.java:539) ~[spring-beans-4.0.2.RELEASE.jar:4.0.2.RELEASE]
	at org.springframework.beans.factory.support.AbstractAutowireCapableBeanFactory.createBean(AbstractAutowireCapableBeanFactory.java:475) ~[spring-beans-4.0.2.RELEASE.jar:4.0.2.RELEASE]
	at org.springframework.beans.factory.support.AbstractBeanFactory$1.getObject(AbstractBeanFactory.java:304) ~[spring-beans-4.0.2.RELEASE.jar:4.0.2.RELEASE]
	at org.springframework.beans.factory.support.DefaultSingletonBeanRegistry.getSingleton(DefaultSingletonBeanRegistry.java:228) ~[spring-beans-4.0.2.RELEASE.jar:4.0.2.RELEASE]
	at org.springframework.beans.factory.support.AbstractBeanFactory.doGetBean(AbstractBeanFactory.java:300) ~[spring-beans-4.0.2.RELEASE.jar:4.0.2.RELEASE]
	at org.springframework.beans.factory.support.AbstractBeanFactory.getBean(AbstractBeanFactory.java:195) ~[spring-beans-4.0.2.RELEASE.jar:4.0.2.RELEASE]
	at org.springframework.context.support.AbstractApplicationContext.getBean(AbstractApplicationContext.java:973) ~[spring-context-4.0.2.RELEASE.jar:4.0.2.RELEASE]
	at org.springframework.context.support.AbstractApplicationContext.finishBeanFactoryInitialization(AbstractApplicationContext.java:750) ~[spring-context-4.0.2.RELEASE.jar:4.0.2.RELEASE]
	at org.springframework.context.support.AbstractApplicationContext.refresh(AbstractApplicationContext.java:482) ~[spring-context-4.0.2.RELEASE.jar:4.0.2.RELEASE]
	at org.springframework.web.context.ContextLoader.configureAndRefreshWebApplicationContext(ContextLoader.java:403) ~[spring-web-4.0.2.RELEASE.jar:4.0.2.RELEASE]
	at org.springframework.web.context.ContextLoader.initWebApplicationContext(ContextLoader.java:306) ~[spring-web-4.0.2.RELEASE.jar:4.0.2.RELEASE]
	at org.springframework.web.context.ContextLoaderListener.contextInitialized(ContextLoaderListener.java:106) [spring-web-4.0.2.RELEASE.jar:4.0.2.RELEASE]
	at org.apache.catalina.core.StandardContext.listenerStart(StandardContext.java:4812) [catalina.jar:8.0.30]
	at org.apache.catalina.core.StandardContext.startInternal(StandardContext.java:5255) [catalina.jar:8.0.30]
	at org.apache.catalina.util.LifecycleBase.start(LifecycleBase.java:150) [catalina.jar:8.0.30]
	at org.apache.catalina.core.ContainerBase.addChildInternal(ContainerBase.java:725) [catalina.jar:8.0.30]
	at org.apache.catalina.core.ContainerBase.addChild(ContainerBase.java:701) [catalina.jar:8.0.30]
	at org.apache.catalina.core.StandardHost.addChild(StandardHost.java:717) [catalina.jar:8.0.30]
	at org.apache.catalina.startup.HostConfig.manageApp(HostConfig.java:1675) [catalina.jar:8.0.30]
	at sun.reflect.NativeMethodAccessorImpl.invoke0(Native Method) ~[na:1.8.0_45]
	at sun.reflect.NativeMethodAccessorImpl.invoke(NativeMethodAccessorImpl.java:62) ~[na:1.8.0_45]
	at sun.reflect.DelegatingMethodAccessorImpl.invoke(DelegatingMethodAccessorImpl.java:43) ~[na:1.8.0_45]
	at java.lang.reflect.Method.invoke(Method.java:497) ~[na:1.8.0_45]
	at org.apache.tomcat.util.modeler.BaseModelMBean.invoke(BaseModelMBean.java:300) [tomcat-coyote.jar:8.0.30]
	at com.sun.jmx.interceptor.DefaultMBeanServerInterceptor.invoke(DefaultMBeanServerInterceptor.java:819) [na:1.8.0_45]
	at com.sun.jmx.mbeanserver.JmxMBeanServer.invoke(JmxMBeanServer.java:801) [na:1.8.0_45]
	at org.apache.catalina.mbeans.MBeanFactory.createStandardContext(MBeanFactory.java:465) [catalina.jar:8.0.30]
	at org.apache.catalina.mbeans.MBeanFactory.createStandardContext(MBeanFactory.java:415) [catalina.jar:8.0.30]
	at sun.reflect.NativeMethodAccessorImpl.invoke0(Native Method) ~[na:1.8.0_45]
	at sun.reflect.NativeMethodAccessorImpl.invoke(NativeMethodAccessorImpl.java:62) ~[na:1.8.0_45]
	at sun.reflect.DelegatingMethodAccessorImpl.invoke(DelegatingMethodAccessorImpl.java:43) ~[na:1.8.0_45]
	at java.lang.reflect.Method.invoke(Method.java:497) ~[na:1.8.0_45]
	at org.apache.tomcat.util.modeler.BaseModelMBean.invoke(BaseModelMBean.java:300) [tomcat-coyote.jar:8.0.30]
	at com.sun.jmx.interceptor.DefaultMBeanServerInterceptor.invoke(DefaultMBeanServerInterceptor.java:819) [na:1.8.0_45]
	at com.sun.jmx.mbeanserver.JmxMBeanServer.invoke(JmxMBeanServer.java:801) [na:1.8.0_45]
	at javax.management.remote.rmi.RMIConnectionImpl.doOperation(RMIConnectionImpl.java:1466) [na:1.8.0_45]
	at javax.management.remote.rmi.RMIConnectionImpl.access$300(RMIConnectionImpl.java:76) [na:1.8.0_45]
	at javax.management.remote.rmi.RMIConnectionImpl$PrivilegedOperation.run(RMIConnectionImpl.java:1307) [na:1.8.0_45]
	at javax.management.remote.rmi.RMIConnectionImpl.doPrivilegedOperation(RMIConnectionImpl.java:1399) [na:1.8.0_45]
	at javax.management.remote.rmi.RMIConnectionImpl.invoke(RMIConnectionImpl.java:828) [na:1.8.0_45]
	at sun.reflect.NativeMethodAccessorImpl.invoke0(Native Method) ~[na:1.8.0_45]
	at sun.reflect.NativeMethodAccessorImpl.invoke(NativeMethodAccessorImpl.java:62) ~[na:1.8.0_45]
	at sun.reflect.DelegatingMethodAccessorImpl.invoke(DelegatingMethodAccessorImpl.java:43) ~[na:1.8.0_45]
	at java.lang.reflect.Method.invoke(Method.java:497) ~[na:1.8.0_45]
	at sun.rmi.server.UnicastServerRef.dispatch(UnicastServerRef.java:323) [na:1.8.0_45]
	at sun.rmi.transport.Transport$1.run(Transport.java:200) [na:1.8.0_45]
	at sun.rmi.transport.Transport$1.run(Transport.java:197) [na:1.8.0_45]
	at java.security.AccessController.doPrivileged(Native Method) [na:1.8.0_45]
	at sun.rmi.transport.Transport.serviceCall(Transport.java:196) [na:1.8.0_45]
	at sun.rmi.transport.tcp.TCPTransport.handleMessages(TCPTransport.java:568) [na:1.8.0_45]
	at sun.rmi.transport.tcp.TCPTransport$ConnectionHandler.run0(TCPTransport.java:826) [na:1.8.0_45]
	at sun.rmi.transport.tcp.TCPTransport$ConnectionHandler.lambda$run$254(TCPTransport.java:683) [na:1.8.0_45]
	at sun.rmi.transport.tcp.TCPTransport$ConnectionHandler$$Lambda$1/212819548.run(Unknown Source) [na:1.8.0_45]
	at java.security.AccessController.doPrivileged(Native Method) [na:1.8.0_45]
	at sun.rmi.transport.tcp.TCPTransport$ConnectionHandler.run(TCPTransport.java:682) [na:1.8.0_45]
	at java.util.concurrent.ThreadPoolExecutor.runWorker(ThreadPoolExecutor.java:1142) [na:1.8.0_45]
	at java.util.concurrent.ThreadPoolExecutor$Worker.run(ThreadPoolExecutor.java:617) [na:1.8.0_45]
	at java.lang.Thread.run(Thread.java:745) [na:1.8.0_45]
Caused by: org.hibernate.AnnotationException: @OneToOne or @ManyToOne on ua.dp.moviesManager.entity.Box.location references an unknown entity: java.lang.Long
	at org.hibernate.cfg.ToOneFkSecondPass.doSecondPass(ToOneFkSecondPass.java:97) ~[hibernate-core-5.4.1.Final.jar:5.4.1.Final]
	at org.hibernate.boot.internal.InFlightMetadataCollectorImpl.processEndOfQueue(InFlightMetadataCollectorImpl.java:1815) ~[hibernate-core-5.4.1.Final.jar:5.4.1.Final]
	at org.hibernate.boot.internal.InFlightMetadataCollectorImpl.processFkSecondPassesInOrder(InFlightMetadataCollectorImpl.java:1759) ~[hibernate-core-5.4.1.Final.jar:5.4.1.Final]
	at org.hibernate.boot.internal.InFlightMetadataCollectorImpl.processSecondPasses(InFlightMetadataCollectorImpl.java:1646) ~[hibernate-core-5.4.1.Final.jar:5.4.1.Final]
	at org.hibernate.boot.model.process.spi.MetadataBuildingProcess.complete(MetadataBuildingProcess.java:286) ~[hibernate-core-5.4.1.Final.jar:5.4.1.Final]
	at org.hibernate.jpa.boot.internal.EntityManagerFactoryBuilderImpl.metadata(EntityManagerFactoryBuilderImpl.java:903) ~[hibernate-core-5.4.1.Final.jar:5.4.1.Final]
	at org.hibernate.jpa.boot.internal.EntityManagerFactoryBuilderImpl.build(EntityManagerFactoryBuilderImpl.java:934) ~[hibernate-core-5.4.1.Final.jar:5.4.1.Final]
	at org.hibernate.jpa.HibernatePersistenceProvider.createContainerEntityManagerFactory(HibernatePersistenceProvider.java:141) ~[hibernate-core-5.4.1.Final.jar:5.4.1.Final]
	at org.springframework.orm.jpa.LocalContainerEntityManagerFactoryBean.createNativeEntityManagerFactory(LocalContainerEntityManagerFactoryBean.java:336)
	~[spring-orm-4.0.2.RELEASE.jar:4.0.2.RELEASE]
	at org.springframework.orm.jpa.AbstractEntityManagerFactoryBean.afterPropertiesSet(AbstractEntityManagerFactoryBean.java:318) ~[spring-orm-4.0.2.RELEASE.jar:4.0.2.RELEASE]
	at org.springframework.beans.factory.support.AbstractAutowireCapableBeanFactory.invokeInitMethods(AbstractAutowireCapableBeanFactory.java:1612)
	~[spring-beans-4.0.2.RELEASE.jar:4.0.2.RELEASE]
	at org.springframework.beans.factory.support.AbstractAutowireCapableBeanFactory.initializeBean(AbstractAutowireCapableBeanFactory.java:1549)
	~[spring-beans-4.0.2.RELEASE.jar:4.0.2.RELEASE]
	... 58 common frames omitted
2019-01-26 12:17:53 INFO  [RMI TCP Connection(5)-127.0.0.1:ContextLoader.java:285]: Root WebApplicationContext: initialization started

2019-01-26 12:17:54 INFO  [RMI TCP Connection(5)-127.0.0.1:AbstractApplicationContext.java:513]: Refreshing Root WebApplicationContext: startup date [Sat Jan 26 12:17:54 EET 2019]; root of context hierarchy

2019-01-26 12:17:54 INFO  [RMI TCP Connection(5)-127.0.0.1:XmlBeanDefinitionReader.java:316]: Loading XML bean definitions from ServletContext resource [/WEB-INF/spring/root-context.xml]

2019-01-26 12:17:54 INFO  [RMI TCP Connection(5)-127.0.0.1:XmlBeanDefinitionReader.java:316]: Loading XML bean definitions from class path resource [META-INF/spring/datasource-tx-jpa.xml]

2019-01-26 12:17:54 INFO  [RMI TCP Connection(5)-127.0.0.1:DefaultListableBeanFactory.java:746]: Overriding bean definition for bean 'actorRepository': replacing [Root bean: class [org.springframework.data.jpa.repository.support.JpaRepositoryFactoryBean]; scope=; abstract=false; lazyInit=false; autowireMode=0; dependencyCheck=0; autowireCandidate=true; primary=false; factoryBeanName=null; factoryMethodName=null; initMethodName=null; destroyMethodName=null] with [Root bean: class [org.springframework.data.jpa.repository.support.JpaRepositoryFactoryBean]; scope=; abstract=false; lazyInit=false; autowireMode=0; dependencyCheck=0; autowireCandidate=true; primary=false; factoryBeanName=null; factoryMethodName=null; initMethodName=null; destroyMethodName=null]

2019-01-26 12:17:55 INFO  [RMI TCP Connection(5)-127.0.0.1:DriverManagerDataSource.java:133]: Loaded JDBC driver: org.postgresql.Driver

2019-01-26 12:17:55 INFO  [RMI TCP Connection(5)-127.0.0.1:LocalContainerEntityManagerFactoryBean.java:332]: Building JPA container EntityManagerFactory for persistence unit 'default'

2019-01-26 12:17:55 INFO  [RMI TCP Connection(5)-127.0.0.1:LogHelper.java:31]: HHH000204: Processing PersistenceUnitInfo [name: default]

2019-01-26 12:17:55 INFO  [RMI TCP Connection(5)-127.0.0.1:Version.java:46]: HHH000412: Hibernate Core {5.4.1.Final}

2019-01-26 12:17:56 INFO  [RMI TCP Connection(5)-127.0.0.1:JavaReflectionManager.java:49]: HCANN000001: Hibernate Commons Annotations {5.1.0.Final}

2019-01-26 12:17:57 INFO  [RMI TCP Connection(5)-127.0.0.1:Dialect.java:158]: HHH000400: Using dialect: org.hibernate.dialect.PostgreSQL9Dialect

2019-01-26 12:17:58 ERROR [RMI TCP Connection(5)-127.0.0.1:ContextLoader.java:331]: Context initialization failed

org.springframework.beans.factory.BeanCreationException: Error creating bean with name 'emf' defined in class path resource [META-INF/spring/datasource-tx-jpa.xml]: Invocation of init method failed; nested exception is org.hibernate.AnnotationException: @OneToOne or @ManyToOne on ua.dp.moviesManager.entity.Box.location references an unknown entity: java.lang.Long
	at org.springframework.beans.factory.support.AbstractAutowireCapableBeanFactory.initializeBean(AbstractAutowireCapableBeanFactory.java:1553) ~[spring-beans-4.0.2.RELEASE.jar:4.0.2.RELEASE]
	at org.springframework.beans.factory.support.AbstractAutowireCapableBeanFactory.doCreateBean(AbstractAutowireCapableBeanFactory.java:539) ~[spring-beans-4.0.2.RELEASE.jar:4.0.2.RELEASE]
	at org.springframework.beans.factory.support.AbstractAutowireCapableBeanFactory.createBean(AbstractAutowireCapableBeanFactory.java:475) ~[spring-beans-4.0.2.RELEASE.jar:4.0.2.RELEASE]
	at org.springframework.beans.factory.support.AbstractBeanFactory$1.getObject(AbstractBeanFactory.java:304) ~[spring-beans-4.0.2.RELEASE.jar:4.0.2.RELEASE]
	at org.springframework.beans.factory.support.DefaultSingletonBeanRegistry.getSingleton(DefaultSingletonBeanRegistry.java:228) ~[spring-beans-4.0.2.RELEASE.jar:4.0.2.RELEASE]
	at org.springframework.beans.factory.support.AbstractBeanFactory.doGetBean(AbstractBeanFactory.java:300) ~[spring-beans-4.0.2.RELEASE.jar:4.0.2.RELEASE]
	at org.springframework.beans.factory.support.AbstractBeanFactory.getBean(AbstractBeanFactory.java:195) ~[spring-beans-4.0.2.RELEASE.jar:4.0.2.RELEASE]
	at org.springframework.context.support.AbstractApplicationContext.getBean(AbstractApplicationContext.java:973) ~[spring-context-4.0.2.RELEASE.jar:4.0.2.RELEASE]
	at org.springframework.context.support.AbstractApplicationContext.finishBeanFactoryInitialization(AbstractApplicationContext.java:750) ~[spring-context-4.0.2.RELEASE.jar:4.0.2.RELEASE]
	at org.springframework.context.support.AbstractApplicationContext.refresh(AbstractApplicationContext.java:482) ~[spring-context-4.0.2.RELEASE.jar:4.0.2.RELEASE]
	at org.springframework.web.context.ContextLoader.configureAndRefreshWebApplicationContext(ContextLoader.java:403) ~[spring-web-4.0.2.RELEASE.jar:4.0.2.RELEASE]
	at org.springframework.web.context.ContextLoader.initWebApplicationContext(ContextLoader.java:306) ~[spring-web-4.0.2.RELEASE.jar:4.0.2.RELEASE]
	at org.springframework.web.context.ContextLoaderListener.contextInitialized(ContextLoaderListener.java:106) [spring-web-4.0.2.RELEASE.jar:4.0.2.RELEASE]
	at org.apache.catalina.core.StandardContext.listenerStart(StandardContext.java:4812) [catalina.jar:8.0.30]
	at org.apache.catalina.core.StandardContext.startInternal(StandardContext.java:5255) [catalina.jar:8.0.30]
	at org.apache.catalina.util.LifecycleBase.start(LifecycleBase.java:150) [catalina.jar:8.0.30]
	at org.apache.catalina.core.ContainerBase.addChildInternal(ContainerBase.java:725) [catalina.jar:8.0.30]
	at org.apache.catalina.core.ContainerBase.addChild(ContainerBase.java:701) [catalina.jar:8.0.30]
	at org.apache.catalina.core.StandardHost.addChild(StandardHost.java:717) [catalina.jar:8.0.30]
	at org.apache.catalina.startup.HostConfig.manageApp(HostConfig.java:1675) [catalina.jar:8.0.30]
	at sun.reflect.NativeMethodAccessorImpl.invoke0(Native Method) ~[na:1.8.0_45]
	at sun.reflect.NativeMethodAccessorImpl.invoke(NativeMethodAccessorImpl.java:62) ~[na:1.8.0_45]
	at sun.reflect.DelegatingMethodAccessorImpl.invoke(DelegatingMethodAccessorImpl.java:43) ~[na:1.8.0_45]
	at java.lang.reflect.Method.invoke(Method.java:497) ~[na:1.8.0_45]
	at org.apache.tomcat.util.modeler.BaseModelMBean.invoke(BaseModelMBean.java:300) [tomcat-coyote.jar:8.0.30]
	at com.sun.jmx.interceptor.DefaultMBeanServerInterceptor.invoke(DefaultMBeanServerInterceptor.java:819) [na:1.8.0_45]
	at com.sun.jmx.mbeanserver.JmxMBeanServer.invoke(JmxMBeanServer.java:801) [na:1.8.0_45]
	at org.apache.catalina.mbeans.MBeanFactory.createStandardContext(MBeanFactory.java:465) [catalina.jar:8.0.30]
	at org.apache.catalina.mbeans.MBeanFactory.createStandardContext(MBeanFactory.java:415) [catalina.jar:8.0.30]
	at sun.reflect.NativeMethodAccessorImpl.invoke0(Native Method) ~[na:1.8.0_45]
	at sun.reflect.NativeMethodAccessorImpl.invoke(NativeMethodAccessorImpl.java:62) ~[na:1.8.0_45]
	at sun.reflect.DelegatingMethodAccessorImpl.invoke(DelegatingMethodAccessorImpl.java:43) ~[na:1.8.0_45]
	at java.lang.reflect.Method.invoke(Method.java:497) ~[na:1.8.0_45]
	at org.apache.tomcat.util.modeler.BaseModelMBean.invoke(BaseModelMBean.java:300) [tomcat-coyote.jar:8.0.30]
	at com.sun.jmx.interceptor.DefaultMBeanServerInterceptor.invoke(DefaultMBeanServerInterceptor.java:819) [na:1.8.0_45]
	at com.sun.jmx.mbeanserver.JmxMBeanServer.invoke(JmxMBeanServer.java:801) [na:1.8.0_45]
	at javax.management.remote.rmi.RMIConnectionImpl.doOperation(RMIConnectionImpl.java:1466) [na:1.8.0_45]
	at javax.management.remote.rmi.RMIConnectionImpl.access$300(RMIConnectionImpl.java:76) [na:1.8.0_45]
	at javax.management.remote.rmi.RMIConnectionImpl$PrivilegedOperation.run(RMIConnectionImpl.java:1307) [na:1.8.0_45]
	at javax.management.remote.rmi.RMIConnectionImpl.doPrivilegedOperation(RMIConnectionImpl.java:1399) [na:1.8.0_45]
	at javax.management.remote.rmi.RMIConnectionImpl.invoke(RMIConnectionImpl.java:828) [na:1.8.0_45]
	at sun.reflect.NativeMethodAccessorImpl.invoke0(Native Method) ~[na:1.8.0_45]
	at sun.reflect.NativeMethodAccessorImpl.invoke(NativeMethodAccessorImpl.java:62) ~[na:1.8.0_45]
	at sun.reflect.DelegatingMethodAccessorImpl.invoke(DelegatingMethodAccessorImpl.java:43) ~[na:1.8.0_45]
	at java.lang.reflect.Method.invoke(Method.java:497) ~[na:1.8.0_45]
	at sun.rmi.server.UnicastServerRef.dispatch(UnicastServerRef.java:323) [na:1.8.0_45]
	at sun.rmi.transport.Transport$1.run(Transport.java:200) [na:1.8.0_45]
	at sun.rmi.transport.Transport$1.run(Transport.java:197) [na:1.8.0_45]
	at java.security.AccessController.doPrivileged(Native Method) [na:1.8.0_45]
	at sun.rmi.transport.Transport.serviceCall(Transport.java:196) [na:1.8.0_45]
	at sun.rmi.transport.tcp.TCPTransport.handleMessages(TCPTransport.java:568) [na:1.8.0_45]
	at sun.rmi.transport.tcp.TCPTransport$ConnectionHandler.run0(TCPTransport.java:826) [na:1.8.0_45]
	at sun.rmi.transport.tcp.TCPTransport$ConnectionHandler.lambda$run$254(TCPTransport.java:683) [na:1.8.0_45]
	at sun.rmi.transport.tcp.TCPTransport$ConnectionHandler$$Lambda$2/215266079.run(Unknown Source) [na:1.8.0_45]
	at java.security.AccessController.doPrivileged(Native Method) [na:1.8.0_45]
	at sun.rmi.transport.tcp.TCPTransport$ConnectionHandler.run(TCPTransport.java:682) [na:1.8.0_45]
	at java.util.concurrent.ThreadPoolExecutor.runWorker(ThreadPoolExecutor.java:1142) [na:1.8.0_45]
	at java.util.concurrent.ThreadPoolExecutor$Worker.run(ThreadPoolExecutor.java:617) [na:1.8.0_45]
	at java.lang.Thread.run(Thread.java:745) [na:1.8.0_45]
Caused by: org.hibernate.AnnotationException: @OneToOne or @ManyToOne on ua.dp.moviesManager.entity.Box.location references an unknown entity: java.lang.Long
	at org.hibernate.cfg.ToOneFkSecondPass.doSecondPass(ToOneFkSecondPass.java:97) ~[hibernate-core-5.4.1.Final.jar:5.4.1.Final]
	at org.hibernate.boot.internal.InFlightMetadataCollectorImpl.processEndOfQueue(InFlightMetadataCollectorImpl.java:1815) ~[hibernate-core-5.4.1.Final.jar:5.4.1.Final]
	at org.hibernate.boot.internal.InFlightMetadataCollectorImpl.processFkSecondPassesInOrder(InFlightMetadataCollectorImpl.java:1759) ~[hibernate-core-5.4.1.Final.jar:5.4.1.Final]
	at org.hibernate.boot.internal.InFlightMetadataCollectorImpl.processSecondPasses(InFlightMetadataCollectorImpl.java:1646) ~[hibernate-core-5.4.1.Final.jar:5.4.1.Final]
	at org.hibernate.boot.model.process.spi.MetadataBuildingProcess.complete(MetadataBuildingProcess.java:286) ~[hibernate-core-5.4.1.Final.jar:5.4.1.Final]
	at org.hibernate.jpa.boot.internal.EntityManagerFactoryBuilderImpl.metadata(EntityManagerFactoryBuilderImpl.java:903) ~[hibernate-core-5.4.1.Final.jar:5.4.1.Final]
	at org.hibernate.jpa.boot.internal.EntityManagerFactoryBuilderImpl.build(EntityManagerFactoryBuilderImpl.java:934) ~[hibernate-core-5.4.1.Final.jar:5.4.1.Final]
	at org.hibernate.jpa.HibernatePersistenceProvider.createContainerEntityManagerFactory(HibernatePersistenceProvider.java:141) ~[hibernate-core-5.4.1.Final.jar:5.4.1.Final]
	at org.springframework.orm.jpa.LocalContainerEntityManagerFactoryBean.createNativeEntityManagerFactory(LocalContainerEntityManagerFactoryBean.java:336) ~[spring-orm-4.0.2.RELEASE.jar:4.0.2.RELEASE]
	at org.springframework.orm.jpa.AbstractEntityManagerFactoryBean.afterPropertiesSet(AbstractEntityManagerFactoryBean.java:318) ~[spring-orm-4.0.2.RELEASE.jar:4.0.2.RELEASE]
	at org.springframework.beans.factory.support.AbstractAutowireCapableBeanFactory.invokeInitMethods(AbstractAutowireCapableBeanFactory.java:1612) ~[spring-beans-4.0.2.RELEASE.jar:4.0.2.RELEASE]
	at org.springframework.beans.factory.support.AbstractAutowireCapableBeanFactory.initializeBean(AbstractAutowireCapableBeanFactory.java:1549) ~[spring-beans-4.0.2.RELEASE.jar:4.0.2.RELEASE]
	... 58 common frames omitted
2019-01-26 12:28:33 INFO  [RMI TCP Connection(5)-127.0.0.1:ContextLoader.java:285]: Root WebApplicationContext: initialization started

2019-01-26 12:28:34 INFO  [RMI TCP Connection(5)-127.0.0.1:AbstractApplicationContext.java:513]: Refreshing Root WebApplicationContext: startup date [Sat Jan 26 12:28:34 EET 2019]; root of context hierarchy

2019-01-26 12:28:34 INFO  [RMI TCP Connection(5)-127.0.0.1:XmlBeanDefinitionReader.java:316]: Loading XML bean definitions from ServletContext resource [/WEB-INF/spring/root-context.xml]

2019-01-26 12:28:34 INFO  [RMI TCP Connection(5)-127.0.0.1:XmlBeanDefinitionReader.java:316]: Loading XML bean definitions from class path resource [META-INF/spring/datasource-tx-jpa.xml]

2019-01-26 12:28:34 INFO  [RMI TCP Connection(5)-127.0.0.1:DefaultListableBeanFactory.java:746]: Overriding bean definition for bean 'actorRepository': replacing [Root bean: class [org.springframework.data.jpa.repository.support.JpaRepositoryFactoryBean]; scope=; abstract=false; lazyInit=false; autowireMode=0; dependencyCheck=0; autowireCandidate=true; primary=false; factoryBeanName=null; factoryMethodName=null; initMethodName=null; destroyMethodName=null] with [Root bean: class [org.springframework.data.jpa.repository.support.JpaRepositoryFactoryBean]; scope=; abstract=false; lazyInit=false; autowireMode=0; dependencyCheck=0; autowireCandidate=true; primary=false; factoryBeanName=null; factoryMethodName=null; initMethodName=null; destroyMethodName=null]

2019-01-26 12:28:35 INFO  [RMI TCP Connection(5)-127.0.0.1:DriverManagerDataSource.java:133]: Loaded JDBC driver: org.postgresql.Driver

2019-01-26 12:28:35 INFO  [RMI TCP Connection(5)-127.0.0.1:LocalContainerEntityManagerFactoryBean.java:332]: Building JPA container EntityManagerFactory for persistence unit 'default'

2019-01-26 12:28:35 INFO  [RMI TCP Connection(5)-127.0.0.1:LogHelper.java:31]: HHH000204: Processing PersistenceUnitInfo [name: default]

2019-01-26 12:28:35 INFO  [RMI TCP Connection(5)-127.0.0.1:Version.java:46]: HHH000412: Hibernate Core {5.4.1.Final}

2019-01-26 12:28:36 INFO  [RMI TCP Connection(5)-127.0.0.1:JavaReflectionManager.java:49]: HCANN000001: Hibernate Commons Annotations {5.1.0.Final}

2019-01-26 12:28:37 INFO  [RMI TCP Connection(5)-127.0.0.1:Dialect.java:158]: HHH000400: Using dialect: org.hibernate.dialect.PostgreSQL9Dialect

2019-01-26 12:28:37 ERROR [RMI TCP Connection(5)-127.0.0.1:ContextLoader.java:331]: Context initialization failed

org.springframework.beans.factory.BeanCreationException: Error creating bean with name 'emf' defined in class path resource [META-INF/spring/datasource-tx-jpa.xml]: Invocation of init method failed; nested exception is org.hibernate.AnnotationException: @OneToOne or @ManyToOne on ua.dp.moviesManager.entity.Movie.codec references an unknown entity: java.lang.Long
	at org.springframework.beans.factory.support.AbstractAutowireCapableBeanFactory.initializeBean(AbstractAutowireCapableBeanFactory.java:1553) ~[spring-beans-4.0.2.RELEASE.jar:4.0.2.RELEASE]
	at org.springframework.beans.factory.support.AbstractAutowireCapableBeanFactory.doCreateBean(AbstractAutowireCapableBeanFactory.java:539) ~[spring-beans-4.0.2.RELEASE.jar:4.0.2.RELEASE]
	at org.springframework.beans.factory.support.AbstractAutowireCapableBeanFactory.createBean(AbstractAutowireCapableBeanFactory.java:475) ~[spring-beans-4.0.2.RELEASE.jar:4.0.2.RELEASE]
	at org.springframework.beans.factory.support.AbstractBeanFactory$1.getObject(AbstractBeanFactory.java:304) ~[spring-beans-4.0.2.RELEASE.jar:4.0.2.RELEASE]
	at org.springframework.beans.factory.support.DefaultSingletonBeanRegistry.getSingleton(DefaultSingletonBeanRegistry.java:228) ~[spring-beans-4.0.2.RELEASE.jar:4.0.2.RELEASE]
	at org.springframework.beans.factory.support.AbstractBeanFactory.doGetBean(AbstractBeanFactory.java:300) ~[spring-beans-4.0.2.RELEASE.jar:4.0.2.RELEASE]
	at org.springframework.beans.factory.support.AbstractBeanFactory.getBean(AbstractBeanFactory.java:195) ~[spring-beans-4.0.2.RELEASE.jar:4.0.2.RELEASE]
	at org.springframework.context.support.AbstractApplicationContext.getBean(AbstractApplicationContext.java:973) ~[spring-context-4.0.2.RELEASE.jar:4.0.2.RELEASE]
	at org.springframework.context.support.AbstractApplicationContext.finishBeanFactoryInitialization(AbstractApplicationContext.java:750) ~[spring-context-4.0.2.RELEASE.jar:4.0.2.RELEASE]
	at org.springframework.context.support.AbstractApplicationContext.refresh(AbstractApplicationContext.java:482) ~[spring-context-4.0.2.RELEASE.jar:4.0.2.RELEASE]
	at org.springframework.web.context.ContextLoader.configureAndRefreshWebApplicationContext(ContextLoader.java:403) ~[spring-web-4.0.2.RELEASE.jar:4.0.2.RELEASE]
	at org.springframework.web.context.ContextLoader.initWebApplicationContext(ContextLoader.java:306) ~[spring-web-4.0.2.RELEASE.jar:4.0.2.RELEASE]
	at org.springframework.web.context.ContextLoaderListener.contextInitialized(ContextLoaderListener.java:106) [spring-web-4.0.2.RELEASE.jar:4.0.2.RELEASE]
	at org.apache.catalina.core.StandardContext.listenerStart(StandardContext.java:4812) [catalina.jar:8.0.30]
	at org.apache.catalina.core.StandardContext.startInternal(StandardContext.java:5255) [catalina.jar:8.0.30]
	at org.apache.catalina.util.LifecycleBase.start(LifecycleBase.java:150) [catalina.jar:8.0.30]
	at org.apache.catalina.core.ContainerBase.addChildInternal(ContainerBase.java:725) [catalina.jar:8.0.30]
	at org.apache.catalina.core.ContainerBase.addChild(ContainerBase.java:701) [catalina.jar:8.0.30]
	at org.apache.catalina.core.StandardHost.addChild(StandardHost.java:717) [catalina.jar:8.0.30]
	at org.apache.catalina.startup.HostConfig.manageApp(HostConfig.java:1675) [catalina.jar:8.0.30]
	at sun.reflect.NativeMethodAccessorImpl.invoke0(Native Method) ~[na:1.8.0_45]
	at sun.reflect.NativeMethodAccessorImpl.invoke(NativeMethodAccessorImpl.java:62) ~[na:1.8.0_45]
	at sun.reflect.DelegatingMethodAccessorImpl.invoke(DelegatingMethodAccessorImpl.java:43) ~[na:1.8.0_45]
	at java.lang.reflect.Method.invoke(Method.java:497) ~[na:1.8.0_45]
	at org.apache.tomcat.util.modeler.BaseModelMBean.invoke(BaseModelMBean.java:300) [tomcat-coyote.jar:8.0.30]
	at com.sun.jmx.interceptor.DefaultMBeanServerInterceptor.invoke(DefaultMBeanServerInterceptor.java:819) [na:1.8.0_45]
	at com.sun.jmx.mbeanserver.JmxMBeanServer.invoke(JmxMBeanServer.java:801) [na:1.8.0_45]
	at org.apache.catalina.mbeans.MBeanFactory.createStandardContext(MBeanFactory.java:465) [catalina.jar:8.0.30]
	at org.apache.catalina.mbeans.MBeanFactory.createStandardContext(MBeanFactory.java:415) [catalina.jar:8.0.30]
	at sun.reflect.NativeMethodAccessorImpl.invoke0(Native Method) ~[na:1.8.0_45]
	at sun.reflect.NativeMethodAccessorImpl.invoke(NativeMethodAccessorImpl.java:62) ~[na:1.8.0_45]
	at sun.reflect.DelegatingMethodAccessorImpl.invoke(DelegatingMethodAccessorImpl.java:43) ~[na:1.8.0_45]
	at java.lang.reflect.Method.invoke(Method.java:497) ~[na:1.8.0_45]
	at org.apache.tomcat.util.modeler.BaseModelMBean.invoke(BaseModelMBean.java:300) [tomcat-coyote.jar:8.0.30]
	at com.sun.jmx.interceptor.DefaultMBeanServerInterceptor.invoke(DefaultMBeanServerInterceptor.java:819) [na:1.8.0_45]
	at com.sun.jmx.mbeanserver.JmxMBeanServer.invoke(JmxMBeanServer.java:801) [na:1.8.0_45]
	at javax.management.remote.rmi.RMIConnectionImpl.doOperation(RMIConnectionImpl.java:1466) [na:1.8.0_45]
	at javax.management.remote.rmi.RMIConnectionImpl.access$300(RMIConnectionImpl.java:76) [na:1.8.0_45]
	at javax.management.remote.rmi.RMIConnectionImpl$PrivilegedOperation.run(RMIConnectionImpl.java:1307) [na:1.8.0_45]
	at javax.management.remote.rmi.RMIConnectionImpl.doPrivilegedOperation(RMIConnectionImpl.java:1399) [na:1.8.0_45]
	at javax.management.remote.rmi.RMIConnectionImpl.invoke(RMIConnectionImpl.java:828) [na:1.8.0_45]
	at sun.reflect.NativeMethodAccessorImpl.invoke0(Native Method) ~[na:1.8.0_45]
	at sun.reflect.NativeMethodAccessorImpl.invoke(NativeMethodAccessorImpl.java:62) ~[na:1.8.0_45]
	at sun.reflect.DelegatingMethodAccessorImpl.invoke(DelegatingMethodAccessorImpl.java:43) ~[na:1.8.0_45]
	at java.lang.reflect.Method.invoke(Method.java:497) ~[na:1.8.0_45]
	at sun.rmi.server.UnicastServerRef.dispatch(UnicastServerRef.java:323) [na:1.8.0_45]
	at sun.rmi.transport.Transport$1.run(Transport.java:200) [na:1.8.0_45]
	at sun.rmi.transport.Transport$1.run(Transport.java:197) [na:1.8.0_45]
	at java.security.AccessController.doPrivileged(Native Method) [na:1.8.0_45]
	at sun.rmi.transport.Transport.serviceCall(Transport.java:196) [na:1.8.0_45]
	at sun.rmi.transport.tcp.TCPTransport.handleMessages(TCPTransport.java:568) [na:1.8.0_45]
	at sun.rmi.transport.tcp.TCPTransport$ConnectionHandler.run0(TCPTransport.java:826) [na:1.8.0_45]
	at sun.rmi.transport.tcp.TCPTransport$ConnectionHandler.lambda$run$254(TCPTransport.java:683) [na:1.8.0_45]
	at sun.rmi.transport.tcp.TCPTransport$ConnectionHandler$$Lambda$2/201910850.run(Unknown Source) [na:1.8.0_45]
	at java.security.AccessController.doPrivileged(Native Method) [na:1.8.0_45]
	at sun.rmi.transport.tcp.TCPTransport$ConnectionHandler.run(TCPTransport.java:682) [na:1.8.0_45]
	at java.util.concurrent.ThreadPoolExecutor.runWorker(ThreadPoolExecutor.java:1142) [na:1.8.0_45]
	at java.util.concurrent.ThreadPoolExecutor$Worker.run(ThreadPoolExecutor.java:617) [na:1.8.0_45]
	at java.lang.Thread.run(Thread.java:745) [na:1.8.0_45]
Caused by: org.hibernate.AnnotationException: @OneToOne or @ManyToOne on ua.dp.moviesManager.entity.Movie.codec references an unknown entity: java.lang.Long
	at org.hibernate.cfg.ToOneFkSecondPass.doSecondPass(ToOneFkSecondPass.java:97) ~[hibernate-core-5.4.1.Final.jar:5.4.1.Final]
	at org.hibernate.boot.internal.InFlightMetadataCollectorImpl.processEndOfQueue(InFlightMetadataCollectorImpl.java:1815) ~[hibernate-core-5.4.1.Final.jar:5.4.1.Final]
	at org.hibernate.boot.internal.InFlightMetadataCollectorImpl.processFkSecondPassesInOrder(InFlightMetadataCollectorImpl.java:1759) ~[hibernate-core-5.4.1.Final.jar:5.4.1.Final]
	at org.hibernate.boot.internal.InFlightMetadataCollectorImpl.processSecondPasses(InFlightMetadataCollectorImpl.java:1646) ~[hibernate-core-5.4.1.Final.jar:5.4.1.Final]
	at org.hibernate.boot.model.process.spi.MetadataBuildingProcess.complete(MetadataBuildingProcess.java:286) ~[hibernate-core-5.4.1.Final.jar:5.4.1.Final]
	at org.hibernate.jpa.boot.internal.EntityManagerFactoryBuilderImpl.metadata(EntityManagerFactoryBuilderImpl.java:903) ~[hibernate-core-5.4.1.Final.jar:5.4.1.Final]
	at org.hibernate.jpa.boot.internal.EntityManagerFactoryBuilderImpl.build(EntityManagerFactoryBuilderImpl.java:934) ~[hibernate-core-5.4.1.Final.jar:5.4.1.Final]
	at org.hibernate.jpa.HibernatePersistenceProvider.createContainerEntityManagerFactory(HibernatePersistenceProvider.java:141) ~[hibernate-core-5.4.1.Final.jar:5.4.1.Final]
	at org.springframework.orm.jpa.LocalContainerEntityManagerFactoryBean.createNativeEntityManagerFactory(LocalContainerEntityManagerFactoryBean.java:336) ~[spring-orm-4.0.2.RELEASE.jar:4.0.2.RELEASE]
	at org.springframework.orm.jpa.AbstractEntityManagerFactoryBean.afterPropertiesSet(AbstractEntityManagerFactoryBean.java:318) ~[spring-orm-4.0.2.RELEASE.jar:4.0.2.RELEASE]
	at org.springframework.beans.factory.support.AbstractAutowireCapableBeanFactory.invokeInitMethods(AbstractAutowireCapableBeanFactory.java:1612) ~[spring-beans-4.0.2.RELEASE.jar:4.0.2.RELEASE]
	at org.springframework.beans.factory.support.AbstractAutowireCapableBeanFactory.initializeBean(AbstractAutowireCapableBeanFactory.java:1549) ~[spring-beans-4.0.2.RELEASE.jar:4.0.2.RELEASE]
	... 58 common frames omitted
2019-01-26 12:40:58 INFO  [RMI TCP Connection(5)-127.0.0.1:ContextLoader.java:285]: Root WebApplicationContext: initialization started

2019-01-26 12:40:58 INFO  [RMI TCP Connection(5)-127.0.0.1:AbstractApplicationContext.java:513]: Refreshing Root WebApplicationContext: startup date [Sat Jan 26 12:40:58 EET 2019]; root of context hierarchy

2019-01-26 12:40:58 INFO  [RMI TCP Connection(5)-127.0.0.1:XmlBeanDefinitionReader.java:316]: Loading XML bean definitions from ServletContext resource [/WEB-INF/spring/root-context.xml]

2019-01-26 12:40:58 INFO  [RMI TCP Connection(5)-127.0.0.1:XmlBeanDefinitionReader.java:316]: Loading XML bean definitions from class path resource [META-INF/spring/datasource-tx-jpa.xml]

2019-01-26 12:40:59 INFO  [RMI TCP Connection(5)-127.0.0.1:DefaultListableBeanFactory.java:746]: Overriding bean definition for bean 'actorRepository': replacing [Root bean: class [org.springframework.data.jpa.repository.support.JpaRepositoryFactoryBean]; scope=; abstract=false; lazyInit=false; autowireMode=0; dependencyCheck=0; autowireCandidate=true; primary=false; factoryBeanName=null; factoryMethodName=null; initMethodName=null; destroyMethodName=null] with [Root bean: class [org.springframework.data.jpa.repository.support.JpaRepositoryFactoryBean]; scope=; abstract=false; lazyInit=false; autowireMode=0; dependencyCheck=0; autowireCandidate=true; primary=false; factoryBeanName=null; factoryMethodName=null; initMethodName=null; destroyMethodName=null]

2019-01-26 12:40:59 INFO  [RMI TCP Connection(5)-127.0.0.1:DriverManagerDataSource.java:133]: Loaded JDBC driver: org.postgresql.Driver

2019-01-26 12:40:59 INFO  [RMI TCP Connection(5)-127.0.0.1:LocalContainerEntityManagerFactoryBean.java:332]: Building JPA container EntityManagerFactory for persistence unit 'default'

2019-01-26 12:40:59 INFO  [RMI TCP Connection(5)-127.0.0.1:LogHelper.java:31]: HHH000204: Processing PersistenceUnitInfo [name: default]

2019-01-26 12:41:00 INFO  [RMI TCP Connection(5)-127.0.0.1:Version.java:46]: HHH000412: Hibernate Core {5.4.1.Final}

2019-01-26 12:41:00 INFO  [RMI TCP Connection(5)-127.0.0.1:JavaReflectionManager.java:49]: HCANN000001: Hibernate Commons Annotations {5.1.0.Final}

2019-01-26 12:41:01 INFO  [RMI TCP Connection(5)-127.0.0.1:Dialect.java:158]: HHH000400: Using dialect: org.hibernate.dialect.PostgreSQL9Dialect

2019-01-26 12:41:02 ERROR [RMI TCP Connection(5)-127.0.0.1:ContextLoader.java:331]: Context initialization failed

org.springframework.beans.factory.BeanCreationException: Error creating bean with name 'emf' defined in class path resource [META-INF/spring/datasource-tx-jpa.xml]: Invocation of init method failed; nested exception is org.hibernate.AnnotationException: mappedBy reference an unknown target entity property: ua.dp.moviesManager.entity.Disk.box_id in ua.dp.moviesManager.entity.Box.disks
	at org.springframework.beans.factory.support.AbstractAutowireCapableBeanFactory.initializeBean(AbstractAutowireCapableBeanFactory.java:1553) ~[spring-beans-4.0.2.RELEASE.jar:4.0.2.RELEASE]
	at org.springframework.beans.factory.support.AbstractAutowireCapableBeanFactory.doCreateBean(AbstractAutowireCapableBeanFactory.java:539) ~[spring-beans-4.0.2.RELEASE.jar:4.0.2.RELEASE]
	at org.springframework.beans.factory.support.AbstractAutowireCapableBeanFactory.createBean(AbstractAutowireCapableBeanFactory.java:475) ~[spring-beans-4.0.2.RELEASE.jar:4.0.2.RELEASE]
	at org.springframework.beans.factory.support.AbstractBeanFactory$1.getObject(AbstractBeanFactory.java:304) ~[spring-beans-4.0.2.RELEASE.jar:4.0.2.RELEASE]
	at org.springframework.beans.factory.support.DefaultSingletonBeanRegistry.getSingleton(DefaultSingletonBeanRegistry.java:228) ~[spring-beans-4.0.2.RELEASE.jar:4.0.2.RELEASE]
	at org.springframework.beans.factory.support.AbstractBeanFactory.doGetBean(AbstractBeanFactory.java:300) ~[spring-beans-4.0.2.RELEASE.jar:4.0.2.RELEASE]
	at org.springframework.beans.factory.support.AbstractBeanFactory.getBean(AbstractBeanFactory.java:195) ~[spring-beans-4.0.2.RELEASE.jar:4.0.2.RELEASE]
	at org.springframework.context.support.AbstractApplicationContext.getBean(AbstractApplicationContext.java:973) ~[spring-context-4.0.2.RELEASE.jar:4.0.2.RELEASE]
	at org.springframework.context.support.AbstractApplicationContext.finishBeanFactoryInitialization(AbstractApplicationContext.java:750) ~[spring-context-4.0.2.RELEASE.jar:4.0.2.RELEASE]
	at org.springframework.context.support.AbstractApplicationContext.refresh(AbstractApplicationContext.java:482) ~[spring-context-4.0.2.RELEASE.jar:4.0.2.RELEASE]
	at org.springframework.web.context.ContextLoader.configureAndRefreshWebApplicationContext(ContextLoader.java:403) ~[spring-web-4.0.2.RELEASE.jar:4.0.2.RELEASE]
	at org.springframework.web.context.ContextLoader.initWebApplicationContext(ContextLoader.java:306) ~[spring-web-4.0.2.RELEASE.jar:4.0.2.RELEASE]
	at org.springframework.web.context.ContextLoaderListener.contextInitialized(ContextLoaderListener.java:106) [spring-web-4.0.2.RELEASE.jar:4.0.2.RELEASE]
	at org.apache.catalina.core.StandardContext.listenerStart(StandardContext.java:4812) [catalina.jar:8.0.30]
	at org.apache.catalina.core.StandardContext.startInternal(StandardContext.java:5255) [catalina.jar:8.0.30]
	at org.apache.catalina.util.LifecycleBase.start(LifecycleBase.java:150) [catalina.jar:8.0.30]
	at org.apache.catalina.core.ContainerBase.addChildInternal(ContainerBase.java:725) [catalina.jar:8.0.30]
	at org.apache.catalina.core.ContainerBase.addChild(ContainerBase.java:701) [catalina.jar:8.0.30]
	at org.apache.catalina.core.StandardHost.addChild(StandardHost.java:717) [catalina.jar:8.0.30]
	at org.apache.catalina.startup.HostConfig.manageApp(HostConfig.java:1675) [catalina.jar:8.0.30]
	at sun.reflect.NativeMethodAccessorImpl.invoke0(Native Method) ~[na:1.8.0_45]
	at sun.reflect.NativeMethodAccessorImpl.invoke(NativeMethodAccessorImpl.java:62) ~[na:1.8.0_45]
	at sun.reflect.DelegatingMethodAccessorImpl.invoke(DelegatingMethodAccessorImpl.java:43) ~[na:1.8.0_45]
	at java.lang.reflect.Method.invoke(Method.java:497) ~[na:1.8.0_45]
	at org.apache.tomcat.util.modeler.BaseModelMBean.invoke(BaseModelMBean.java:300) [tomcat-coyote.jar:8.0.30]
	at com.sun.jmx.interceptor.DefaultMBeanServerInterceptor.invoke(DefaultMBeanServerInterceptor.java:819) [na:1.8.0_45]
	at com.sun.jmx.mbeanserver.JmxMBeanServer.invoke(JmxMBeanServer.java:801) [na:1.8.0_45]
	at org.apache.catalina.mbeans.MBeanFactory.createStandardContext(MBeanFactory.java:465) [catalina.jar:8.0.30]
	at org.apache.catalina.mbeans.MBeanFactory.createStandardContext(MBeanFactory.java:415) [catalina.jar:8.0.30]
	at sun.reflect.NativeMethodAccessorImpl.invoke0(Native Method) ~[na:1.8.0_45]
	at sun.reflect.NativeMethodAccessorImpl.invoke(NativeMethodAccessorImpl.java:62) ~[na:1.8.0_45]
	at sun.reflect.DelegatingMethodAccessorImpl.invoke(DelegatingMethodAccessorImpl.java:43) ~[na:1.8.0_45]
	at java.lang.reflect.Method.invoke(Method.java:497) ~[na:1.8.0_45]
	at org.apache.tomcat.util.modeler.BaseModelMBean.invoke(BaseModelMBean.java:300) [tomcat-coyote.jar:8.0.30]
	at com.sun.jmx.interceptor.DefaultMBeanServerInterceptor.invoke(DefaultMBeanServerInterceptor.java:819) [na:1.8.0_45]
	at com.sun.jmx.mbeanserver.JmxMBeanServer.invoke(JmxMBeanServer.java:801) [na:1.8.0_45]
	at javax.management.remote.rmi.RMIConnectionImpl.doOperation(RMIConnectionImpl.java:1466) [na:1.8.0_45]
	at javax.management.remote.rmi.RMIConnectionImpl.access$300(RMIConnectionImpl.java:76) [na:1.8.0_45]
	at javax.management.remote.rmi.RMIConnectionImpl$PrivilegedOperation.run(RMIConnectionImpl.java:1307) [na:1.8.0_45]
	at javax.management.remote.rmi.RMIConnectionImpl.doPrivilegedOperation(RMIConnectionImpl.java:1399) [na:1.8.0_45]
	at javax.management.remote.rmi.RMIConnectionImpl.invoke(RMIConnectionImpl.java:828) [na:1.8.0_45]
	at sun.reflect.NativeMethodAccessorImpl.invoke0(Native Method) ~[na:1.8.0_45]
	at sun.reflect.NativeMethodAccessorImpl.invoke(NativeMethodAccessorImpl.java:62) ~[na:1.8.0_45]
	at sun.reflect.DelegatingMethodAccessorImpl.invoke(DelegatingMethodAccessorImpl.java:43) ~[na:1.8.0_45]
	at java.lang.reflect.Method.invoke(Method.java:497) ~[na:1.8.0_45]
	at sun.rmi.server.UnicastServerRef.dispatch(UnicastServerRef.java:323) [na:1.8.0_45]
	at sun.rmi.transport.Transport$1.run(Transport.java:200) [na:1.8.0_45]
	at sun.rmi.transport.Transport$1.run(Transport.java:197) [na:1.8.0_45]
	at java.security.AccessController.doPrivileged(Native Method) [na:1.8.0_45]
	at sun.rmi.transport.Transport.serviceCall(Transport.java:196) [na:1.8.0_45]
	at sun.rmi.transport.tcp.TCPTransport.handleMessages(TCPTransport.java:568) [na:1.8.0_45]
	at sun.rmi.transport.tcp.TCPTransport$ConnectionHandler.run0(TCPTransport.java:826) [na:1.8.0_45]
	at sun.rmi.transport.tcp.TCPTransport$ConnectionHandler.lambda$run$254(TCPTransport.java:683) [na:1.8.0_45]
	at sun.rmi.transport.tcp.TCPTransport$ConnectionHandler$$Lambda$2/1323988122.run(Unknown Source) [na:1.8.0_45]
	at java.security.AccessController.doPrivileged(Native Method) [na:1.8.0_45]
	at sun.rmi.transport.tcp.TCPTransport$ConnectionHandler.run(TCPTransport.java:682) [na:1.8.0_45]
	at java.util.concurrent.ThreadPoolExecutor.runWorker(ThreadPoolExecutor.java:1142) [na:1.8.0_45]
	at java.util.concurrent.ThreadPoolExecutor$Worker.run(ThreadPoolExecutor.java:617) [na:1.8.0_45]
	at java.lang.Thread.run(Thread.java:745) [na:1.8.0_45]
Caused by: org.hibernate.AnnotationException: mappedBy reference an unknown target entity property: ua.dp.moviesManager.entity.Disk.box_id in ua.dp.moviesManager.entity.Box.disks
	at org.hibernate.cfg.annotations.CollectionBinder.bindStarToManySecondPass(CollectionBinder.java:842) ~[hibernate-core-5.4.1.Final.jar:5.4.1.Final]
	at org.hibernate.cfg.annotations.CollectionBinder$1.secondPass(CollectionBinder.java:793) ~[hibernate-core-5.4.1.Final.jar:5.4.1.Final]
	at org.hibernate.cfg.CollectionSecondPass.doSecondPass(CollectionSecondPass.java:54) ~[hibernate-core-5.4.1.Final.jar:5.4.1.Final]
	at org.hibernate.boot.internal.InFlightMetadataCollectorImpl.processSecondPasses(InFlightMetadataCollectorImpl.java:1684) ~[hibernate-core-5.4.1.Final.jar:5.4.1.Final]
	at org.hibernate.boot.internal.InFlightMetadataCollectorImpl.processSecondPasses(InFlightMetadataCollectorImpl.java:1652) ~[hibernate-core-5.4.1.Final.jar:5.4.1.Final]
	at org.hibernate.boot.model.process.spi.MetadataBuildingProcess.complete(MetadataBuildingProcess.java:286) ~[hibernate-core-5.4.1.Final.jar:5.4.1.Final]
	at org.hibernate.jpa.boot.internal.EntityManagerFactoryBuilderImpl.metadata(EntityManagerFactoryBuilderImpl.java:903) ~[hibernate-core-5.4.1.Final.jar:5.4.1.Final]
	at org.hibernate.jpa.boot.internal.EntityManagerFactoryBuilderImpl.build(EntityManagerFactoryBuilderImpl.java:934) ~[hibernate-core-5.4.1.Final.jar:5.4.1.Final]
	at org.hibernate.jpa.HibernatePersistenceProvider.createContainerEntityManagerFactory(HibernatePersistenceProvider.java:141) ~[hibernate-core-5.4.1.Final.jar:5.4.1.Final]
	at org.springframework.orm.jpa.LocalContainerEntityManagerFactoryBean.createNativeEntityManagerFactory(LocalContainerEntityManagerFactoryBean.java:336) ~[spring-orm-4.0.2.RELEASE.jar:4.0.2.RELEASE]
	at org.springframework.orm.jpa.AbstractEntityManagerFactoryBean.afterPropertiesSet(AbstractEntityManagerFactoryBean.java:318) ~[spring-orm-4.0.2.RELEASE.jar:4.0.2.RELEASE]
	at org.springframework.beans.factory.support.AbstractAutowireCapableBeanFactory.invokeInitMethods(AbstractAutowireCapableBeanFactory.java:1612) ~[spring-beans-4.0.2.RELEASE.jar:4.0.2.RELEASE]
	at org.springframework.beans.factory.support.AbstractAutowireCapableBeanFactory.initializeBean(AbstractAutowireCapableBeanFactory.java:1549) ~[spring-beans-4.0.2.RELEASE.jar:4.0.2.RELEASE]
	... 58 common frames omitted
2019-01-26 12:49:47 INFO  [RMI TCP Connection(3)-127.0.0.1:ContextLoader.java:285]: Root WebApplicationContext: initialization started

2019-01-26 12:49:48 INFO  [RMI TCP Connection(3)-127.0.0.1:AbstractApplicationContext.java:513]: Refreshing Root WebApplicationContext: startup date [Sat Jan 26 12:49:48 EET 2019]; root of context hierarchy

2019-01-26 12:49:48 INFO  [RMI TCP Connection(3)-127.0.0.1:XmlBeanDefinitionReader.java:316]: Loading XML bean definitions from ServletContext resource [/WEB-INF/spring/root-context.xml]

2019-01-26 12:49:48 INFO  [RMI TCP Connection(3)-127.0.0.1:XmlBeanDefinitionReader.java:316]: Loading XML bean definitions from class path resource [META-INF/spring/datasource-tx-jpa.xml]

2019-01-26 12:49:48 INFO  [RMI TCP Connection(3)-127.0.0.1:DefaultListableBeanFactory.java:746]: Overriding bean definition for bean 'actorRepository': replacing [Root bean: class [org.springframework.data.jpa.repository.support.JpaRepositoryFactoryBean]; scope=; abstract=false; lazyInit=false; autowireMode=0; dependencyCheck=0; autowireCandidate=true; primary=false; factoryBeanName=null; factoryMethodName=null; initMethodName=null; destroyMethodName=null] with [Root bean: class [org.springframework.data.jpa.repository.support.JpaRepositoryFactoryBean]; scope=; abstract=false; lazyInit=false; autowireMode=0; dependencyCheck=0; autowireCandidate=true; primary=false; factoryBeanName=null; factoryMethodName=null; initMethodName=null; destroyMethodName=null]

2019-01-26 12:49:49 INFO  [RMI TCP Connection(3)-127.0.0.1:DriverManagerDataSource.java:133]: Loaded JDBC driver: org.postgresql.Driver

2019-01-26 12:49:49 INFO  [RMI TCP Connection(3)-127.0.0.1:LocalContainerEntityManagerFactoryBean.java:332]: Building JPA container EntityManagerFactory for persistence unit 'default'

2019-01-26 12:49:49 INFO  [RMI TCP Connection(3)-127.0.0.1:LogHelper.java:31]: HHH000204: Processing PersistenceUnitInfo [name: default]

2019-01-26 12:49:50 INFO  [RMI TCP Connection(3)-127.0.0.1:Version.java:46]: HHH000412: Hibernate Core {5.4.1.Final}

2019-01-26 12:49:50 INFO  [RMI TCP Connection(3)-127.0.0.1:JavaReflectionManager.java:49]: HCANN000001: Hibernate Commons Annotations {5.1.0.Final}

2019-01-26 12:49:51 INFO  [RMI TCP Connection(3)-127.0.0.1:Dialect.java:158]: HHH000400: Using dialect: org.hibernate.dialect.PostgreSQL9Dialect

2019-01-26 12:49:52 ERROR [RMI TCP Connection(3)-127.0.0.1:ContextLoader.java:331]: Context initialization failed

org.springframework.beans.factory.BeanCreationException: Error creating bean with name 'emf' defined in class path resource [META-INF/spring/datasource-tx-jpa.xml]: Invocation of init method failed; nested exception is org.hibernate.AnnotationException: mappedBy reference an unknown target entity property: ua.dp.moviesManager.entity.Box.location_id in ua.dp.moviesManager.entity.Location.boxes
	at org.springframework.beans.factory.support.AbstractAutowireCapableBeanFactory.initializeBean(AbstractAutowireCapableBeanFactory.java:1553) ~[spring-beans-4.0.2.RELEASE.jar:4.0.2.RELEASE]
	at org.springframework.beans.factory.support.AbstractAutowireCapableBeanFactory.doCreateBean(AbstractAutowireCapableBeanFactory.java:539) ~[spring-beans-4.0.2.RELEASE.jar:4.0.2.RELEASE]
	at org.springframework.beans.factory.support.AbstractAutowireCapableBeanFactory.createBean(AbstractAutowireCapableBeanFactory.java:475) ~[spring-beans-4.0.2.RELEASE.jar:4.0.2.RELEASE]
	at org.springframework.beans.factory.support.AbstractBeanFactory$1.getObject(AbstractBeanFactory.java:304) ~[spring-beans-4.0.2.RELEASE.jar:4.0.2.RELEASE]
	at org.springframework.beans.factory.support.DefaultSingletonBeanRegistry.getSingleton(DefaultSingletonBeanRegistry.java:228) ~[spring-beans-4.0.2.RELEASE.jar:4.0.2.RELEASE]
	at org.springframework.beans.factory.support.AbstractBeanFactory.doGetBean(AbstractBeanFactory.java:300) ~[spring-beans-4.0.2.RELEASE.jar:4.0.2.RELEASE]
	at org.springframework.beans.factory.support.AbstractBeanFactory.getBean(AbstractBeanFactory.java:195) ~[spring-beans-4.0.2.RELEASE.jar:4.0.2.RELEASE]
	at org.springframework.context.support.AbstractApplicationContext.getBean(AbstractApplicationContext.java:973) ~[spring-context-4.0.2.RELEASE.jar:4.0.2.RELEASE]
	at org.springframework.context.support.AbstractApplicationContext.finishBeanFactoryInitialization(AbstractApplicationContext.java:750) ~[spring-context-4.0.2.RELEASE.jar:4.0.2.RELEASE]
	at org.springframework.context.support.AbstractApplicationContext.refresh(AbstractApplicationContext.java:482) ~[spring-context-4.0.2.RELEASE.jar:4.0.2.RELEASE]
	at org.springframework.web.context.ContextLoader.configureAndRefreshWebApplicationContext(ContextLoader.java:403) ~[spring-web-4.0.2.RELEASE.jar:4.0.2.RELEASE]
	at org.springframework.web.context.ContextLoader.initWebApplicationContext(ContextLoader.java:306) ~[spring-web-4.0.2.RELEASE.jar:4.0.2.RELEASE]
	at org.springframework.web.context.ContextLoaderListener.contextInitialized(ContextLoaderListener.java:106) [spring-web-4.0.2.RELEASE.jar:4.0.2.RELEASE]
	at org.apache.catalina.core.StandardContext.listenerStart(StandardContext.java:4812) [catalina.jar:8.0.30]
	at org.apache.catalina.core.StandardContext.startInternal(StandardContext.java:5255) [catalina.jar:8.0.30]
	at org.apache.catalina.util.LifecycleBase.start(LifecycleBase.java:150) [catalina.jar:8.0.30]
	at org.apache.catalina.core.ContainerBase.addChildInternal(ContainerBase.java:725) [catalina.jar:8.0.30]
	at org.apache.catalina.core.ContainerBase.addChild(ContainerBase.java:701) [catalina.jar:8.0.30]
	at org.apache.catalina.core.StandardHost.addChild(StandardHost.java:717) [catalina.jar:8.0.30]
	at org.apache.catalina.startup.HostConfig.manageApp(HostConfig.java:1675) [catalina.jar:8.0.30]
	at sun.reflect.NativeMethodAccessorImpl.invoke0(Native Method) ~[na:1.8.0_45]
	at sun.reflect.NativeMethodAccessorImpl.invoke(NativeMethodAccessorImpl.java:62) ~[na:1.8.0_45]
	at sun.reflect.DelegatingMethodAccessorImpl.invoke(DelegatingMethodAccessorImpl.java:43) ~[na:1.8.0_45]
	at java.lang.reflect.Method.invoke(Method.java:497) ~[na:1.8.0_45]
	at org.apache.tomcat.util.modeler.BaseModelMBean.invoke(BaseModelMBean.java:300) [tomcat-coyote.jar:8.0.30]
	at com.sun.jmx.interceptor.DefaultMBeanServerInterceptor.invoke(DefaultMBeanServerInterceptor.java:819) [na:1.8.0_45]
	at com.sun.jmx.mbeanserver.JmxMBeanServer.invoke(JmxMBeanServer.java:801) [na:1.8.0_45]
	at org.apache.catalina.mbeans.MBeanFactory.createStandardContext(MBeanFactory.java:465) [catalina.jar:8.0.30]
	at org.apache.catalina.mbeans.MBeanFactory.createStandardContext(MBeanFactory.java:415) [catalina.jar:8.0.30]
	at sun.reflect.NativeMethodAccessorImpl.invoke0(Native Method) ~[na:1.8.0_45]
	at sun.reflect.NativeMethodAccessorImpl.invoke(NativeMethodAccessorImpl.java:62) ~[na:1.8.0_45]
	at sun.reflect.DelegatingMethodAccessorImpl.invoke(DelegatingMethodAccessorImpl.java:43) ~[na:1.8.0_45]
	at java.lang.reflect.Method.invoke(Method.java:497) ~[na:1.8.0_45]
	at org.apache.tomcat.util.modeler.BaseModelMBean.invoke(BaseModelMBean.java:300) [tomcat-coyote.jar:8.0.30]
	at com.sun.jmx.interceptor.DefaultMBeanServerInterceptor.invoke(DefaultMBeanServerInterceptor.java:819) [na:1.8.0_45]
	at com.sun.jmx.mbeanserver.JmxMBeanServer.invoke(JmxMBeanServer.java:801) [na:1.8.0_45]
	at javax.management.remote.rmi.RMIConnectionImpl.doOperation(RMIConnectionImpl.java:1466) [na:1.8.0_45]
	at javax.management.remote.rmi.RMIConnectionImpl.access$300(RMIConnectionImpl.java:76) [na:1.8.0_45]
	at javax.management.remote.rmi.RMIConnectionImpl$PrivilegedOperation.run(RMIConnectionImpl.java:1307) [na:1.8.0_45]
	at javax.management.remote.rmi.RMIConnectionImpl.doPrivilegedOperation(RMIConnectionImpl.java:1399) [na:1.8.0_45]
	at javax.management.remote.rmi.RMIConnectionImpl.invoke(RMIConnectionImpl.java:828) [na:1.8.0_45]
	at sun.reflect.NativeMethodAccessorImpl.invoke0(Native Method) ~[na:1.8.0_45]
	at sun.reflect.NativeMethodAccessorImpl.invoke(NativeMethodAccessorImpl.java:62) ~[na:1.8.0_45]
	at sun.reflect.DelegatingMethodAccessorImpl.invoke(DelegatingMethodAccessorImpl.java:43) ~[na:1.8.0_45]
	at java.lang.reflect.Method.invoke(Method.java:497) ~[na:1.8.0_45]
	at sun.rmi.server.UnicastServerRef.dispatch(UnicastServerRef.java:323) [na:1.8.0_45]
	at sun.rmi.transport.Transport$1.run(Transport.java:200) [na:1.8.0_45]
	at sun.rmi.transport.Transport$1.run(Transport.java:197) [na:1.8.0_45]
	at java.security.AccessController.doPrivileged(Native Method) [na:1.8.0_45]
	at sun.rmi.transport.Transport.serviceCall(Transport.java:196) [na:1.8.0_45]
	at sun.rmi.transport.tcp.TCPTransport.handleMessages(TCPTransport.java:568) [na:1.8.0_45]
	at sun.rmi.transport.tcp.TCPTransport$ConnectionHandler.run0(TCPTransport.java:826) [na:1.8.0_45]
	at sun.rmi.transport.tcp.TCPTransport$ConnectionHandler.lambda$run$254(TCPTransport.java:683) [na:1.8.0_45]
	at sun.rmi.transport.tcp.TCPTransport$ConnectionHandler$$Lambda$1/958943212.run(Unknown Source) [na:1.8.0_45]
	at java.security.AccessController.doPrivileged(Native Method) [na:1.8.0_45]
	at sun.rmi.transport.tcp.TCPTransport$ConnectionHandler.run(TCPTransport.java:682) [na:1.8.0_45]
	at java.util.concurrent.ThreadPoolExecutor.runWorker(ThreadPoolExecutor.java:1142) [na:1.8.0_45]
	at java.util.concurrent.ThreadPoolExecutor$Worker.run(ThreadPoolExecutor.java:617) [na:1.8.0_45]
	at java.lang.Thread.run(Thread.java:745) [na:1.8.0_45]
Caused by: org.hibernate.AnnotationException: mappedBy reference an unknown target entity property: ua.dp.moviesManager.entity.Box.location_id in ua.dp.moviesManager.entity.Location.boxes
	at org.hibernate.cfg.annotations.CollectionBinder.bindStarToManySecondPass(CollectionBinder.java:842) ~[hibernate-core-5.4.1.Final.jar:5.4.1.Final]
	at org.hibernate.cfg.annotations.CollectionBinder$1.secondPass(CollectionBinder.java:793) ~[hibernate-core-5.4.1.Final.jar:5.4.1.Final]
	at org.hibernate.cfg.CollectionSecondPass.doSecondPass(CollectionSecondPass.java:54) ~[hibernate-core-5.4.1.Final.jar:5.4.1.Final]
	at org.hibernate.boot.internal.InFlightMetadataCollectorImpl.processSecondPasses(InFlightMetadataCollectorImpl.java:1684) ~[hibernate-core-5.4.1.Final.jar:5.4.1.Final]
	at org.hibernate.boot.internal.InFlightMetadataCollectorImpl.processSecondPasses(InFlightMetadataCollectorImpl.java:1652) ~[hibernate-core-5.4.1.Final.jar:5.4.1.Final]
	at org.hibernate.boot.model.process.spi.MetadataBuildingProcess.complete(MetadataBuildingProcess.java:286) ~[hibernate-core-5.4.1.Final.jar:5.4.1.Final]
	at org.hibernate.jpa.boot.internal.EntityManagerFactoryBuilderImpl.metadata(EntityManagerFactoryBuilderImpl.java:903) ~[hibernate-core-5.4.1.Final.jar:5.4.1.Final]
	at org.hibernate.jpa.boot.internal.EntityManagerFactoryBuilderImpl.build(EntityManagerFactoryBuilderImpl.java:934) ~[hibernate-core-5.4.1.Final.jar:5.4.1.Final]
	at org.hibernate.jpa.HibernatePersistenceProvider.createContainerEntityManagerFactory(HibernatePersistenceProvider.java:141) ~[hibernate-core-5.4.1.Final.jar:5.4.1.Final]
	at org.springframework.orm.jpa.LocalContainerEntityManagerFactoryBean.createNativeEntityManagerFactory(LocalContainerEntityManagerFactoryBean.java:336) ~[spring-orm-4.0.2.RELEASE.jar:4.0.2.RELEASE]
	at org.springframework.orm.jpa.AbstractEntityManagerFactoryBean.afterPropertiesSet(AbstractEntityManagerFactoryBean.java:318) ~[spring-orm-4.0.2.RELEASE.jar:4.0.2.RELEASE]
	at org.springframework.beans.factory.support.AbstractAutowireCapableBeanFactory.invokeInitMethods(AbstractAutowireCapableBeanFactory.java:1612) ~[spring-beans-4.0.2.RELEASE.jar:4.0.2.RELEASE]
	at org.springframework.beans.factory.support.AbstractAutowireCapableBeanFactory.initializeBean(AbstractAutowireCapableBeanFactory.java:1549) ~[spring-beans-4.0.2.RELEASE.jar:4.0.2.RELEASE]
	... 58 common frames omitted
2019-01-26 12:54:26 INFO  [RMI TCP Connection(3)-127.0.0.1:ContextLoader.java:285]: Root WebApplicationContext: initialization started

2019-01-26 12:54:27 INFO  [RMI TCP Connection(3)-127.0.0.1:AbstractApplicationContext.java:513]: Refreshing Root WebApplicationContext: startup date [Sat Jan 26 12:54:27 EET 2019]; root of context hierarchy

2019-01-26 12:54:27 INFO  [RMI TCP Connection(3)-127.0.0.1:XmlBeanDefinitionReader.java:316]: Loading XML bean definitions from ServletContext resource [/WEB-INF/spring/root-context.xml]

2019-01-26 12:54:27 INFO  [RMI TCP Connection(3)-127.0.0.1:XmlBeanDefinitionReader.java:316]: Loading XML bean definitions from class path resource [META-INF/spring/datasource-tx-jpa.xml]

2019-01-26 12:54:27 INFO  [RMI TCP Connection(3)-127.0.0.1:DefaultListableBeanFactory.java:746]: Overriding bean definition for bean 'actorRepository': replacing [Root bean: class [org.springframework.data.jpa.repository.support.JpaRepositoryFactoryBean]; scope=; abstract=false; lazyInit=false; autowireMode=0; dependencyCheck=0; autowireCandidate=true; primary=false; factoryBeanName=null; factoryMethodName=null; initMethodName=null; destroyMethodName=null] with [Root bean: class [org.springframework.data.jpa.repository.support.JpaRepositoryFactoryBean]; scope=; abstract=false; lazyInit=false; autowireMode=0; dependencyCheck=0; autowireCandidate=true; primary=false; factoryBeanName=null; factoryMethodName=null; initMethodName=null; destroyMethodName=null]

2019-01-26 12:54:28 INFO  [RMI TCP Connection(3)-127.0.0.1:DriverManagerDataSource.java:133]: Loaded JDBC driver: org.postgresql.Driver

2019-01-26 12:54:28 INFO  [RMI TCP Connection(3)-127.0.0.1:LocalContainerEntityManagerFactoryBean.java:332]: Building JPA container EntityManagerFactory for persistence unit 'default'

2019-01-26 12:54:28 INFO  [RMI TCP Connection(3)-127.0.0.1:LogHelper.java:31]: HHH000204: Processing PersistenceUnitInfo [name: default]

2019-01-26 12:54:28 INFO  [RMI TCP Connection(3)-127.0.0.1:Version.java:46]: HHH000412: Hibernate Core {5.4.1.Final}

2019-01-26 12:54:29 INFO  [RMI TCP Connection(3)-127.0.0.1:JavaReflectionManager.java:49]: HCANN000001: Hibernate Commons Annotations {5.1.0.Final}

2019-01-26 12:54:30 INFO  [RMI TCP Connection(3)-127.0.0.1:Dialect.java:158]: HHH000400: Using dialect: org.hibernate.dialect.PostgreSQL9Dialect

2019-01-26 12:54:31 ERROR [RMI TCP Connection(3)-127.0.0.1:ContextLoader.java:331]: Context initialization failed

org.springframework.beans.factory.BeanCreationException: Error creating bean with name 'emf' defined in class path resource [META-INF/spring/datasource-tx-jpa.xml]: Invocation of init method failed; nested exception is javax.persistence.PersistenceException: [PersistenceUnit: default] Unable to build Hibernate SessionFactory
	at org.springframework.beans.factory.support.AbstractAutowireCapableBeanFactory.initializeBean(AbstractAutowireCapableBeanFactory.java:1553) ~[spring-beans-4.0.2.RELEASE.jar:4.0.2.RELEASE]
	at org.springframework.beans.factory.support.AbstractAutowireCapableBeanFactory.doCreateBean(AbstractAutowireCapableBeanFactory.java:539) ~[spring-beans-4.0.2.RELEASE.jar:4.0.2.RELEASE]
	at org.springframework.beans.factory.support.AbstractAutowireCapableBeanFactory.createBean(AbstractAutowireCapableBeanFactory.java:475) ~[spring-beans-4.0.2.RELEASE.jar:4.0.2.RELEASE]
	at org.springframework.beans.factory.support.AbstractBeanFactory$1.getObject(AbstractBeanFactory.java:304) ~[spring-beans-4.0.2.RELEASE.jar:4.0.2.RELEASE]
	at org.springframework.beans.factory.support.DefaultSingletonBeanRegistry.getSingleton(DefaultSingletonBeanRegistry.java:228) ~[spring-beans-4.0.2.RELEASE.jar:4.0.2.RELEASE]
	at org.springframework.beans.factory.support.AbstractBeanFactory.doGetBean(AbstractBeanFactory.java:300) ~[spring-beans-4.0.2.RELEASE.jar:4.0.2.RELEASE]
	at org.springframework.beans.factory.support.AbstractBeanFactory.getBean(AbstractBeanFactory.java:195) ~[spring-beans-4.0.2.RELEASE.jar:4.0.2.RELEASE]
	at org.springframework.context.support.AbstractApplicationContext.getBean(AbstractApplicationContext.java:973) ~[spring-context-4.0.2.RELEASE.jar:4.0.2.RELEASE]
	at org.springframework.context.support.AbstractApplicationContext.finishBeanFactoryInitialization(AbstractApplicationContext.java:750) ~[spring-context-4.0.2.RELEASE.jar:4.0.2.RELEASE]
	at org.springframework.context.support.AbstractApplicationContext.refresh(AbstractApplicationContext.java:482) ~[spring-context-4.0.2.RELEASE.jar:4.0.2.RELEASE]
	at org.springframework.web.context.ContextLoader.configureAndRefreshWebApplicationContext(ContextLoader.java:403) ~[spring-web-4.0.2.RELEASE.jar:4.0.2.RELEASE]
	at org.springframework.web.context.ContextLoader.initWebApplicationContext(ContextLoader.java:306) ~[spring-web-4.0.2.RELEASE.jar:4.0.2.RELEASE]
	at org.springframework.web.context.ContextLoaderListener.contextInitialized(ContextLoaderListener.java:106) [spring-web-4.0.2.RELEASE.jar:4.0.2.RELEASE]
	at org.apache.catalina.core.StandardContext.listenerStart(StandardContext.java:4812) [catalina.jar:8.0.30]
	at org.apache.catalina.core.StandardContext.startInternal(StandardContext.java:5255) [catalina.jar:8.0.30]
	at org.apache.catalina.util.LifecycleBase.start(LifecycleBase.java:150) [catalina.jar:8.0.30]
	at org.apache.catalina.core.ContainerBase.addChildInternal(ContainerBase.java:725) [catalina.jar:8.0.30]
	at org.apache.catalina.core.ContainerBase.addChild(ContainerBase.java:701) [catalina.jar:8.0.30]
	at org.apache.catalina.core.StandardHost.addChild(StandardHost.java:717) [catalina.jar:8.0.30]
	at org.apache.catalina.startup.HostConfig.manageApp(HostConfig.java:1675) [catalina.jar:8.0.30]
	at sun.reflect.NativeMethodAccessorImpl.invoke0(Native Method) ~[na:1.8.0_45]
	at sun.reflect.NativeMethodAccessorImpl.invoke(NativeMethodAccessorImpl.java:62) ~[na:1.8.0_45]
	at sun.reflect.DelegatingMethodAccessorImpl.invoke(DelegatingMethodAccessorImpl.java:43) ~[na:1.8.0_45]
	at java.lang.reflect.Method.invoke(Method.java:497) ~[na:1.8.0_45]
	at org.apache.tomcat.util.modeler.BaseModelMBean.invoke(BaseModelMBean.java:300) [tomcat-coyote.jar:8.0.30]
	at com.sun.jmx.interceptor.DefaultMBeanServerInterceptor.invoke(DefaultMBeanServerInterceptor.java:819) [na:1.8.0_45]
	at com.sun.jmx.mbeanserver.JmxMBeanServer.invoke(JmxMBeanServer.java:801) [na:1.8.0_45]
	at org.apache.catalina.mbeans.MBeanFactory.createStandardContext(MBeanFactory.java:465) [catalina.jar:8.0.30]
	at org.apache.catalina.mbeans.MBeanFactory.createStandardContext(MBeanFactory.java:415) [catalina.jar:8.0.30]
	at sun.reflect.NativeMethodAccessorImpl.invoke0(Native Method) ~[na:1.8.0_45]
	at sun.reflect.NativeMethodAccessorImpl.invoke(NativeMethodAccessorImpl.java:62) ~[na:1.8.0_45]
	at sun.reflect.DelegatingMethodAccessorImpl.invoke(DelegatingMethodAccessorImpl.java:43) ~[na:1.8.0_45]
	at java.lang.reflect.Method.invoke(Method.java:497) ~[na:1.8.0_45]
	at org.apache.tomcat.util.modeler.BaseModelMBean.invoke(BaseModelMBean.java:300) [tomcat-coyote.jar:8.0.30]
	at com.sun.jmx.interceptor.DefaultMBeanServerInterceptor.invoke(DefaultMBeanServerInterceptor.java:819) [na:1.8.0_45]
	at com.sun.jmx.mbeanserver.JmxMBeanServer.invoke(JmxMBeanServer.java:801) [na:1.8.0_45]
	at javax.management.remote.rmi.RMIConnectionImpl.doOperation(RMIConnectionImpl.java:1466) [na:1.8.0_45]
	at javax.management.remote.rmi.RMIConnectionImpl.access$300(RMIConnectionImpl.java:76) [na:1.8.0_45]
	at javax.management.remote.rmi.RMIConnectionImpl$PrivilegedOperation.run(RMIConnectionImpl.java:1307) [na:1.8.0_45]
	at javax.management.remote.rmi.RMIConnectionImpl.doPrivilegedOperation(RMIConnectionImpl.java:1399) [na:1.8.0_45]
	at javax.management.remote.rmi.RMIConnectionImpl.invoke(RMIConnectionImpl.java:828) [na:1.8.0_45]
	at sun.reflect.NativeMethodAccessorImpl.invoke0(Native Method) ~[na:1.8.0_45]
	at sun.reflect.NativeMethodAccessorImpl.invoke(NativeMethodAccessorImpl.java:62) ~[na:1.8.0_45]
	at sun.reflect.DelegatingMethodAccessorImpl.invoke(DelegatingMethodAccessorImpl.java:43) ~[na:1.8.0_45]
	at java.lang.reflect.Method.invoke(Method.java:497) ~[na:1.8.0_45]
	at sun.rmi.server.UnicastServerRef.dispatch(UnicastServerRef.java:323) [na:1.8.0_45]
	at sun.rmi.transport.Transport$1.run(Transport.java:200) [na:1.8.0_45]
	at sun.rmi.transport.Transport$1.run(Transport.java:197) [na:1.8.0_45]
	at java.security.AccessController.doPrivileged(Native Method) [na:1.8.0_45]
	at sun.rmi.transport.Transport.serviceCall(Transport.java:196) [na:1.8.0_45]
	at sun.rmi.transport.tcp.TCPTransport.handleMessages(TCPTransport.java:568) [na:1.8.0_45]
	at sun.rmi.transport.tcp.TCPTransport$ConnectionHandler.run0(TCPTransport.java:826) [na:1.8.0_45]
	at sun.rmi.transport.tcp.TCPTransport$ConnectionHandler.lambda$run$254(TCPTransport.java:683) [na:1.8.0_45]
	at sun.rmi.transport.tcp.TCPTransport$ConnectionHandler$$Lambda$1/630574021.run(Unknown Source) [na:1.8.0_45]
	at java.security.AccessController.doPrivileged(Native Method) [na:1.8.0_45]
	at sun.rmi.transport.tcp.TCPTransport$ConnectionHandler.run(TCPTransport.java:682) [na:1.8.0_45]
	at java.util.concurrent.ThreadPoolExecutor.runWorker(ThreadPoolExecutor.java:1142) [na:1.8.0_45]
	at java.util.concurrent.ThreadPoolExecutor$Worker.run(ThreadPoolExecutor.java:617) [na:1.8.0_45]
	at java.lang.Thread.run(Thread.java:745) [na:1.8.0_45]
Caused by: javax.persistence.PersistenceException: [PersistenceUnit: default] Unable to build Hibernate SessionFactory
	at org.hibernate.jpa.boot.internal.EntityManagerFactoryBuilderImpl.persistenceException(EntityManagerFactoryBuilderImpl.java:1015) ~[hibernate-core-5.4.1.Final.jar:5.4.1.Final]
	at org.hibernate.jpa.boot.internal.EntityManagerFactoryBuilderImpl.build(EntityManagerFactoryBuilderImpl.java:941) ~[hibernate-core-5.4.1.Final.jar:5.4.1.Final]
	at org.hibernate.jpa.HibernatePersistenceProvider.createContainerEntityManagerFactory(HibernatePersistenceProvider.java:141) ~[hibernate-core-5.4.1.Final.jar:5.4.1.Final]
	at org.springframework.orm.jpa.LocalContainerEntityManagerFactoryBean.createNativeEntityManagerFactory(LocalContainerEntityManagerFactoryBean.java:336) ~[spring-orm-4.0.2.RELEASE.jar:4.0.2.RELEASE]
	at org.springframework.orm.jpa.AbstractEntityManagerFactoryBean.afterPropertiesSet(AbstractEntityManagerFactoryBean.java:318) ~[spring-orm-4.0.2.RELEASE.jar:4.0.2.RELEASE]
	at org.springframework.beans.factory.support.AbstractAutowireCapableBeanFactory.invokeInitMethods(AbstractAutowireCapableBeanFactory.java:1612) ~[spring-beans-4.0.2.RELEASE.jar:4.0.2.RELEASE]
	at org.springframework.beans.factory.support.AbstractAutowireCapableBeanFactory.initializeBean(AbstractAutowireCapableBeanFactory.java:1549) ~[spring-beans-4.0.2.RELEASE.jar:4.0.2.RELEASE]
	... 58 common frames omitted
Caused by: org.hibernate.MappingException: Repeated column in mapping for entity: ua.dp.moviesManager.entity.Actor column: actor_id (should be mapped with insert="false" update="false")
	at org.hibernate.mapping.PersistentClass.checkColumnDuplication(PersistentClass.java:862) ~[hibernate-core-5.4.1.Final.jar:5.4.1.Final]
	at org.hibernate.mapping.PersistentClass.checkPropertyColumnDuplication(PersistentClass.java:880) ~[hibernate-core-5.4.1.Final.jar:5.4.1.Final]
	at org.hibernate.mapping.PersistentClass.checkColumnDuplication(PersistentClass.java:902) ~[hibernate-core-5.4.1.Final.jar:5.4.1.Final]
	at org.hibernate.mapping.PersistentClass.validate(PersistentClass.java:634) ~[hibernate-core-5.4.1.Final.jar:5.4.1.Final]
	at org.hibernate.mapping.RootClass.validate(RootClass.java:267) ~[hibernate-core-5.4.1.Final.jar:5.4.1.Final]
	at org.hibernate.boot.internal.MetadataImpl.validate(MetadataImpl.java:343) ~[hibernate-core-5.4.1.Final.jar:5.4.1.Final]
	at org.hibernate.boot.internal.SessionFactoryBuilderImpl.build(SessionFactoryBuilderImpl.java:461) ~[hibernate-core-5.4.1.Final.jar:5.4.1.Final]
	at org.hibernate.jpa.boot.internal.EntityManagerFactoryBuilderImpl.build(EntityManagerFactoryBuilderImpl.java:938) ~[hibernate-core-5.4.1.Final.jar:5.4.1.Final]
	... 63 common frames omitted
2019-01-26 12:59:09 INFO  [RMI TCP Connection(5)-127.0.0.1:ContextLoader.java:285]: Root WebApplicationContext: initialization started

2019-01-26 12:59:09 INFO  [RMI TCP Connection(5)-127.0.0.1:AbstractApplicationContext.java:513]: Refreshing Root WebApplicationContext: startup date [Sat Jan 26 12:59:09 EET 2019]; root of context hierarchy

2019-01-26 12:59:09 INFO  [RMI TCP Connection(5)-127.0.0.1:XmlBeanDefinitionReader.java:316]: Loading XML bean definitions from ServletContext resource [/WEB-INF/spring/root-context.xml]

2019-01-26 12:59:10 INFO  [RMI TCP Connection(5)-127.0.0.1:XmlBeanDefinitionReader.java:316]: Loading XML bean definitions from class path resource [META-INF/spring/datasource-tx-jpa.xml]

2019-01-26 12:59:10 INFO  [RMI TCP Connection(5)-127.0.0.1:DefaultListableBeanFactory.java:746]: Overriding bean definition for bean 'actorRepository': replacing [Root bean: class [org.springframework.data.jpa.repository.support.JpaRepositoryFactoryBean]; scope=; abstract=false; lazyInit=false; autowireMode=0; dependencyCheck=0; autowireCandidate=true; primary=false; factoryBeanName=null; factoryMethodName=null; initMethodName=null; destroyMethodName=null] with [Root bean: class [org.springframework.data.jpa.repository.support.JpaRepositoryFactoryBean]; scope=; abstract=false; lazyInit=false; autowireMode=0; dependencyCheck=0; autowireCandidate=true; primary=false; factoryBeanName=null; factoryMethodName=null; initMethodName=null; destroyMethodName=null]

2019-01-26 12:59:10 INFO  [RMI TCP Connection(5)-127.0.0.1:DriverManagerDataSource.java:133]: Loaded JDBC driver: org.postgresql.Driver

2019-01-26 12:59:10 INFO  [RMI TCP Connection(5)-127.0.0.1:LocalContainerEntityManagerFactoryBean.java:332]: Building JPA container EntityManagerFactory for persistence unit 'default'

2019-01-26 12:59:11 INFO  [RMI TCP Connection(5)-127.0.0.1:LogHelper.java:31]: HHH000204: Processing PersistenceUnitInfo [name: default]

2019-01-26 12:59:11 INFO  [RMI TCP Connection(5)-127.0.0.1:Version.java:46]: HHH000412: Hibernate Core {5.4.1.Final}

2019-01-26 12:59:11 INFO  [RMI TCP Connection(5)-127.0.0.1:JavaReflectionManager.java:49]: HCANN000001: Hibernate Commons Annotations {5.1.0.Final}

2019-01-26 12:59:12 INFO  [RMI TCP Connection(5)-127.0.0.1:Dialect.java:158]: HHH000400: Using dialect: org.hibernate.dialect.PostgreSQL9Dialect

2019-01-26 12:59:13 INFO  [RMI TCP Connection(5)-127.0.0.1:Version.java:27]: HV000001: Hibernate Validator 5.1.0.Final

2019-01-26 12:59:14 ERROR [RMI TCP Connection(5)-127.0.0.1:ContextLoader.java:331]: Context initialization failed

org.springframework.beans.factory.BeanCreationException: Error creating bean with name 'emf' defined in class path resource [META-INF/spring/datasource-tx-jpa.xml]: Invocation of init method failed; nested exception is java.lang.AbstractMethodError
	at org.springframework.beans.factory.support.AbstractAutowireCapableBeanFactory.initializeBean(AbstractAutowireCapableBeanFactory.java:1553) ~[spring-beans-4.0.2.RELEASE.jar:4.0.2.RELEASE]
	at org.springframework.beans.factory.support.AbstractAutowireCapableBeanFactory.doCreateBean(AbstractAutowireCapableBeanFactory.java:539) ~[spring-beans-4.0.2.RELEASE.jar:4.0.2.RELEASE]
	at org.springframework.beans.factory.support.AbstractAutowireCapableBeanFactory.createBean(AbstractAutowireCapableBeanFactory.java:475) ~[spring-beans-4.0.2.RELEASE.jar:4.0.2.RELEASE]
	at org.springframework.beans.factory.support.AbstractBeanFactory$1.getObject(AbstractBeanFactory.java:304) ~[spring-beans-4.0.2.RELEASE.jar:4.0.2.RELEASE]
	at org.springframework.beans.factory.support.DefaultSingletonBeanRegistry.getSingleton(DefaultSingletonBeanRegistry.java:228) ~[spring-beans-4.0.2.RELEASE.jar:4.0.2.RELEASE]
	at org.springframework.beans.factory.support.AbstractBeanFactory.doGetBean(AbstractBeanFactory.java:300) ~[spring-beans-4.0.2.RELEASE.jar:4.0.2.RELEASE]
	at org.springframework.beans.factory.support.AbstractBeanFactory.getBean(AbstractBeanFactory.java:195) ~[spring-beans-4.0.2.RELEASE.jar:4.0.2.RELEASE]
	at org.springframework.context.support.AbstractApplicationContext.getBean(AbstractApplicationContext.java:973) ~[spring-context-4.0.2.RELEASE.jar:4.0.2.RELEASE]
	at org.springframework.context.support.AbstractApplicationContext.finishBeanFactoryInitialization(AbstractApplicationContext.java:750) ~[spring-context-4.0.2.RELEASE.jar:4.0.2.RELEASE]
	at org.springframework.context.support.AbstractApplicationContext.refresh(AbstractApplicationContext.java:482) ~[spring-context-4.0.2.RELEASE.jar:4.0.2.RELEASE]
	at org.springframework.web.context.ContextLoader.configureAndRefreshWebApplicationContext(ContextLoader.java:403) ~[spring-web-4.0.2.RELEASE.jar:4.0.2.RELEASE]
	at org.springframework.web.context.ContextLoader.initWebApplicationContext(ContextLoader.java:306) ~[spring-web-4.0.2.RELEASE.jar:4.0.2.RELEASE]
	at org.springframework.web.context.ContextLoaderListener.contextInitialized(ContextLoaderListener.java:106) [spring-web-4.0.2.RELEASE.jar:4.0.2.RELEASE]
	at org.apache.catalina.core.StandardContext.listenerStart(StandardContext.java:4812) [catalina.jar:8.0.30]
	at org.apache.catalina.core.StandardContext.startInternal(StandardContext.java:5255) [catalina.jar:8.0.30]
	at org.apache.catalina.util.LifecycleBase.start(LifecycleBase.java:150) [catalina.jar:8.0.30]
	at org.apache.catalina.core.ContainerBase.addChildInternal(ContainerBase.java:725) [catalina.jar:8.0.30]
	at org.apache.catalina.core.ContainerBase.addChild(ContainerBase.java:701) [catalina.jar:8.0.30]
	at org.apache.catalina.core.StandardHost.addChild(StandardHost.java:717) [catalina.jar:8.0.30]
	at org.apache.catalina.startup.HostConfig.manageApp(HostConfig.java:1675) [catalina.jar:8.0.30]
	at sun.reflect.NativeMethodAccessorImpl.invoke0(Native Method) ~[na:1.8.0_45]
	at sun.reflect.NativeMethodAccessorImpl.invoke(NativeMethodAccessorImpl.java:62) ~[na:1.8.0_45]
	at sun.reflect.DelegatingMethodAccessorImpl.invoke(DelegatingMethodAccessorImpl.java:43) ~[na:1.8.0_45]
	at java.lang.reflect.Method.invoke(Method.java:497) ~[na:1.8.0_45]
	at org.apache.tomcat.util.modeler.BaseModelMBean.invoke(BaseModelMBean.java:300) [tomcat-coyote.jar:8.0.30]
	at com.sun.jmx.interceptor.DefaultMBeanServerInterceptor.invoke(DefaultMBeanServerInterceptor.java:819) [na:1.8.0_45]
	at com.sun.jmx.mbeanserver.JmxMBeanServer.invoke(JmxMBeanServer.java:801) [na:1.8.0_45]
	at org.apache.catalina.mbeans.MBeanFactory.createStandardContext(MBeanFactory.java:465) [catalina.jar:8.0.30]
	at org.apache.catalina.mbeans.MBeanFactory.createStandardContext(MBeanFactory.java:415) [catalina.jar:8.0.30]
	at sun.reflect.NativeMethodAccessorImpl.invoke0(Native Method) ~[na:1.8.0_45]
	at sun.reflect.NativeMethodAccessorImpl.invoke(NativeMethodAccessorImpl.java:62) ~[na:1.8.0_45]
	at sun.reflect.DelegatingMethodAccessorImpl.invoke(DelegatingMethodAccessorImpl.java:43) ~[na:1.8.0_45]
	at java.lang.reflect.Method.invoke(Method.java:497) ~[na:1.8.0_45]
	at org.apache.tomcat.util.modeler.BaseModelMBean.invoke(BaseModelMBean.java:300) [tomcat-coyote.jar:8.0.30]
	at com.sun.jmx.interceptor.DefaultMBeanServerInterceptor.invoke(DefaultMBeanServerInterceptor.java:819) [na:1.8.0_45]
	at com.sun.jmx.mbeanserver.JmxMBeanServer.invoke(JmxMBeanServer.java:801) [na:1.8.0_45]
	at javax.management.remote.rmi.RMIConnectionImpl.doOperation(RMIConnectionImpl.java:1466) [na:1.8.0_45]
	at javax.management.remote.rmi.RMIConnectionImpl.access$300(RMIConnectionImpl.java:76) [na:1.8.0_45]
	at javax.management.remote.rmi.RMIConnectionImpl$PrivilegedOperation.run(RMIConnectionImpl.java:1307) [na:1.8.0_45]
	at javax.management.remote.rmi.RMIConnectionImpl.doPrivilegedOperation(RMIConnectionImpl.java:1399) [na:1.8.0_45]
	at javax.management.remote.rmi.RMIConnectionImpl.invoke(RMIConnectionImpl.java:828) [na:1.8.0_45]
	at sun.reflect.NativeMethodAccessorImpl.invoke0(Native Method) ~[na:1.8.0_45]
	at sun.reflect.NativeMethodAccessorImpl.invoke(NativeMethodAccessorImpl.java:62) ~[na:1.8.0_45]
	at sun.reflect.DelegatingMethodAccessorImpl.invoke(DelegatingMethodAccessorImpl.java:43) ~[na:1.8.0_45]
	at java.lang.reflect.Method.invoke(Method.java:497) ~[na:1.8.0_45]
	at sun.rmi.server.UnicastServerRef.dispatch(UnicastServerRef.java:323) [na:1.8.0_45]
	at sun.rmi.transport.Transport$1.run(Transport.java:200) [na:1.8.0_45]
	at sun.rmi.transport.Transport$1.run(Transport.java:197) [na:1.8.0_45]
	at java.security.AccessController.doPrivileged(Native Method) [na:1.8.0_45]
	at sun.rmi.transport.Transport.serviceCall(Transport.java:196) [na:1.8.0_45]
	at sun.rmi.transport.tcp.TCPTransport.handleMessages(TCPTransport.java:568) [na:1.8.0_45]
	at sun.rmi.transport.tcp.TCPTransport$ConnectionHandler.run0(TCPTransport.java:826) [na:1.8.0_45]
	at sun.rmi.transport.tcp.TCPTransport$ConnectionHandler.lambda$run$254(TCPTransport.java:683) [na:1.8.0_45]
	at sun.rmi.transport.tcp.TCPTransport$ConnectionHandler$$Lambda$1/2133656919.run(Unknown Source) [na:1.8.0_45]
	at java.security.AccessController.doPrivileged(Native Method) [na:1.8.0_45]
	at sun.rmi.transport.tcp.TCPTransport$ConnectionHandler.run(TCPTransport.java:682) [na:1.8.0_45]
	at java.util.concurrent.ThreadPoolExecutor.runWorker(ThreadPoolExecutor.java:1142) [na:1.8.0_45]
	at java.util.concurrent.ThreadPoolExecutor$Worker.run(ThreadPoolExecutor.java:617) [na:1.8.0_45]
	at java.lang.Thread.run(Thread.java:745) [na:1.8.0_45]
Caused by: java.lang.AbstractMethodError: null
	at org.hibernate.internal.SessionFactoryImpl.<init>(SessionFactoryImpl.java:275) ~[hibernate-core-5.4.1.Final.jar:5.4.1.Final]
	at org.hibernate.boot.internal.SessionFactoryBuilderImpl.build(SessionFactoryBuilderImpl.java:462) ~[hibernate-core-5.4.1.Final.jar:5.4.1.Final]
	at org.hibernate.jpa.boot.internal.EntityManagerFactoryBuilderImpl.build(EntityManagerFactoryBuilderImpl.java:938) ~[hibernate-core-5.4.1.Final.jar:5.4.1.Final]
	at org.hibernate.jpa.HibernatePersistenceProvider.createContainerEntityManagerFactory(HibernatePersistenceProvider.java:141) ~[hibernate-core-5.4.1.Final.jar:5.4.1.Final]
	at org.springframework.orm.jpa.LocalContainerEntityManagerFactoryBean.createNativeEntityManagerFactory(LocalContainerEntityManagerFactoryBean.java:336) ~[spring-orm-4.0.2.RELEASE.jar:4.0.2.RELEASE]
	at org.springframework.orm.jpa.AbstractEntityManagerFactoryBean.afterPropertiesSet(AbstractEntityManagerFactoryBean.java:318) ~[spring-orm-4.0.2.RELEASE.jar:4.0.2.RELEASE]
	at org.springframework.beans.factory.support.AbstractAutowireCapableBeanFactory.invokeInitMethods(AbstractAutowireCapableBeanFactory.java:1612) ~[spring-beans-4.0.2.RELEASE.jar:4.0.2.RELEASE]
	at org.springframework.beans.factory.support.AbstractAutowireCapableBeanFactory.initializeBean(AbstractAutowireCapableBeanFactory.java:1549) ~[spring-beans-4.0.2.RELEASE.jar:4.0.2.RELEASE]
	... 58 common frames omitted
