2019-01-30 13:21:33 INFO  [RMI TCP Connection(8)-127.0.0.1:ContextLoader.java:285]: Root WebApplicationContext: initialization started

2019-01-30 13:21:34 INFO  [RMI TCP Connection(8)-127.0.0.1:AbstractApplicationContext.java:513]: Refreshing Root WebApplicationContext: startup date [Wed Jan 30 13:21:34 EET 2019]; root of context hierarchy

2019-01-30 13:21:34 INFO  [RMI TCP Connection(8)-127.0.0.1:XmlBeanDefinitionReader.java:316]: Loading XML bean definitions from ServletContext resource [/WEB-INF/spring/root-context.xml]

2019-01-30 13:21:34 INFO  [RMI TCP Connection(8)-127.0.0.1:XmlBeanDefinitionReader.java:316]: Loading XML bean definitions from class path resource [META-INF/spring/datasource-tx-jpa.xml]

2019-01-30 13:21:35 ERROR [RMI TCP Connection(8)-127.0.0.1:ContextLoader.java:331]: Context initialization failed

org.springframework.beans.factory.parsing.BeanDefinitionParsingException: Configuration problem: Failed to import bean definitions from URL location [classpath:META-INF/spring/datasource-tx-jpa.xml]
Offending resource: ServletContext resource [/WEB-INF/spring/root-context.xml]; nested exception is org.springframework.beans.factory.BeanDefinitionStoreException: Unexpected exception parsing XML document from class path resource [META-INF/spring/datasource-tx-jpa.xml]; nested exception is java.lang.NoSuchMethodError: org.springframework.beans.factory.xml.XmlReaderContext.getEnvironment()Lorg/springframework/core/env/Environment;
	at org.springframework.beans.factory.parsing.FailFastProblemReporter.error(FailFastProblemReporter.java:70) ~[spring-beans-4.0.2.RELEASE.jar:4.0.2.RELEASE]
	at org.springframework.beans.factory.parsing.ReaderContext.error(ReaderContext.java:85) ~[spring-beans-4.0.2.RELEASE.jar:4.0.2.RELEASE]
	at org.springframework.beans.factory.parsing.ReaderContext.error(ReaderContext.java:76) ~[spring-beans-4.0.2.RELEASE.jar:4.0.2.RELEASE]
	at org.springframework.beans.factory.xml.DefaultBeanDefinitionDocumentReader.importBeanDefinitionResource(DefaultBeanDefinitionDocumentReader.java:248) ~[spring-beans-4.0.2.RELEASE.jar:4.0.2.RELEASE]
	at org.springframework.beans.factory.xml.DefaultBeanDefinitionDocumentReader.parseDefaultElement(DefaultBeanDefinitionDocumentReader.java:199) ~[spring-beans-4.0.2.RELEASE.jar:4.0.2.RELEASE]
	at org.springframework.beans.factory.xml.DefaultBeanDefinitionDocumentReader.parseBeanDefinitions(DefaultBeanDefinitionDocumentReader.java:184) ~[spring-beans-4.0.2.RELEASE.jar:4.0.2.RELEASE]
	at org.springframework.beans.factory.xml.DefaultBeanDefinitionDocumentReader.doRegisterBeanDefinitions(DefaultBeanDefinitionDocumentReader.java:141) ~[spring-beans-4.0.2.RELEASE.jar:4.0.2.RELEASE]
	at org.springframework.beans.factory.xml.DefaultBeanDefinitionDocumentReader.registerBeanDefinitions(DefaultBeanDefinitionDocumentReader.java:110) ~[spring-beans-4.0.2.RELEASE.jar:4.0.2.RELEASE]
	at org.springframework.beans.factory.xml.XmlBeanDefinitionReader.registerBeanDefinitions(XmlBeanDefinitionReader.java:508) ~[spring-beans-4.0.2.RELEASE.jar:4.0.2.RELEASE]
	at org.springframework.beans.factory.xml.XmlBeanDefinitionReader.doLoadBeanDefinitions(XmlBeanDefinitionReader.java:391) ~[spring-beans-4.0.2.RELEASE.jar:4.0.2.RELEASE]
	at org.springframework.beans.factory.xml.XmlBeanDefinitionReader.loadBeanDefinitions(XmlBeanDefinitionReader.java:335) ~[spring-beans-4.0.2.RELEASE.jar:4.0.2.RELEASE]
	at org.springframework.beans.factory.xml.XmlBeanDefinitionReader.loadBeanDefinitions(XmlBeanDefinitionReader.java:303) ~[spring-beans-4.0.2.RELEASE.jar:4.0.2.RELEASE]
	at org.springframework.beans.factory.support.AbstractBeanDefinitionReader.loadBeanDefinitions(AbstractBeanDefinitionReader.java:180) ~[spring-beans-4.0.2.RELEASE.jar:4.0.2.RELEASE]
	at org.springframework.beans.factory.support.AbstractBeanDefinitionReader.loadBeanDefinitions(AbstractBeanDefinitionReader.java:216) ~[spring-beans-4.0.2.RELEASE.jar:4.0.2.RELEASE]
	at org.springframework.beans.factory.support.AbstractBeanDefinitionReader.loadBeanDefinitions(AbstractBeanDefinitionReader.java:187) ~[spring-beans-4.0.2.RELEASE.jar:4.0.2.RELEASE]
	at org.springframework.web.context.support.XmlWebApplicationContext.loadBeanDefinitions(XmlWebApplicationContext.java:125) ~[spring-web-4.0.2.RELEASE.jar:4.0.2.RELEASE]
	at org.springframework.web.context.support.XmlWebApplicationContext.loadBeanDefinitions(XmlWebApplicationContext.java:94) ~[spring-web-4.0.2.RELEASE.jar:4.0.2.RELEASE]
	at org.springframework.context.support.AbstractRefreshableApplicationContext.refreshBeanFactory(AbstractRefreshableApplicationContext.java:129) ~[spring-context-4.0.2.RELEASE.jar:4.0.2.RELEASE]
	at org.springframework.context.support.AbstractApplicationContext.obtainFreshBeanFactory(AbstractApplicationContext.java:540) ~[spring-context-4.0.2.RELEASE.jar:4.0.2.RELEASE]
	at org.springframework.context.support.AbstractApplicationContext.refresh(AbstractApplicationContext.java:454) ~[spring-context-4.0.2.RELEASE.jar:4.0.2.RELEASE]
	at org.springframework.web.context.ContextLoader.configureAndRefreshWebApplicationContext(ContextLoader.java:403) ~[spring-web-4.0.2.RELEASE.jar:4.0.2.RELEASE]
	at org.springframework.web.context.ContextLoader.initWebApplicationContext(ContextLoader.java:306) ~[spring-web-4.0.2.RELEASE.jar:4.0.2.RELEASE]
	at org.springframework.web.context.ContextLoaderListener.contextInitialized(ContextLoaderListener.java:106) [spring-web-4.0.2.RELEASE.jar:4.0.2.RELEASE]
	at org.apache.catalina.core.StandardContext.listenerStart(StandardContext.java:4812) [catalina.jar:8.0.30]
	at org.apache.catalina.core.StandardContext.startInternal(StandardContext.java:5255) [catalina.jar:8.0.30]
	at org.apache.catalina.util.LifecycleBase.start(LifecycleBase.java:150) [catalina.jar:8.0.30]
	at org.apache.catalina.core.ContainerBase.addChildInternal(ContainerBase.java:725) [catalina.jar:8.0.30]
	at org.apache.catalina.core.ContainerBase.addChild(ContainerBase.java:701) [catalina.jar:8.0.30]
	at org.apache.catalina.core.StandardHost.addChild(StandardHost.java:717) [catalina.jar:8.0.30]
	at org.apache.catalina.startup.HostConfig.manageApp(HostConfig.java:1675) [catalina.jar:8.0.30]
	at sun.reflect.NativeMethodAccessorImpl.invoke0(Native Method) ~[na:1.8.0_45]
	at sun.reflect.NativeMethodAccessorImpl.invoke(NativeMethodAccessorImpl.java:62) ~[na:1.8.0_45]
	at sun.reflect.DelegatingMethodAccessorImpl.invoke(DelegatingMethodAccessorImpl.java:43) ~[na:1.8.0_45]
	at java.lang.reflect.Method.invoke(Method.java:497) ~[na:1.8.0_45]
	at org.apache.tomcat.util.modeler.BaseModelMBean.invoke(BaseModelMBean.java:300) [tomcat-coyote.jar:8.0.30]
	at com.sun.jmx.interceptor.DefaultMBeanServerInterceptor.invoke(DefaultMBeanServerInterceptor.java:819) [na:1.8.0_45]
	at com.sun.jmx.mbeanserver.JmxMBeanServer.invoke(JmxMBeanServer.java:801) [na:1.8.0_45]
	at org.apache.catalina.mbeans.MBeanFactory.createStandardContext(MBeanFactory.java:465) [catalina.jar:8.0.30]
	at org.apache.catalina.mbeans.MBeanFactory.createStandardContext(MBeanFactory.java:415) [catalina.jar:8.0.30]
	at sun.reflect.NativeMethodAccessorImpl.invoke0(Native Method) ~[na:1.8.0_45]
	at sun.reflect.NativeMethodAccessorImpl.invoke(NativeMethodAccessorImpl.java:62) ~[na:1.8.0_45]
	at sun.reflect.DelegatingMethodAccessorImpl.invoke(DelegatingMethodAccessorImpl.java:43) ~[na:1.8.0_45]
	at java.lang.reflect.Method.invoke(Method.java:497) ~[na:1.8.0_45]
	at org.apache.tomcat.util.modeler.BaseModelMBean.invoke(BaseModelMBean.java:300) [tomcat-coyote.jar:8.0.30]
	at com.sun.jmx.interceptor.DefaultMBeanServerInterceptor.invoke(DefaultMBeanServerInterceptor.java:819) [na:1.8.0_45]
	at com.sun.jmx.mbeanserver.JmxMBeanServer.invoke(JmxMBeanServer.java:801) [na:1.8.0_45]
	at javax.management.remote.rmi.RMIConnectionImpl.doOperation(RMIConnectionImpl.java:1466) [na:1.8.0_45]
	at javax.management.remote.rmi.RMIConnectionImpl.access$300(RMIConnectionImpl.java:76) [na:1.8.0_45]
	at javax.management.remote.rmi.RMIConnectionImpl$PrivilegedOperation.run(RMIConnectionImpl.java:1307) [na:1.8.0_45]
	at javax.management.remote.rmi.RMIConnectionImpl.doPrivilegedOperation(RMIConnectionImpl.java:1399) [na:1.8.0_45]
	at javax.management.remote.rmi.RMIConnectionImpl.invoke(RMIConnectionImpl.java:828) [na:1.8.0_45]
	at sun.reflect.NativeMethodAccessorImpl.invoke0(Native Method) ~[na:1.8.0_45]
	at sun.reflect.NativeMethodAccessorImpl.invoke(NativeMethodAccessorImpl.java:62) ~[na:1.8.0_45]
	at sun.reflect.DelegatingMethodAccessorImpl.invoke(DelegatingMethodAccessorImpl.java:43) ~[na:1.8.0_45]
	at java.lang.reflect.Method.invoke(Method.java:497) ~[na:1.8.0_45]
	at sun.rmi.server.UnicastServerRef.dispatch(UnicastServerRef.java:323) [na:1.8.0_45]
	at sun.rmi.transport.Transport$1.run(Transport.java:200) [na:1.8.0_45]
	at sun.rmi.transport.Transport$1.run(Transport.java:197) [na:1.8.0_45]
	at java.security.AccessController.doPrivileged(Native Method) [na:1.8.0_45]
	at sun.rmi.transport.Transport.serviceCall(Transport.java:196) [na:1.8.0_45]
	at sun.rmi.transport.tcp.TCPTransport.handleMessages(TCPTransport.java:568) [na:1.8.0_45]
	at sun.rmi.transport.tcp.TCPTransport$ConnectionHandler.run0(TCPTransport.java:826) [na:1.8.0_45]
	at sun.rmi.transport.tcp.TCPTransport$ConnectionHandler.lambda$run$254(TCPTransport.java:683) [na:1.8.0_45]
	at sun.rmi.transport.tcp.TCPTransport$ConnectionHandler$$Lambda$1/1268984865.run(Unknown Source) [na:1.8.0_45]
	at java.security.AccessController.doPrivileged(Native Method) [na:1.8.0_45]
	at sun.rmi.transport.tcp.TCPTransport$ConnectionHandler.run(TCPTransport.java:682) [na:1.8.0_45]
	at java.util.concurrent.ThreadPoolExecutor.runWorker(ThreadPoolExecutor.java:1142) [na:1.8.0_45]
	at java.util.concurrent.ThreadPoolExecutor$Worker.run(ThreadPoolExecutor.java:617) [na:1.8.0_45]
	at java.lang.Thread.run(Thread.java:745) [na:1.8.0_45]
Caused by: org.springframework.beans.factory.BeanDefinitionStoreException: Unexpected exception parsing XML document from class path resource [META-INF/spring/datasource-tx-jpa.xml]; nested exception is java.lang.NoSuchMethodError: org.springframework.beans.factory.xml.XmlReaderContext.getEnvironment()Lorg/springframework/core/env/Environment;
	at org.springframework.beans.factory.xml.XmlBeanDefinitionReader.doLoadBeanDefinitions(XmlBeanDefinitionReader.java:413) ~[spring-beans-4.0.2.RELEASE.jar:4.0.2.RELEASE]
	at org.springframework.beans.factory.xml.XmlBeanDefinitionReader.loadBeanDefinitions(XmlBeanDefinitionReader.java:335) ~[spring-beans-4.0.2.RELEASE.jar:4.0.2.RELEASE]
	at org.springframework.beans.factory.xml.XmlBeanDefinitionReader.loadBeanDefinitions(XmlBeanDefinitionReader.java:303) ~[spring-beans-4.0.2.RELEASE.jar:4.0.2.RELEASE]
	at org.springframework.beans.factory.support.AbstractBeanDefinitionReader.loadBeanDefinitions(AbstractBeanDefinitionReader.java:180) ~[spring-beans-4.0.2.RELEASE.jar:4.0.2.RELEASE]
	at org.springframework.beans.factory.support.AbstractBeanDefinitionReader.loadBeanDefinitions(AbstractBeanDefinitionReader.java:216) ~[spring-beans-4.0.2.RELEASE.jar:4.0.2.RELEASE]
	at org.springframework.beans.factory.xml.DefaultBeanDefinitionDocumentReader.importBeanDefinitionResource(DefaultBeanDefinitionDocumentReader.java:242) ~[spring-beans-4.0.2.RELEASE.jar:4.0.2.RELEASE]
	... 65 common frames omitted
Caused by: java.lang.NoSuchMethodError: org.springframework.beans.factory.xml.XmlReaderContext.getEnvironment()Lorg/springframework/core/env/Environment;
	at org.springframework.data.repository.config.RepositoryBeanDefinitionParser.parse(RepositoryBeanDefinitionParser.java:64) ~[spring-data-commons-1.11.0.RELEASE.jar:na]
	at org.springframework.beans.factory.xml.NamespaceHandlerSupport.parse(NamespaceHandlerSupport.java:74) ~[spring-beans-4.0.2.RELEASE.jar:4.0.2.RELEASE]
	at org.springframework.beans.factory.xml.BeanDefinitionParserDelegate.parseCustomElement(BeanDefinitionParserDelegate.java:1424) ~[spring-beans-4.0.2.RELEASE.jar:4.0.2.RELEASE]
	at org.springframework.beans.factory.xml.BeanDefinitionParserDelegate.parseCustomElement(BeanDefinitionParserDelegate.java:1414) ~[spring-beans-4.0.2.RELEASE.jar:4.0.2.RELEASE]
	at org.springframework.beans.factory.xml.DefaultBeanDefinitionDocumentReader.parseBeanDefinitions(DefaultBeanDefinitionDocumentReader.java:187) ~[spring-beans-4.0.2.RELEASE.jar:4.0.2.RELEASE]
	at org.springframework.beans.factory.xml.DefaultBeanDefinitionDocumentReader.doRegisterBeanDefinitions(DefaultBeanDefinitionDocumentReader.java:141) ~[spring-beans-4.0.2.RELEASE.jar:4.0.2.RELEASE]
	at org.springframework.beans.factory.xml.DefaultBeanDefinitionDocumentReader.registerBeanDefinitions(DefaultBeanDefinitionDocumentReader.java:110) ~[spring-beans-4.0.2.RELEASE.jar:4.0.2.RELEASE]
	at org.springframework.beans.factory.xml.XmlBeanDefinitionReader.registerBeanDefinitions(XmlBeanDefinitionReader.java:508) ~[spring-beans-4.0.2.RELEASE.jar:4.0.2.RELEASE]
	at org.springframework.beans.factory.xml.XmlBeanDefinitionReader.doLoadBeanDefinitions(XmlBeanDefinitionReader.java:391) ~[spring-beans-4.0.2.RELEASE.jar:4.0.2.RELEASE]
	... 70 common frames omitted
2019-01-30 13:21:35 INFO  [RMI TCP Connection(8)-127.0.0.1:AbstractApplicationContext.java:873]: Closing Root WebApplicationContext: startup date [Wed Jan 30 13:21:34 EET 2019]; root of context hierarchy

2019-01-30 13:21:35 WARN  [RMI TCP Connection(8)-127.0.0.1:AbstractApplicationContext.java:883]: Exception thrown from ApplicationListener handling ContextClosedEvent

java.lang.IllegalStateException: ApplicationEventMulticaster not initialized - call 'refresh' before multicasting events via the context: Root WebApplicationContext: startup date [Wed Jan 30 13:21:34 EET 2019]; root of context hierarchy
	at org.springframework.context.support.AbstractApplicationContext.getApplicationEventMulticaster(AbstractApplicationContext.java:346) [spring-context-4.0.2.RELEASE.jar:4.0.2.RELEASE]
	at org.springframework.context.support.AbstractApplicationContext.publishEvent(AbstractApplicationContext.java:333) [spring-context-4.0.2.RELEASE.jar:4.0.2.RELEASE]
	at org.springframework.context.support.AbstractApplicationContext.doClose(AbstractApplicationContext.java:880) [spring-context-4.0.2.RELEASE.jar:4.0.2.RELEASE]
	at org.springframework.context.support.AbstractApplicationContext.close(AbstractApplicationContext.java:841) [spring-context-4.0.2.RELEASE.jar:4.0.2.RELEASE]
	at org.springframework.web.context.ContextLoader.closeWebApplicationContext(ContextLoader.java:579) [spring-web-4.0.2.RELEASE.jar:4.0.2.RELEASE]
	at org.springframework.web.context.ContextLoaderListener.contextDestroyed(ContextLoaderListener.java:115) [spring-web-4.0.2.RELEASE.jar:4.0.2.RELEASE]
	at org.apache.catalina.core.StandardContext.listenerStop(StandardContext.java:4859) [catalina.jar:8.0.30]
	at org.apache.catalina.core.StandardContext.stopInternal(StandardContext.java:5478) [catalina.jar:8.0.30]
	at org.apache.catalina.util.LifecycleBase.stop(LifecycleBase.java:232) [catalina.jar:8.0.30]
	at org.apache.catalina.util.LifecycleBase.start(LifecycleBase.java:160) [catalina.jar:8.0.30]
	at org.apache.catalina.core.ContainerBase.addChildInternal(ContainerBase.java:725) [catalina.jar:8.0.30]
	at org.apache.catalina.core.ContainerBase.addChild(ContainerBase.java:701) [catalina.jar:8.0.30]
	at org.apache.catalina.core.StandardHost.addChild(StandardHost.java:717) [catalina.jar:8.0.30]
	at org.apache.catalina.startup.HostConfig.manageApp(HostConfig.java:1675) [catalina.jar:8.0.30]
	at sun.reflect.NativeMethodAccessorImpl.invoke0(Native Method) ~[na:1.8.0_45]
	at sun.reflect.NativeMethodAccessorImpl.invoke(NativeMethodAccessorImpl.java:62) ~[na:1.8.0_45]
	at sun.reflect.DelegatingMethodAccessorImpl.invoke(DelegatingMethodAccessorImpl.java:43) ~[na:1.8.0_45]
	at java.lang.reflect.Method.invoke(Method.java:497) ~[na:1.8.0_45]
	at org.apache.tomcat.util.modeler.BaseModelMBean.invoke(BaseModelMBean.java:300) [tomcat-coyote.jar:8.0.30]
	at com.sun.jmx.interceptor.DefaultMBeanServerInterceptor.invoke(DefaultMBeanServerInterceptor.java:819) [na:1.8.0_45]
	at com.sun.jmx.mbeanserver.JmxMBeanServer.invoke(JmxMBeanServer.java:801) [na:1.8.0_45]
	at org.apache.catalina.mbeans.MBeanFactory.createStandardContext(MBeanFactory.java:465) [catalina.jar:8.0.30]
	at org.apache.catalina.mbeans.MBeanFactory.createStandardContext(MBeanFactory.java:415) [catalina.jar:8.0.30]
	at sun.reflect.NativeMethodAccessorImpl.invoke0(Native Method) ~[na:1.8.0_45]
	at sun.reflect.NativeMethodAccessorImpl.invoke(NativeMethodAccessorImpl.java:62) ~[na:1.8.0_45]
	at sun.reflect.DelegatingMethodAccessorImpl.invoke(DelegatingMethodAccessorImpl.java:43) ~[na:1.8.0_45]
	at java.lang.reflect.Method.invoke(Method.java:497) ~[na:1.8.0_45]
	at org.apache.tomcat.util.modeler.BaseModelMBean.invoke(BaseModelMBean.java:300) [tomcat-coyote.jar:8.0.30]
	at com.sun.jmx.interceptor.DefaultMBeanServerInterceptor.invoke(DefaultMBeanServerInterceptor.java:819) [na:1.8.0_45]
	at com.sun.jmx.mbeanserver.JmxMBeanServer.invoke(JmxMBeanServer.java:801) [na:1.8.0_45]
	at javax.management.remote.rmi.RMIConnectionImpl.doOperation(RMIConnectionImpl.java:1466) [na:1.8.0_45]
	at javax.management.remote.rmi.RMIConnectionImpl.access$300(RMIConnectionImpl.java:76) [na:1.8.0_45]
	at javax.management.remote.rmi.RMIConnectionImpl$PrivilegedOperation.run(RMIConnectionImpl.java:1307) [na:1.8.0_45]
	at javax.management.remote.rmi.RMIConnectionImpl.doPrivilegedOperation(RMIConnectionImpl.java:1399) [na:1.8.0_45]
	at javax.management.remote.rmi.RMIConnectionImpl.invoke(RMIConnectionImpl.java:828) [na:1.8.0_45]
	at sun.reflect.NativeMethodAccessorImpl.invoke0(Native Method) ~[na:1.8.0_45]
	at sun.reflect.NativeMethodAccessorImpl.invoke(NativeMethodAccessorImpl.java:62) ~[na:1.8.0_45]
	at sun.reflect.DelegatingMethodAccessorImpl.invoke(DelegatingMethodAccessorImpl.java:43) ~[na:1.8.0_45]
	at java.lang.reflect.Method.invoke(Method.java:497) ~[na:1.8.0_45]
	at sun.rmi.server.UnicastServerRef.dispatch(UnicastServerRef.java:323) [na:1.8.0_45]
	at sun.rmi.transport.Transport$1.run(Transport.java:200) [na:1.8.0_45]
	at sun.rmi.transport.Transport$1.run(Transport.java:197) [na:1.8.0_45]
	at java.security.AccessController.doPrivileged(Native Method) [na:1.8.0_45]
	at sun.rmi.transport.Transport.serviceCall(Transport.java:196) [na:1.8.0_45]
	at sun.rmi.transport.tcp.TCPTransport.handleMessages(TCPTransport.java:568) [na:1.8.0_45]
	at sun.rmi.transport.tcp.TCPTransport$ConnectionHandler.run0(TCPTransport.java:826) [na:1.8.0_45]
	at sun.rmi.transport.tcp.TCPTransport$ConnectionHandler.lambda$run$254(TCPTransport.java:683) [na:1.8.0_45]
	at sun.rmi.transport.tcp.TCPTransport$ConnectionHandler$$Lambda$1/1268984865.run(Unknown Source) [na:1.8.0_45]
	at java.security.AccessController.doPrivileged(Native Method) [na:1.8.0_45]
	at sun.rmi.transport.tcp.TCPTransport$ConnectionHandler.run(TCPTransport.java:682) [na:1.8.0_45]
	at java.util.concurrent.ThreadPoolExecutor.runWorker(ThreadPoolExecutor.java:1142) [na:1.8.0_45]
	at java.util.concurrent.ThreadPoolExecutor$Worker.run(ThreadPoolExecutor.java:617) [na:1.8.0_45]
	at java.lang.Thread.run(Thread.java:745) [na:1.8.0_45]
2019-01-30 13:21:35 WARN  [RMI TCP Connection(8)-127.0.0.1:AbstractApplicationContext.java:891]: Exception thrown from LifecycleProcessor on context close

java.lang.IllegalStateException: LifecycleProcessor not initialized - call 'refresh' before invoking lifecycle methods via the context: Root WebApplicationContext: startup date [Wed Jan 30 13:21:34 EET 2019]; root of context hierarchy
	at org.springframework.context.support.AbstractApplicationContext.getLifecycleProcessor(AbstractApplicationContext.java:359) [spring-context-4.0.2.RELEASE.jar:4.0.2.RELEASE]
	at org.springframework.context.support.AbstractApplicationContext.doClose(AbstractApplicationContext.java:888) [spring-context-4.0.2.RELEASE.jar:4.0.2.RELEASE]
	at org.springframework.context.support.AbstractApplicationContext.close(AbstractApplicationContext.java:841) [spring-context-4.0.2.RELEASE.jar:4.0.2.RELEASE]
	at org.springframework.web.context.ContextLoader.closeWebApplicationContext(ContextLoader.java:579) [spring-web-4.0.2.RELEASE.jar:4.0.2.RELEASE]
	at org.springframework.web.context.ContextLoaderListener.contextDestroyed(ContextLoaderListener.java:115) [spring-web-4.0.2.RELEASE.jar:4.0.2.RELEASE]
	at org.apache.catalina.core.StandardContext.listenerStop(StandardContext.java:4859) [catalina.jar:8.0.30]
	at org.apache.catalina.core.StandardContext.stopInternal(StandardContext.java:5478) [catalina.jar:8.0.30]
	at org.apache.catalina.util.LifecycleBase.stop(LifecycleBase.java:232) [catalina.jar:8.0.30]
	at org.apache.catalina.util.LifecycleBase.start(LifecycleBase.java:160) [catalina.jar:8.0.30]
	at org.apache.catalina.core.ContainerBase.addChildInternal(ContainerBase.java:725) [catalina.jar:8.0.30]
	at org.apache.catalina.core.ContainerBase.addChild(ContainerBase.java:701) [catalina.jar:8.0.30]
	at org.apache.catalina.core.StandardHost.addChild(StandardHost.java:717) [catalina.jar:8.0.30]
	at org.apache.catalina.startup.HostConfig.manageApp(HostConfig.java:1675) [catalina.jar:8.0.30]
	at sun.reflect.NativeMethodAccessorImpl.invoke0(Native Method) ~[na:1.8.0_45]
	at sun.reflect.NativeMethodAccessorImpl.invoke(NativeMethodAccessorImpl.java:62) ~[na:1.8.0_45]
	at sun.reflect.DelegatingMethodAccessorImpl.invoke(DelegatingMethodAccessorImpl.java:43) ~[na:1.8.0_45]
	at java.lang.reflect.Method.invoke(Method.java:497) ~[na:1.8.0_45]
	at org.apache.tomcat.util.modeler.BaseModelMBean.invoke(BaseModelMBean.java:300) [tomcat-coyote.jar:8.0.30]
	at com.sun.jmx.interceptor.DefaultMBeanServerInterceptor.invoke(DefaultMBeanServerInterceptor.java:819) [na:1.8.0_45]
	at com.sun.jmx.mbeanserver.JmxMBeanServer.invoke(JmxMBeanServer.java:801) [na:1.8.0_45]
	at org.apache.catalina.mbeans.MBeanFactory.createStandardContext(MBeanFactory.java:465) [catalina.jar:8.0.30]
	at org.apache.catalina.mbeans.MBeanFactory.createStandardContext(MBeanFactory.java:415) [catalina.jar:8.0.30]
	at sun.reflect.NativeMethodAccessorImpl.invoke0(Native Method) ~[na:1.8.0_45]
	at sun.reflect.NativeMethodAccessorImpl.invoke(NativeMethodAccessorImpl.java:62) ~[na:1.8.0_45]
	at sun.reflect.DelegatingMethodAccessorImpl.invoke(DelegatingMethodAccessorImpl.java:43) ~[na:1.8.0_45]
	at java.lang.reflect.Method.invoke(Method.java:497) ~[na:1.8.0_45]
	at org.apache.tomcat.util.modeler.BaseModelMBean.invoke(BaseModelMBean.java:300) [tomcat-coyote.jar:8.0.30]
	at com.sun.jmx.interceptor.DefaultMBeanServerInterceptor.invoke(DefaultMBeanServerInterceptor.java:819) [na:1.8.0_45]
	at com.sun.jmx.mbeanserver.JmxMBeanServer.invoke(JmxMBeanServer.java:801) [na:1.8.0_45]
	at javax.management.remote.rmi.RMIConnectionImpl.doOperation(RMIConnectionImpl.java:1466) [na:1.8.0_45]
	at javax.management.remote.rmi.RMIConnectionImpl.access$300(RMIConnectionImpl.java:76) [na:1.8.0_45]
	at javax.management.remote.rmi.RMIConnectionImpl$PrivilegedOperation.run(RMIConnectionImpl.java:1307) [na:1.8.0_45]
	at javax.management.remote.rmi.RMIConnectionImpl.doPrivilegedOperation(RMIConnectionImpl.java:1399) [na:1.8.0_45]
	at javax.management.remote.rmi.RMIConnectionImpl.invoke(RMIConnectionImpl.java:828) [na:1.8.0_45]
	at sun.reflect.NativeMethodAccessorImpl.invoke0(Native Method) ~[na:1.8.0_45]
	at sun.reflect.NativeMethodAccessorImpl.invoke(NativeMethodAccessorImpl.java:62) ~[na:1.8.0_45]
	at sun.reflect.DelegatingMethodAccessorImpl.invoke(DelegatingMethodAccessorImpl.java:43) ~[na:1.8.0_45]
	at java.lang.reflect.Method.invoke(Method.java:497) ~[na:1.8.0_45]
	at sun.rmi.server.UnicastServerRef.dispatch(UnicastServerRef.java:323) [na:1.8.0_45]
	at sun.rmi.transport.Transport$1.run(Transport.java:200) [na:1.8.0_45]
	at sun.rmi.transport.Transport$1.run(Transport.java:197) [na:1.8.0_45]
	at java.security.AccessController.doPrivileged(Native Method) [na:1.8.0_45]
	at sun.rmi.transport.Transport.serviceCall(Transport.java:196) [na:1.8.0_45]
	at sun.rmi.transport.tcp.TCPTransport.handleMessages(TCPTransport.java:568) [na:1.8.0_45]
	at sun.rmi.transport.tcp.TCPTransport$ConnectionHandler.run0(TCPTransport.java:826) [na:1.8.0_45]
	at sun.rmi.transport.tcp.TCPTransport$ConnectionHandler.lambda$run$254(TCPTransport.java:683) [na:1.8.0_45]
	at sun.rmi.transport.tcp.TCPTransport$ConnectionHandler$$Lambda$1/1268984865.run(Unknown Source) [na:1.8.0_45]
	at java.security.AccessController.doPrivileged(Native Method) [na:1.8.0_45]
	at sun.rmi.transport.tcp.TCPTransport$ConnectionHandler.run(TCPTransport.java:682) [na:1.8.0_45]
	at java.util.concurrent.ThreadPoolExecutor.runWorker(ThreadPoolExecutor.java:1142) [na:1.8.0_45]
	at java.util.concurrent.ThreadPoolExecutor$Worker.run(ThreadPoolExecutor.java:617) [na:1.8.0_45]
	at java.lang.Thread.run(Thread.java:745) [na:1.8.0_45]
2019-01-30 13:23:54 INFO  [RMI TCP Connection(3)-127.0.0.1:ContextLoader.java:285]: Root WebApplicationContext: initialization started

2019-01-30 13:23:54 DEBUG [RMI TCP Connection(3)-127.0.0.1:MutablePropertySources.java:110]: Adding [servletConfigInitParams] PropertySource with lowest search precedence

2019-01-30 13:23:54 DEBUG [RMI TCP Connection(3)-127.0.0.1:MutablePropertySources.java:110]: Adding [servletContextInitParams] PropertySource with lowest search precedence

2019-01-30 13:23:54 DEBUG [RMI TCP Connection(3)-127.0.0.1:MutablePropertySources.java:110]: Adding [jndiProperties] PropertySource with lowest search precedence

2019-01-30 13:23:54 DEBUG [RMI TCP Connection(3)-127.0.0.1:MutablePropertySources.java:110]: Adding [systemProperties] PropertySource with lowest search precedence

2019-01-30 13:23:54 DEBUG [RMI TCP Connection(3)-127.0.0.1:MutablePropertySources.java:110]: Adding [systemEnvironment] PropertySource with lowest search precedence

2019-01-30 13:23:54 DEBUG [RMI TCP Connection(3)-127.0.0.1:AbstractEnvironment.java:126]: Initialized StandardServletEnvironment with PropertySources [servletConfigInitParams,servletContextInitParams,jndiProperties,systemProperties,systemEnvironment]

2019-01-30 13:23:54 DEBUG [RMI TCP Connection(3)-127.0.0.1:MutablePropertySources.java:175]: Replacing [servletContextInitParams] PropertySource with [servletContextInitParams]

2019-01-30 13:23:54 INFO  [RMI TCP Connection(3)-127.0.0.1:AbstractApplicationContext.java:513]: Refreshing Root WebApplicationContext: startup date [Wed Jan 30 13:23:54 EET 2019]; root of context hierarchy

2019-01-30 13:23:54 DEBUG [RMI TCP Connection(3)-127.0.0.1:MutablePropertySources.java:110]: Adding [systemProperties] PropertySource with lowest search precedence

2019-01-30 13:23:54 DEBUG [RMI TCP Connection(3)-127.0.0.1:MutablePropertySources.java:110]: Adding [systemEnvironment] PropertySource with lowest search precedence

2019-01-30 13:23:54 DEBUG [RMI TCP Connection(3)-127.0.0.1:AbstractEnvironment.java:126]: Initialized StandardEnvironment with PropertySources [systemProperties,systemEnvironment]

2019-01-30 13:23:54 INFO  [RMI TCP Connection(3)-127.0.0.1:XmlBeanDefinitionReader.java:316]: Loading XML bean definitions from ServletContext resource [/WEB-INF/spring/root-context.xml]

2019-01-30 13:23:54 DEBUG [RMI TCP Connection(3)-127.0.0.1:DefaultDocumentLoader.java:73]: Using JAXP provider [com.sun.org.apache.xerces.internal.jaxp.DocumentBuilderFactoryImpl]

2019-01-30 13:23:54 DEBUG [RMI TCP Connection(3)-127.0.0.1:PluggableSchemaResolver.java:141]: Loading schema mappings from [META-INF/spring.schemas]

2019-01-30 13:23:54 DEBUG [RMI TCP Connection(3)-127.0.0.1:PluggableSchemaResolver.java:147]: Loaded schema mappings: {http://www.springframework.org/schema/tx/spring-tx-2.5.xsd=org/springframework/transaction/config/spring-tx-2.5.xsd, http://www.springframework.org/schema/context/spring-context-3.1.xsd=org/springframework/context/config/spring-context-3.1.xsd, http://www.springframework.org/schema/data/repository/spring-repository-1.4.xsd=org/springframework/data/repository/config/spring-repository-1.4.xsd, http://www.springframework.org/schema/util/spring-util-3.0.xsd=org/springframework/beans/factory/xml/spring-util-3.0.xsd, http://www.springframework.org/schema/data/jpa/spring-jpa.xsd=org/springframework/data/jpa/repository/config/spring-jpa-1.8.xsd, http://www.springframework.org/schema/security/spring-security-3.0.3.xsd=org/springframework/security/config/spring-security-3.0.3.xsd, http://www.springframework.org/schema/security/spring-security-2.0.1.xsd=org/springframework/security/config/spring-security-2.0.1.xsd, http://www.springframework.org/schema/tool/spring-tool.xsd=org/springframework/beans/factory/xml/spring-tool-4.0.xsd, http://www.springframework.org/schema/aop/spring-aop-3.2.xsd=org/springframework/aop/config/spring-aop-3.2.xsd, http://www.springframework.org/schema/context/spring-context-4.0.xsd=org/springframework/context/config/spring-context-4.0.xsd, http://www.springframework.org/schema/mvc/spring-mvc-3.2.xsd=org/springframework/web/servlet/config/spring-mvc-3.2.xsd, http://www.springframework.org/schema/lang/spring-lang-3.2.xsd=org/springframework/scripting/config/spring-lang-3.2.xsd, http://www.springframework.org/schema/cache/spring-cache-3.2.xsd=org/springframework/cache/config/spring-cache-3.2.xsd, http://www.springframework.org/schema/jdbc/spring-jdbc-3.1.xsd=org/springframework/jdbc/config/spring-jdbc-3.1.xsd, http://www.springframework.org/schema/util/spring-util-2.0.xsd=org/springframework/beans/factory/xml/spring-util-2.0.xsd, http://www.springframework.org/schema/tool/spring-tool-3.2.xsd=org/springframework/beans/factory/xml/spring-tool-3.2.xsd, http://www.springframework.org/schema/context/spring-context.xsd=org/springframework/context/config/spring-context-4.0.xsd, http://www.springframework.org/schema/aop/spring-aop-4.0.xsd=org/springframework/aop/config/spring-aop-4.0.xsd, http://www.springframework.org/schema/security/spring-security-2.0.xsd=org/springframework/security/config/spring-security-2.0.xsd, http://www.springframework.org/schema/jee/spring-jee-3.2.xsd=org/springframework/ejb/config/spring-jee-3.2.xsd, http://www.springframework.org/schema/context/spring-context-3.0.xsd=org/springframework/context/config/spring-context-3.0.xsd, http://www.springframework.org/schema/jdbc/spring-jdbc-4.0.xsd=org/springframework/jdbc/config/spring-jdbc-4.0.xsd, http://www.springframework.org/schema/mvc/spring-mvc-4.0.xsd=org/springframework/web/servlet/config/spring-mvc-4.0.xsd, http://www.springframework.org/schema/util/spring-util-2.5.xsd=org/springframework/beans/factory/xml/spring-util-2.5.xsd, http://www.springframework.org/schema/beans/spring-beans-3.2.xsd=org/springframework/beans/factory/xml/spring-beans-3.2.xsd, http://www.springframework.org/schema/aop/spring-aop-3.1.xsd=org/springframework/aop/config/spring-aop-3.1.xsd, http://www.springframework.org/schema/lang/spring-lang-4.0.xsd=org/springframework/scripting/config/spring-lang-4.0.xsd, http://www.springframework.org/schema/data/repository/spring-repository-1.8.xsd=org/springframework/data/repository/config/spring-repository-1.8.xsd, http://www.springframework.org/schema/mvc/spring-mvc.xsd=org/springframework/web/servlet/config/spring-mvc-4.0.xsd, http://www.springframework.org/schema/mvc/spring-mvc-3.1.xsd=org/springframework/web/servlet/config/spring-mvc-3.1.xsd, http://www.springframework.org/schema/tool/spring-tool-4.0.xsd=org/springframework/beans/factory/xml/spring-tool-4.0.xsd, http://www.springframework.org/schema/tx/spring-tx-3.2.xsd=org/springframework/transaction/config/spring-tx-3.2.xsd, http://www.springframework.org/schema/lang/spring-lang-3.1.xsd=org/springframework/scripting/config/spring-lang-3.1.xsd, http://www.springframework.org/schema/cache/spring-cache-3.1.xsd=org/springframework/cache/config/spring-cache-3.1.xsd, http://www.springframework.org/schema/jee/spring-jee-4.0.xsd=org/springframework/ejb/config/spring-jee-4.0.xsd, http://www.springframework.org/schema/jdbc/spring-jdbc-3.0.xsd=org/springframework/jdbc/config/spring-jdbc-3.0.xsd, http://www.springframework.org/schema/jdbc/spring-jdbc.xsd=org/springframework/jdbc/config/spring-jdbc-4.0.xsd, http://www.springframework.org/schema/tool/spring-tool-3.1.xsd=org/springframework/beans/factory/xml/spring-tool-3.1.xsd, http://www.springframework.org/schema/tx/spring-tx-4.1.xsd=org/springframework/transaction/config/spring-tx-4.1.xsd, http://www.springframework.org/schema/cache/spring-cache-4.0.xsd=org/springframework/cache/config/spring-cache-4.0.xsd, http://www.springframework.org/schema/jee/spring-jee-3.1.xsd=org/springframework/ejb/config/spring-jee-3.1.xsd, http://www.springframework.org/schema/task/spring-task-3.2.xsd=org/springframework/scheduling/config/spring-task-3.2.xsd, http://www.springframework.org/schema/beans/spring-beans-3.1.xsd=org/springframework/beans/factory/xml/spring-beans-3.1.xsd, http://www.springframework.org/schema/util/spring-util.xsd=org/springframework/beans/factory/xml/spring-util-4.0.xsd, http://www.springframework.org/schema/data/jpa/spring-jpa-1.3.xsd=org/springframework/data/jpa/repository/config/spring-jpa-1.3.xsd, http://www.springframework.org/schema/aop/spring-aop-3.0.xsd=org/springframework/aop/config/spring-aop-3.0.xsd, http://www.springframework.org/schema/data/repository/spring-repository.xsd=org/springframework/data/repository/config/spring-repository-1.11.xsd, http://www.springframework.org/schema/data/repository/spring-repository-1.7.xsd=org/springframework/data/repository/config/spring-repository-1.7.xsd, http://www.springframework.org/schema/mvc/spring-mvc-3.0.xsd=org/springframework/web/servlet/config/spring-mvc-3.0.xsd, http://www.springframework.org/schema/beans/spring-beans-4.0.xsd=org/springframework/beans/factory/xml/spring-beans-4.0.xsd, http://www.springframework.org/schema/data/jpa/spring-jpa-1.8.xsd=org/springframework/data/jpa/repository/config/spring-jpa-1.8.xsd, http://www.springframework.org/schema/beans/spring-beans.xsd=org/springframework/beans/factory/xml/spring-beans-4.0.xsd, http://www.springframework.org/schema/security/spring-security-2.0.4.xsd=org/springframework/security/config/spring-security-2.0.4.xsd, http://www.springframework.org/schema/tx/spring-tx-3.1.xsd=org/springframework/transaction/config/spring-tx-3.1.xsd, http://www.springframework.org/schema/lang/spring-lang-3.0.xsd=org/springframework/scripting/config/spring-lang-3.0.xsd, http://www.springframework.org/schema/context/spring-context-2.5.xsd=org/springframework/context/config/spring-context-2.5.xsd, http://www.springframework.org/schema/task/spring-task-4.0.xsd=org/springframework/scheduling/config/spring-task-4.0.xsd, http://www.springframework.org/schema/tool/spring-tool-3.0.xsd=org/springframework/beans/factory/xml/spring-tool-3.0.xsd, http://www.springframework.org/schema/tx/spring-tx-4.0.xsd=org/springframework/transaction/config/spring-tx-4.0.xsd, http://www.springframework.org/schema/aop/spring-aop-2.0.xsd=org/springframework/aop/config/spring-aop-2.0.xsd, http://www.springframework.org/schema/security/spring-security-3.2.xsd=org/springframework/security/config/spring-security-3.2.xsd, http://www.springframework.org/schema/jee/spring-jee-3.0.xsd=org/springframework/ejb/config/spring-jee-3.0.xsd, http://www.springframework.org/schema/task/spring-task-3.1.xsd=org/springframework/scheduling/config/spring-task-3.1.xsd, http://www.springframework.org/schema/beans/spring-beans-3.0.xsd=org/springframework/beans/factory/xml/spring-beans-3.0.xsd, http://www.springframework.org/schema/data/jpa/spring-jpa-1.2.xsd=org/springframework/data/jpa/repository/config/spring-jpa-1.2.xsd, http://www.springframework.org/schema/jee/spring-jee.xsd=org/springframework/ejb/config/spring-jee-4.0.xsd, http://www.springframework.org/schema/aop/spring-aop-2.5.xsd=org/springframework/aop/config/spring-aop-2.5.xsd, http://www.springframework.org/schema/lang/spring-lang-2.0.xsd=org/springframework/scripting/config/spring-lang-2.0.xsd, http://www.springframework.org/schema/data/repository/spring-repository-1.6.xsd=org/springframework/data/repository/config/spring-repository-1.6.xsd, http://www.springframework.org/schema/util/spring-util-3.2.xsd=org/springframework/beans/factory/xml/spring-util-3.2.xsd, http://www.springframework.org/schema/task/spring-task.xsd=org/springframework/scheduling/config/spring-task-4.0.xsd, http://www.springframework.org/schema/tool/spring-tool-2.0.xsd=org/springframework/beans/factory/xml/spring-tool-2.0.xsd, http://www.springframework.org/schema/tx/spring-tx-3.0.xsd=org/springframework/transaction/config/spring-tx-3.0.xsd, http://www.springframework.org/schema/lang/spring-lang-2.5.xsd=org/springframework/scripting/config/spring-lang-2.5.xsd, http://www.springframework.org/schema/jee/spring-jee-2.0.xsd=org/springframework/ejb/config/spring-jee-2.0.xsd, http://www.springframework.org/schema/tool/spring-tool-2.5.xsd=org/springframework/beans/factory/xml/spring-tool-2.5.xsd, http://www.springframework.org/schema/security/spring-security-3.1.xsd=org/springframework/security/config/spring-security-3.1.xsd, http://www.springframework.org/schema/jee/spring-jee-2.5.xsd=org/springframework/ejb/config/spring-jee-2.5.xsd, http://www.springframework.org/schema/data/repository/spring-repository-1.0.xsd=org/springframework/data/repository/config/spring-repository-1.0.xsd, http://www.springframework.org/schema/util/spring-util-4.0.xsd=org/springframework/beans/factory/xml/spring-util-4.0.xsd, http://www.springframework.org/schema/task/spring-task-3.0.xsd=org/springframework/scheduling/config/spring-task-3.0.xsd, http://www.springframework.org/schema/data/jpa/spring-jpa-1.1.xsd=org/springframework/data/jpa/repository/config/spring-jpa-1.1.xsd, http://www.springframework.org/schema/lang/spring-lang.xsd=org/springframework/scripting/config/spring-lang-4.0.xsd, http://www.springframework.org/schema/context/spring-context-3.2.xsd=org/springframework/context/config/spring-context-3.2.xsd, http://www.springframework.org/schema/data/repository/spring-repository-1.5.xsd=org/springframework/data/repository/config/spring-repository-1.5.xsd, http://www.springframework.org/schema/util/spring-util-3.1.xsd=org/springframework/beans/factory/xml/spring-util-3.1.xsd, http://www.springframework.org/schema/beans/spring-beans-2.0.xsd=org/springframework/beans/factory/xml/spring-beans-2.0.xsd, http://www.springframework.org/schema/cache/spring-cache.xsd=org/springframework/cache/config/spring-cache-4.0.xsd, http://www.springframework.org/schema/tx/spring-tx.xsd=org/springframework/transaction/config/spring-tx-4.1.xsd, http://www.springframework.org/schema/security/spring-security-2.0.2.xsd=org/springframework/security/config/spring-security-2.0.2.xsd, http://www.springframework.org/schema/beans/spring-beans-2.5.xsd=org/springframework/beans/factory/xml/spring-beans-2.5.xsd, http://www.springframework.org/schema/tx/spring-tx-2.0.xsd=org/springframework/transaction/config/spring-tx-2.0.xsd, http://www.springframework.org/schema/security/spring-security.xsd=org/springframework/security/config/spring-security-3.2.xsd, http://www.springframework.org/schema/security/spring-security-3.0.xsd=org/springframework/security/config/spring-security-3.0.xsd, http://www.springframework.org/schema/data/repository/spring-repository-1.11.xsd=org/springframework/data/repository/config/spring-repository-1.11.xsd, http://www.springframework.org/schema/jdbc/spring-jdbc-3.2.xsd=org/springframework/jdbc/config/spring-jdbc-3.2.xsd, http://www.springframework.org/schema/aop/spring-aop.xsd=org/springframework/aop/config/spring-aop-4.0.xsd, http://www.springframework.org/schema/data/jpa/spring-jpa-1.0.xsd=org/springframework/data/jpa/repository/config/spring-jpa-1.0.xsd}

2019-01-30 13:23:54 DEBUG [RMI TCP Connection(3)-127.0.0.1:PluggableSchemaResolver.java:119]: Found XML schema [http://www.springframework.org/schema/beans/spring-beans.xsd] in classpath: org/springframework/beans/factory/xml/spring-beans-4.0.xsd

2019-01-30 13:23:54 DEBUG [RMI TCP Connection(3)-127.0.0.1:PluggableSchemaResolver.java:119]: Found XML schema [http://www.springframework.org/schema/context/spring-context.xsd] in classpath: org/springframework/context/config/spring-context-4.0.xsd

2019-01-30 13:23:54 DEBUG [RMI TCP Connection(3)-127.0.0.1:PluggableSchemaResolver.java:119]: Found XML schema [http://www.springframework.org/schema/tool/spring-tool-4.0.xsd] in classpath: org/springframework/beans/factory/xml/spring-tool-4.0.xsd

2019-01-30 13:23:54 DEBUG [RMI TCP Connection(3)-127.0.0.1:DefaultBeanDefinitionDocumentReader.java:108]: Loading bean definitions

2019-01-30 13:23:54 INFO  [RMI TCP Connection(3)-127.0.0.1:XmlBeanDefinitionReader.java:316]: Loading XML bean definitions from class path resource [META-INF/spring/datasource-tx-jpa.xml]

2019-01-30 13:23:54 DEBUG [RMI TCP Connection(3)-127.0.0.1:DefaultDocumentLoader.java:73]: Using JAXP provider [com.sun.org.apache.xerces.internal.jaxp.DocumentBuilderFactoryImpl]

2019-01-30 13:23:54 DEBUG [RMI TCP Connection(3)-127.0.0.1:PluggableSchemaResolver.java:119]: Found XML schema [http://www.springframework.org/schema/beans/spring-beans.xsd] in classpath: org/springframework/beans/factory/xml/spring-beans-4.0.xsd

2019-01-30 13:23:54 DEBUG [RMI TCP Connection(3)-127.0.0.1:PluggableSchemaResolver.java:119]: Found XML schema [http://www.springframework.org/schema/tx/spring-tx.xsd] in classpath: org/springframework/transaction/config/spring-tx-4.1.xsd

2019-01-30 13:23:54 DEBUG [RMI TCP Connection(3)-127.0.0.1:PluggableSchemaResolver.java:119]: Found XML schema [http://www.springframework.org/schema/context/spring-context.xsd] in classpath: org/springframework/context/config/spring-context-4.0.xsd

2019-01-30 13:23:55 DEBUG [RMI TCP Connection(3)-127.0.0.1:PluggableSchemaResolver.java:119]: Found XML schema [http://www.springframework.org/schema/data/jpa/spring-jpa.xsd] in classpath: org/springframework/data/jpa/repository/config/spring-jpa-1.8.xsd

2019-01-30 13:23:55 DEBUG [RMI TCP Connection(3)-127.0.0.1:PluggableSchemaResolver.java:119]: Found XML schema [http://www.springframework.org/schema/data/repository/spring-repository.xsd] in classpath: org/springframework/data/repository/config/spring-repository-1.11.xsd

2019-01-30 13:23:55 DEBUG [RMI TCP Connection(3)-127.0.0.1:DefaultBeanDefinitionDocumentReader.java:108]: Loading bean definitions

2019-01-30 13:23:55 DEBUG [RMI TCP Connection(3)-127.0.0.1:DefaultNamespaceHandlerResolver.java:157]: Loaded NamespaceHandler mappings: {http://www.springframework.org/schema/p=org.springframework.beans.factory.xml.SimplePropertyNamespaceHandler, http://www.springframework.org/schema/mvc=org.springframework.web.servlet.config.MvcNamespaceHandler, http://www.springframework.org/schema/util=org.springframework.beans.factory.xml.UtilNamespaceHandler, http://www.springframework.org/schema/jee=org.springframework.ejb.config.JeeNamespaceHandler, http://www.springframework.org/schema/aop=org.springframework.aop.config.AopNamespaceHandler, http://www.springframework.org/schema/jdbc=org.springframework.jdbc.config.JdbcNamespaceHandler, http://www.springframework.org/schema/data/repository=org.springframework.data.repository.config.RepositoryNameSpaceHandler, http://www.springframework.org/schema/data/jpa=org.springframework.data.jpa.repository.config.JpaRepositoryNameSpaceHandler, http://www.springframework.org/schema/cache=org.springframework.cache.config.CacheNamespaceHandler, http://www.springframework.org/schema/c=org.springframework.beans.factory.xml.SimpleConstructorNamespaceHandler, http://www.springframework.org/schema/security=org.springframework.security.config.SecurityNamespaceHandler, http://www.springframework.org/schema/tx=org.springframework.transaction.config.TxNamespaceHandler, http://www.springframework.org/schema/task=org.springframework.scheduling.config.TaskNamespaceHandler, http://www.springframework.org/schema/lang=org.springframework.scripting.config.LangNamespaceHandler, http://www.springframework.org/schema/data/keyvalue=org.springframework.data.keyvalue.repository.config.KeyValueRepositoryNameSpaceHandler, http://www.springframework.org/schema/context=org.springframework.context.config.ContextNamespaceHandler}

2019-01-30 13:23:55 DEBUG [RMI TCP Connection(3)-127.0.0.1:BeanDefinitionParserDelegate.java:495]: Neither XML 'id' nor 'name' specified - using generated bean name [org.springframework.orm.jpa.vendor.HibernateJpaVendorAdapter#3278bc1d]

2019-01-30 13:23:55 ERROR [RMI TCP Connection(3)-127.0.0.1:ContextLoader.java:331]: Context initialization failed

org.springframework.beans.factory.parsing.BeanDefinitionParsingException: Configuration problem: Failed to import bean definitions from URL location [classpath:META-INF/spring/datasource-tx-jpa.xml]
Offending resource: ServletContext resource [/WEB-INF/spring/root-context.xml]; nested exception is org.springframework.beans.factory.BeanDefinitionStoreException: Unexpected exception parsing XML document from class path resource [META-INF/spring/datasource-tx-jpa.xml]; nested exception is java.lang.NoSuchMethodError: org.springframework.beans.factory.xml.XmlReaderContext.getEnvironment()Lorg/springframework/core/env/Environment;
	at org.springframework.beans.factory.parsing.FailFastProblemReporter.error(FailFastProblemReporter.java:70) ~[spring-beans-4.0.2.RELEASE.jar:4.0.2.RELEASE]
	at org.springframework.beans.factory.parsing.ReaderContext.error(ReaderContext.java:85) ~[spring-beans-4.0.2.RELEASE.jar:4.0.2.RELEASE]
	at org.springframework.beans.factory.parsing.ReaderContext.error(ReaderContext.java:76) ~[spring-beans-4.0.2.RELEASE.jar:4.0.2.RELEASE]
	at org.springframework.beans.factory.xml.DefaultBeanDefinitionDocumentReader.importBeanDefinitionResource(DefaultBeanDefinitionDocumentReader.java:248) ~[spring-beans-4.0.2.RELEASE.jar:4.0.2.RELEASE]
	at org.springframework.beans.factory.xml.DefaultBeanDefinitionDocumentReader.parseDefaultElement(DefaultBeanDefinitionDocumentReader.java:199) ~[spring-beans-4.0.2.RELEASE.jar:4.0.2.RELEASE]
	at org.springframework.beans.factory.xml.DefaultBeanDefinitionDocumentReader.parseBeanDefinitions(DefaultBeanDefinitionDocumentReader.java:184) ~[spring-beans-4.0.2.RELEASE.jar:4.0.2.RELEASE]
	at org.springframework.beans.factory.xml.DefaultBeanDefinitionDocumentReader.doRegisterBeanDefinitions(DefaultBeanDefinitionDocumentReader.java:141) ~[spring-beans-4.0.2.RELEASE.jar:4.0.2.RELEASE]
	at org.springframework.beans.factory.xml.DefaultBeanDefinitionDocumentReader.registerBeanDefinitions(DefaultBeanDefinitionDocumentReader.java:110) ~[spring-beans-4.0.2.RELEASE.jar:4.0.2.RELEASE]
	at org.springframework.beans.factory.xml.XmlBeanDefinitionReader.registerBeanDefinitions(XmlBeanDefinitionReader.java:508) ~[spring-beans-4.0.2.RELEASE.jar:4.0.2.RELEASE]
	at org.springframework.beans.factory.xml.XmlBeanDefinitionReader.doLoadBeanDefinitions(XmlBeanDefinitionReader.java:391) ~[spring-beans-4.0.2.RELEASE.jar:4.0.2.RELEASE]
	at org.springframework.beans.factory.xml.XmlBeanDefinitionReader.loadBeanDefinitions(XmlBeanDefinitionReader.java:335) ~[spring-beans-4.0.2.RELEASE.jar:4.0.2.RELEASE]
	at org.springframework.beans.factory.xml.XmlBeanDefinitionReader.loadBeanDefinitions(XmlBeanDefinitionReader.java:303) ~[spring-beans-4.0.2.RELEASE.jar:4.0.2.RELEASE]
	at org.springframework.beans.factory.support.AbstractBeanDefinitionReader.loadBeanDefinitions(AbstractBeanDefinitionReader.java:180) ~[spring-beans-4.0.2.RELEASE.jar:4.0.2.RELEASE]
	at org.springframework.beans.factory.support.AbstractBeanDefinitionReader.loadBeanDefinitions(AbstractBeanDefinitionReader.java:216) ~[spring-beans-4.0.2.RELEASE.jar:4.0.2.RELEASE]
	at org.springframework.beans.factory.support.AbstractBeanDefinitionReader.loadBeanDefinitions(AbstractBeanDefinitionReader.java:187) ~[spring-beans-4.0.2.RELEASE.jar:4.0.2.RELEASE]
	at org.springframework.web.context.support.XmlWebApplicationContext.loadBeanDefinitions(XmlWebApplicationContext.java:125) ~[spring-web-4.0.2.RELEASE.jar:4.0.2.RELEASE]
	at org.springframework.web.context.support.XmlWebApplicationContext.loadBeanDefinitions(XmlWebApplicationContext.java:94) ~[spring-web-4.0.2.RELEASE.jar:4.0.2.RELEASE]
	at org.springframework.context.support.AbstractRefreshableApplicationContext.refreshBeanFactory(AbstractRefreshableApplicationContext.java:129) ~[spring-context-4.0.2.RELEASE.jar:4.0.2.RELEASE]
	at org.springframework.context.support.AbstractApplicationContext.obtainFreshBeanFactory(AbstractApplicationContext.java:540) ~[spring-context-4.0.2.RELEASE.jar:4.0.2.RELEASE]
	at org.springframework.context.support.AbstractApplicationContext.refresh(AbstractApplicationContext.java:454) ~[spring-context-4.0.2.RELEASE.jar:4.0.2.RELEASE]
	at org.springframework.web.context.ContextLoader.configureAndRefreshWebApplicationContext(ContextLoader.java:403) ~[spring-web-4.0.2.RELEASE.jar:4.0.2.RELEASE]
	at org.springframework.web.context.ContextLoader.initWebApplicationContext(ContextLoader.java:306) ~[spring-web-4.0.2.RELEASE.jar:4.0.2.RELEASE]
	at org.springframework.web.context.ContextLoaderListener.contextInitialized(ContextLoaderListener.java:106) [spring-web-4.0.2.RELEASE.jar:4.0.2.RELEASE]
	at org.apache.catalina.core.StandardContext.listenerStart(StandardContext.java:4812) [catalina.jar:8.0.30]
	at org.apache.catalina.core.StandardContext.startInternal(StandardContext.java:5255) [catalina.jar:8.0.30]
	at org.apache.catalina.util.LifecycleBase.start(LifecycleBase.java:150) [catalina.jar:8.0.30]
	at org.apache.catalina.core.ContainerBase.addChildInternal(ContainerBase.java:725) [catalina.jar:8.0.30]
	at org.apache.catalina.core.ContainerBase.addChild(ContainerBase.java:701) [catalina.jar:8.0.30]
	at org.apache.catalina.core.StandardHost.addChild(StandardHost.java:717) [catalina.jar:8.0.30]
	at org.apache.catalina.startup.HostConfig.manageApp(HostConfig.java:1675) [catalina.jar:8.0.30]
	at sun.reflect.NativeMethodAccessorImpl.invoke0(Native Method) ~[na:1.8.0_45]
	at sun.reflect.NativeMethodAccessorImpl.invoke(NativeMethodAccessorImpl.java:62) ~[na:1.8.0_45]
	at sun.reflect.DelegatingMethodAccessorImpl.invoke(DelegatingMethodAccessorImpl.java:43) ~[na:1.8.0_45]
	at java.lang.reflect.Method.invoke(Method.java:497) ~[na:1.8.0_45]
	at org.apache.tomcat.util.modeler.BaseModelMBean.invoke(BaseModelMBean.java:300) [tomcat-coyote.jar:8.0.30]
	at com.sun.jmx.interceptor.DefaultMBeanServerInterceptor.invoke(DefaultMBeanServerInterceptor.java:819) [na:1.8.0_45]
	at com.sun.jmx.mbeanserver.JmxMBeanServer.invoke(JmxMBeanServer.java:801) [na:1.8.0_45]
	at org.apache.catalina.mbeans.MBeanFactory.createStandardContext(MBeanFactory.java:465) [catalina.jar:8.0.30]
	at org.apache.catalina.mbeans.MBeanFactory.createStandardContext(MBeanFactory.java:415) [catalina.jar:8.0.30]
	at sun.reflect.NativeMethodAccessorImpl.invoke0(Native Method) ~[na:1.8.0_45]
	at sun.reflect.NativeMethodAccessorImpl.invoke(NativeMethodAccessorImpl.java:62) ~[na:1.8.0_45]
	at sun.reflect.DelegatingMethodAccessorImpl.invoke(DelegatingMethodAccessorImpl.java:43) ~[na:1.8.0_45]
	at java.lang.reflect.Method.invoke(Method.java:497) ~[na:1.8.0_45]
	at org.apache.tomcat.util.modeler.BaseModelMBean.invoke(BaseModelMBean.java:300) [tomcat-coyote.jar:8.0.30]
	at com.sun.jmx.interceptor.DefaultMBeanServerInterceptor.invoke(DefaultMBeanServerInterceptor.java:819) [na:1.8.0_45]
	at com.sun.jmx.mbeanserver.JmxMBeanServer.invoke(JmxMBeanServer.java:801) [na:1.8.0_45]
	at javax.management.remote.rmi.RMIConnectionImpl.doOperation(RMIConnectionImpl.java:1466) [na:1.8.0_45]
	at javax.management.remote.rmi.RMIConnectionImpl.access$300(RMIConnectionImpl.java:76) [na:1.8.0_45]
	at javax.management.remote.rmi.RMIConnectionImpl$PrivilegedOperation.run(RMIConnectionImpl.java:1307) [na:1.8.0_45]
	at javax.management.remote.rmi.RMIConnectionImpl.doPrivilegedOperation(RMIConnectionImpl.java:1399) [na:1.8.0_45]
	at javax.management.remote.rmi.RMIConnectionImpl.invoke(RMIConnectionImpl.java:828) [na:1.8.0_45]
	at sun.reflect.NativeMethodAccessorImpl.invoke0(Native Method) ~[na:1.8.0_45]
	at sun.reflect.NativeMethodAccessorImpl.invoke(NativeMethodAccessorImpl.java:62) ~[na:1.8.0_45]
	at sun.reflect.DelegatingMethodAccessorImpl.invoke(DelegatingMethodAccessorImpl.java:43) ~[na:1.8.0_45]
	at java.lang.reflect.Method.invoke(Method.java:497) ~[na:1.8.0_45]
	at sun.rmi.server.UnicastServerRef.dispatch(UnicastServerRef.java:323) [na:1.8.0_45]
	at sun.rmi.transport.Transport$1.run(Transport.java:200) [na:1.8.0_45]
	at sun.rmi.transport.Transport$1.run(Transport.java:197) [na:1.8.0_45]
	at java.security.AccessController.doPrivileged(Native Method) [na:1.8.0_45]
	at sun.rmi.transport.Transport.serviceCall(Transport.java:196) [na:1.8.0_45]
	at sun.rmi.transport.tcp.TCPTransport.handleMessages(TCPTransport.java:568) [na:1.8.0_45]
	at sun.rmi.transport.tcp.TCPTransport$ConnectionHandler.run0(TCPTransport.java:826) [na:1.8.0_45]
	at sun.rmi.transport.tcp.TCPTransport$ConnectionHandler.lambda$run$254(TCPTransport.java:683) [na:1.8.0_45]
	at sun.rmi.transport.tcp.TCPTransport$ConnectionHandler$$Lambda$1/1201237970.run(Unknown Source) [na:1.8.0_45]
	at java.security.AccessController.doPrivileged(Native Method) [na:1.8.0_45]
	at sun.rmi.transport.tcp.TCPTransport$ConnectionHandler.run(TCPTransport.java:682) [na:1.8.0_45]
	at java.util.concurrent.ThreadPoolExecutor.runWorker(ThreadPoolExecutor.java:1142) [na:1.8.0_45]
	at java.util.concurrent.ThreadPoolExecutor$Worker.run(ThreadPoolExecutor.java:617) [na:1.8.0_45]
	at java.lang.Thread.run(Thread.java:745) [na:1.8.0_45]
Caused by: org.springframework.beans.factory.BeanDefinitionStoreException: Unexpected exception parsing XML document from class path resource [META-INF/spring/datasource-tx-jpa.xml]; nested exception is java.lang.NoSuchMethodError: org.springframework.beans.factory.xml.XmlReaderContext.getEnvironment()Lorg/springframework/core/env/Environment;
	at org.springframework.beans.factory.xml.XmlBeanDefinitionReader.doLoadBeanDefinitions(XmlBeanDefinitionReader.java:413) ~[spring-beans-4.0.2.RELEASE.jar:4.0.2.RELEASE]
	at org.springframework.beans.factory.xml.XmlBeanDefinitionReader.loadBeanDefinitions(XmlBeanDefinitionReader.java:335) ~[spring-beans-4.0.2.RELEASE.jar:4.0.2.RELEASE]
	at org.springframework.beans.factory.xml.XmlBeanDefinitionReader.loadBeanDefinitions(XmlBeanDefinitionReader.java:303) ~[spring-beans-4.0.2.RELEASE.jar:4.0.2.RELEASE]
	at org.springframework.beans.factory.support.AbstractBeanDefinitionReader.loadBeanDefinitions(AbstractBeanDefinitionReader.java:180) ~[spring-beans-4.0.2.RELEASE.jar:4.0.2.RELEASE]
	at org.springframework.beans.factory.support.AbstractBeanDefinitionReader.loadBeanDefinitions(AbstractBeanDefinitionReader.java:216) ~[spring-beans-4.0.2.RELEASE.jar:4.0.2.RELEASE]
	at org.springframework.beans.factory.xml.DefaultBeanDefinitionDocumentReader.importBeanDefinitionResource(DefaultBeanDefinitionDocumentReader.java:242) ~[spring-beans-4.0.2.RELEASE.jar:4.0.2.RELEASE]
	... 65 common frames omitted
Caused by: java.lang.NoSuchMethodError: org.springframework.beans.factory.xml.XmlReaderContext.getEnvironment()Lorg/springframework/core/env/Environment;
	at org.springframework.data.repository.config.RepositoryBeanDefinitionParser.parse(RepositoryBeanDefinitionParser.java:64) ~[spring-data-commons-1.11.0.RELEASE.jar:na]
	at org.springframework.beans.factory.xml.NamespaceHandlerSupport.parse(NamespaceHandlerSupport.java:74) ~[spring-beans-4.0.2.RELEASE.jar:4.0.2.RELEASE]
	at org.springframework.beans.factory.xml.BeanDefinitionParserDelegate.parseCustomElement(BeanDefinitionParserDelegate.java:1424) ~[spring-beans-4.0.2.RELEASE.jar:4.0.2.RELEASE]
	at org.springframework.beans.factory.xml.BeanDefinitionParserDelegate.parseCustomElement(BeanDefinitionParserDelegate.java:1414) ~[spring-beans-4.0.2.RELEASE.jar:4.0.2.RELEASE]
	at org.springframework.beans.factory.xml.DefaultBeanDefinitionDocumentReader.parseBeanDefinitions(DefaultBeanDefinitionDocumentReader.java:187) ~[spring-beans-4.0.2.RELEASE.jar:4.0.2.RELEASE]
	at org.springframework.beans.factory.xml.DefaultBeanDefinitionDocumentReader.doRegisterBeanDefinitions(DefaultBeanDefinitionDocumentReader.java:141) ~[spring-beans-4.0.2.RELEASE.jar:4.0.2.RELEASE]
	at org.springframework.beans.factory.xml.DefaultBeanDefinitionDocumentReader.registerBeanDefinitions(DefaultBeanDefinitionDocumentReader.java:110) ~[spring-beans-4.0.2.RELEASE.jar:4.0.2.RELEASE]
	at org.springframework.beans.factory.xml.XmlBeanDefinitionReader.registerBeanDefinitions(XmlBeanDefinitionReader.java:508) ~[spring-beans-4.0.2.RELEASE.jar:4.0.2.RELEASE]
	at org.springframework.beans.factory.xml.XmlBeanDefinitionReader.doLoadBeanDefinitions(XmlBeanDefinitionReader.java:391) ~[spring-beans-4.0.2.RELEASE.jar:4.0.2.RELEASE]
	... 70 common frames omitted
2019-01-30 13:23:55 INFO  [RMI TCP Connection(3)-127.0.0.1:AbstractApplicationContext.java:873]: Closing Root WebApplicationContext: startup date [Wed Jan 30 13:23:54 EET 2019]; root of context hierarchy

2019-01-30 13:23:55 WARN  [RMI TCP Connection(3)-127.0.0.1:AbstractApplicationContext.java:883]: Exception thrown from ApplicationListener handling ContextClosedEvent

java.lang.IllegalStateException: ApplicationEventMulticaster not initialized - call 'refresh' before multicasting events via the context: Root WebApplicationContext: startup date [Wed Jan 30 13:23:54 EET 2019]; root of context hierarchy
	at org.springframework.context.support.AbstractApplicationContext.getApplicationEventMulticaster(AbstractApplicationContext.java:346) [spring-context-4.0.2.RELEASE.jar:4.0.2.RELEASE]
	at org.springframework.context.support.AbstractApplicationContext.publishEvent(AbstractApplicationContext.java:333) [spring-context-4.0.2.RELEASE.jar:4.0.2.RELEASE]
	at org.springframework.context.support.AbstractApplicationContext.doClose(AbstractApplicationContext.java:880) [spring-context-4.0.2.RELEASE.jar:4.0.2.RELEASE]
	at org.springframework.context.support.AbstractApplicationContext.close(AbstractApplicationContext.java:841) [spring-context-4.0.2.RELEASE.jar:4.0.2.RELEASE]
	at org.springframework.web.context.ContextLoader.closeWebApplicationContext(ContextLoader.java:579) [spring-web-4.0.2.RELEASE.jar:4.0.2.RELEASE]
	at org.springframework.web.context.ContextLoaderListener.contextDestroyed(ContextLoaderListener.java:115) [spring-web-4.0.2.RELEASE.jar:4.0.2.RELEASE]
	at org.apache.catalina.core.StandardContext.listenerStop(StandardContext.java:4859) [catalina.jar:8.0.30]
	at org.apache.catalina.core.StandardContext.stopInternal(StandardContext.java:5478) [catalina.jar:8.0.30]
	at org.apache.catalina.util.LifecycleBase.stop(LifecycleBase.java:232) [catalina.jar:8.0.30]
	at org.apache.catalina.util.LifecycleBase.start(LifecycleBase.java:160) [catalina.jar:8.0.30]
	at org.apache.catalina.core.ContainerBase.addChildInternal(ContainerBase.java:725) [catalina.jar:8.0.30]
	at org.apache.catalina.core.ContainerBase.addChild(ContainerBase.java:701) [catalina.jar:8.0.30]
	at org.apache.catalina.core.StandardHost.addChild(StandardHost.java:717) [catalina.jar:8.0.30]
	at org.apache.catalina.startup.HostConfig.manageApp(HostConfig.java:1675) [catalina.jar:8.0.30]
	at sun.reflect.NativeMethodAccessorImpl.invoke0(Native Method) ~[na:1.8.0_45]
	at sun.reflect.NativeMethodAccessorImpl.invoke(NativeMethodAccessorImpl.java:62) ~[na:1.8.0_45]
	at sun.reflect.DelegatingMethodAccessorImpl.invoke(DelegatingMethodAccessorImpl.java:43) ~[na:1.8.0_45]
	at java.lang.reflect.Method.invoke(Method.java:497) ~[na:1.8.0_45]
	at org.apache.tomcat.util.modeler.BaseModelMBean.invoke(BaseModelMBean.java:300) [tomcat-coyote.jar:8.0.30]
	at com.sun.jmx.interceptor.DefaultMBeanServerInterceptor.invoke(DefaultMBeanServerInterceptor.java:819) [na:1.8.0_45]
	at com.sun.jmx.mbeanserver.JmxMBeanServer.invoke(JmxMBeanServer.java:801) [na:1.8.0_45]
	at org.apache.catalina.mbeans.MBeanFactory.createStandardContext(MBeanFactory.java:465) [catalina.jar:8.0.30]
	at org.apache.catalina.mbeans.MBeanFactory.createStandardContext(MBeanFactory.java:415) [catalina.jar:8.0.30]
	at sun.reflect.NativeMethodAccessorImpl.invoke0(Native Method) ~[na:1.8.0_45]
	at sun.reflect.NativeMethodAccessorImpl.invoke(NativeMethodAccessorImpl.java:62) ~[na:1.8.0_45]
	at sun.reflect.DelegatingMethodAccessorImpl.invoke(DelegatingMethodAccessorImpl.java:43) ~[na:1.8.0_45]
	at java.lang.reflect.Method.invoke(Method.java:497) ~[na:1.8.0_45]
	at org.apache.tomcat.util.modeler.BaseModelMBean.invoke(BaseModelMBean.java:300) [tomcat-coyote.jar:8.0.30]
	at com.sun.jmx.interceptor.DefaultMBeanServerInterceptor.invoke(DefaultMBeanServerInterceptor.java:819) [na:1.8.0_45]
	at com.sun.jmx.mbeanserver.JmxMBeanServer.invoke(JmxMBeanServer.java:801) [na:1.8.0_45]
	at javax.management.remote.rmi.RMIConnectionImpl.doOperation(RMIConnectionImpl.java:1466) [na:1.8.0_45]
	at javax.management.remote.rmi.RMIConnectionImpl.access$300(RMIConnectionImpl.java:76) [na:1.8.0_45]
	at javax.management.remote.rmi.RMIConnectionImpl$PrivilegedOperation.run(RMIConnectionImpl.java:1307) [na:1.8.0_45]
	at javax.management.remote.rmi.RMIConnectionImpl.doPrivilegedOperation(RMIConnectionImpl.java:1399) [na:1.8.0_45]
	at javax.management.remote.rmi.RMIConnectionImpl.invoke(RMIConnectionImpl.java:828) [na:1.8.0_45]
	at sun.reflect.NativeMethodAccessorImpl.invoke0(Native Method) ~[na:1.8.0_45]
	at sun.reflect.NativeMethodAccessorImpl.invoke(NativeMethodAccessorImpl.java:62) ~[na:1.8.0_45]
	at sun.reflect.DelegatingMethodAccessorImpl.invoke(DelegatingMethodAccessorImpl.java:43) ~[na:1.8.0_45]
	at java.lang.reflect.Method.invoke(Method.java:497) ~[na:1.8.0_45]
	at sun.rmi.server.UnicastServerRef.dispatch(UnicastServerRef.java:323) [na:1.8.0_45]
	at sun.rmi.transport.Transport$1.run(Transport.java:200) [na:1.8.0_45]
	at sun.rmi.transport.Transport$1.run(Transport.java:197) [na:1.8.0_45]
	at java.security.AccessController.doPrivileged(Native Method) [na:1.8.0_45]
	at sun.rmi.transport.Transport.serviceCall(Transport.java:196) [na:1.8.0_45]
	at sun.rmi.transport.tcp.TCPTransport.handleMessages(TCPTransport.java:568) [na:1.8.0_45]
	at sun.rmi.transport.tcp.TCPTransport$ConnectionHandler.run0(TCPTransport.java:826) [na:1.8.0_45]
	at sun.rmi.transport.tcp.TCPTransport$ConnectionHandler.lambda$run$254(TCPTransport.java:683) [na:1.8.0_45]
	at sun.rmi.transport.tcp.TCPTransport$ConnectionHandler$$Lambda$1/1201237970.run(Unknown Source) [na:1.8.0_45]
	at java.security.AccessController.doPrivileged(Native Method) [na:1.8.0_45]
	at sun.rmi.transport.tcp.TCPTransport$ConnectionHandler.run(TCPTransport.java:682) [na:1.8.0_45]
	at java.util.concurrent.ThreadPoolExecutor.runWorker(ThreadPoolExecutor.java:1142) [na:1.8.0_45]
	at java.util.concurrent.ThreadPoolExecutor$Worker.run(ThreadPoolExecutor.java:617) [na:1.8.0_45]
	at java.lang.Thread.run(Thread.java:745) [na:1.8.0_45]
2019-01-30 13:23:55 WARN  [RMI TCP Connection(3)-127.0.0.1:AbstractApplicationContext.java:891]: Exception thrown from LifecycleProcessor on context close

java.lang.IllegalStateException: LifecycleProcessor not initialized - call 'refresh' before invoking lifecycle methods via the context: Root WebApplicationContext: startup date [Wed Jan 30 13:23:54 EET 2019]; root of context hierarchy
	at org.springframework.context.support.AbstractApplicationContext.getLifecycleProcessor(AbstractApplicationContext.java:359) [spring-context-4.0.2.RELEASE.jar:4.0.2.RELEASE]
	at org.springframework.context.support.AbstractApplicationContext.doClose(AbstractApplicationContext.java:888) [spring-context-4.0.2.RELEASE.jar:4.0.2.RELEASE]
	at org.springframework.context.support.AbstractApplicationContext.close(AbstractApplicationContext.java:841) [spring-context-4.0.2.RELEASE.jar:4.0.2.RELEASE]
	at org.springframework.web.context.ContextLoader.closeWebApplicationContext(ContextLoader.java:579) [spring-web-4.0.2.RELEASE.jar:4.0.2.RELEASE]
	at org.springframework.web.context.ContextLoaderListener.contextDestroyed(ContextLoaderListener.java:115) [spring-web-4.0.2.RELEASE.jar:4.0.2.RELEASE]
	at org.apache.catalina.core.StandardContext.listenerStop(StandardContext.java:4859) [catalina.jar:8.0.30]
	at org.apache.catalina.core.StandardContext.stopInternal(StandardContext.java:5478) [catalina.jar:8.0.30]
	at org.apache.catalina.util.LifecycleBase.stop(LifecycleBase.java:232) [catalina.jar:8.0.30]
	at org.apache.catalina.util.LifecycleBase.start(LifecycleBase.java:160) [catalina.jar:8.0.30]
	at org.apache.catalina.core.ContainerBase.addChildInternal(ContainerBase.java:725) [catalina.jar:8.0.30]
	at org.apache.catalina.core.ContainerBase.addChild(ContainerBase.java:701) [catalina.jar:8.0.30]
	at org.apache.catalina.core.StandardHost.addChild(StandardHost.java:717) [catalina.jar:8.0.30]
	at org.apache.catalina.startup.HostConfig.manageApp(HostConfig.java:1675) [catalina.jar:8.0.30]
	at sun.reflect.NativeMethodAccessorImpl.invoke0(Native Method) ~[na:1.8.0_45]
	at sun.reflect.NativeMethodAccessorImpl.invoke(NativeMethodAccessorImpl.java:62) ~[na:1.8.0_45]
	at sun.reflect.DelegatingMethodAccessorImpl.invoke(DelegatingMethodAccessorImpl.java:43) ~[na:1.8.0_45]
	at java.lang.reflect.Method.invoke(Method.java:497) ~[na:1.8.0_45]
	at org.apache.tomcat.util.modeler.BaseModelMBean.invoke(BaseModelMBean.java:300) [tomcat-coyote.jar:8.0.30]
	at com.sun.jmx.interceptor.DefaultMBeanServerInterceptor.invoke(DefaultMBeanServerInterceptor.java:819) [na:1.8.0_45]
	at com.sun.jmx.mbeanserver.JmxMBeanServer.invoke(JmxMBeanServer.java:801) [na:1.8.0_45]
	at org.apache.catalina.mbeans.MBeanFactory.createStandardContext(MBeanFactory.java:465) [catalina.jar:8.0.30]
	at org.apache.catalina.mbeans.MBeanFactory.createStandardContext(MBeanFactory.java:415) [catalina.jar:8.0.30]
	at sun.reflect.NativeMethodAccessorImpl.invoke0(Native Method) ~[na:1.8.0_45]
	at sun.reflect.NativeMethodAccessorImpl.invoke(NativeMethodAccessorImpl.java:62) ~[na:1.8.0_45]
	at sun.reflect.DelegatingMethodAccessorImpl.invoke(DelegatingMethodAccessorImpl.java:43) ~[na:1.8.0_45]
	at java.lang.reflect.Method.invoke(Method.java:497) ~[na:1.8.0_45]
	at org.apache.tomcat.util.modeler.BaseModelMBean.invoke(BaseModelMBean.java:300) [tomcat-coyote.jar:8.0.30]
	at com.sun.jmx.interceptor.DefaultMBeanServerInterceptor.invoke(DefaultMBeanServerInterceptor.java:819) [na:1.8.0_45]
	at com.sun.jmx.mbeanserver.JmxMBeanServer.invoke(JmxMBeanServer.java:801) [na:1.8.0_45]
	at javax.management.remote.rmi.RMIConnectionImpl.doOperation(RMIConnectionImpl.java:1466) [na:1.8.0_45]
	at javax.management.remote.rmi.RMIConnectionImpl.access$300(RMIConnectionImpl.java:76) [na:1.8.0_45]
	at javax.management.remote.rmi.RMIConnectionImpl$PrivilegedOperation.run(RMIConnectionImpl.java:1307) [na:1.8.0_45]
	at javax.management.remote.rmi.RMIConnectionImpl.doPrivilegedOperation(RMIConnectionImpl.java:1399) [na:1.8.0_45]
	at javax.management.remote.rmi.RMIConnectionImpl.invoke(RMIConnectionImpl.java:828) [na:1.8.0_45]
	at sun.reflect.NativeMethodAccessorImpl.invoke0(Native Method) ~[na:1.8.0_45]
	at sun.reflect.NativeMethodAccessorImpl.invoke(NativeMethodAccessorImpl.java:62) ~[na:1.8.0_45]
	at sun.reflect.DelegatingMethodAccessorImpl.invoke(DelegatingMethodAccessorImpl.java:43) ~[na:1.8.0_45]
	at java.lang.reflect.Method.invoke(Method.java:497) ~[na:1.8.0_45]
	at sun.rmi.server.UnicastServerRef.dispatch(UnicastServerRef.java:323) [na:1.8.0_45]
	at sun.rmi.transport.Transport$1.run(Transport.java:200) [na:1.8.0_45]
	at sun.rmi.transport.Transport$1.run(Transport.java:197) [na:1.8.0_45]
	at java.security.AccessController.doPrivileged(Native Method) [na:1.8.0_45]
	at sun.rmi.transport.Transport.serviceCall(Transport.java:196) [na:1.8.0_45]
	at sun.rmi.transport.tcp.TCPTransport.handleMessages(TCPTransport.java:568) [na:1.8.0_45]
	at sun.rmi.transport.tcp.TCPTransport$ConnectionHandler.run0(TCPTransport.java:826) [na:1.8.0_45]
	at sun.rmi.transport.tcp.TCPTransport$ConnectionHandler.lambda$run$254(TCPTransport.java:683) [na:1.8.0_45]
	at sun.rmi.transport.tcp.TCPTransport$ConnectionHandler$$Lambda$1/1201237970.run(Unknown Source) [na:1.8.0_45]
	at java.security.AccessController.doPrivileged(Native Method) [na:1.8.0_45]
	at sun.rmi.transport.tcp.TCPTransport$ConnectionHandler.run(TCPTransport.java:682) [na:1.8.0_45]
	at java.util.concurrent.ThreadPoolExecutor.runWorker(ThreadPoolExecutor.java:1142) [na:1.8.0_45]
	at java.util.concurrent.ThreadPoolExecutor$Worker.run(ThreadPoolExecutor.java:617) [na:1.8.0_45]
	at java.lang.Thread.run(Thread.java:745) [na:1.8.0_45]
